2024-03-12 15:34:45,128 - INFO - Scraping post-sitemap...
2024-03-12 15:34:45,478 - WARNING - No <main> element found. For https://www.citadelsecurities.com/news-and-insights/blog-social-media-house-rules/
2024-03-12 15:34:45,876 - WARNING - No <main> element found. For https://www.citadelsecurities.com/news-and-insights/qa-with-pete-giacchi-on-the-future-of-direct-listings/
2024-03-12 15:34:46,246 - WARNING - No <main> element found. For https://www.citadelsecurities.com/news-and-insights/citadel-securities-named-among-2020-best-workplaces-in-chicago-by-great-place-to-work/
2024-03-12 15:34:46,611 - WARNING - No <main> element found. For https://www.citadelsecurities.com/news-and-insights/market-lens-has-market-structure-evolution-made-equities-less-liquid/
2024-03-12 15:34:47,008 - WARNING - No <main> element found. For https://www.citadelsecurities.com/news-and-insights/joe-mecane-interviews-secs-brett-redfearn-2018-sta-conference/
2024-03-12 15:34:47,359 - WARNING - No <main> element found. For https://www.citadelsecurities.com/news-and-insights/small-fish-big-prize-market-makers-eat-banks-lunch/
2024-03-12 15:34:47,759 - WARNING - No <main> element found. For https://www.citadelsecurities.com/news-and-insights/citadel-and-citadel-securities-teams-commit-more-than-40-million-to-support-the-asian-american-foundation/
2024-03-12 15:34:48,136 - WARNING - No <main> element found. For https://www.citadelsecurities.com/news-and-insights/citadel-securities-announces-1-15-billion-investment-from-sequoia-and-paradigm/
2024-03-12 15:34:48,559 - WARNING - No <main> element found. For https://www.citadelsecurities.com/news-and-insights/changes-market-making-impact-technology-regulation-whitepaper/
2024-03-12 15:34:48,950 - WARNING - No <main> element found. For https://www.citadelsecurities.com/news-and-insights/break-through-tech-announces-26-million-investment-to-increase-the-number-of-women-in-artificial-intelligence/
2024-03-12 15:34:49,465 - WARNING - No <main> element found. For https://www.citadelsecurities.com/news-and-insights/citadel-and-citadel-securities-support-new-effort-to-close-the-digital-divide-and-ensure-that-no-home-is-left-offline/
2024-03-12 15:34:50,037 - WARNING - No <main> element found. For https://www.citadelsecurities.com/news-and-insights/citadel-securities-opens-tokyo-office-continuing-global-expansion/
2024-03-12 15:34:50,430 - WARNING - No <main> element found. For https://www.citadelsecurities.com/news-and-insights/500-schools-with-significant-black-student-populations-will-offer-ap-computer-science-principles-with-new-funding-from-ken-griffin-citadel-and-citadel-securities/
2024-03-12 15:34:50,903 - WARNING - No <main> element found. For https://www.citadelsecurities.com/news-and-insights/reinventing-ipo-ticket-qa-new-york-stock-exchanges-archivist/
2024-03-12 15:34:51,313 - WARNING - No <main> element found. For https://www.citadelsecurities.com/news-and-insights/bloomberg-citadel-deepens-reach-wall-streets-bond-dealing-stronghold/
2024-03-12 15:34:51,721 - WARNING - No <main> element found. For https://www.citadelsecurities.com/news-and-insights/2017-risk-awards-shine-light-risk-center-citadel/
2024-03-12 15:34:52,234 - WARNING - No <main> element found. For https://www.citadelsecurities.com/news-and-insights/bloomberg-citadel-securities-lean-mean-derivatives-machine-2/
2024-03-12 15:34:52,749 - WARNING - No <main> element found. For https://www.citadelsecurities.com/news-and-insights/bloomberg-citadel-securities-grows-credit-default-swaps-market-share-launches-eur-credit-2/
2024-03-12 15:34:53,129 - WARNING - No <main> element found. For https://www.citadelsecurities.com/news-and-insights/photo-highlights-nyse-opening-bell-ringing/
2024-03-12 15:34:53,476 - WARNING - No <main> element found. For https://www.citadelsecurities.com/news-and-insights/tune-watch-citadel-securities-ring-nyse-opening-bell/
2024-03-12 15:34:53,974 - WARNING - No <main> element found. For https://www.citadelsecurities.com/news-and-insights/citadel-securities-opening-doors-dublin-2/
2024-03-12 15:34:54,380 - WARNING - No <main> element found. For https://www.citadelsecurities.com/news-and-insights/citadel-securities-acquires-automated-trading-desk-assets-citi-2/
2024-03-12 15:34:54,793 - WARNING - No <main> element found. For https://www.citadelsecurities.com/news-and-insights/citadel-securities-become-1-designated-market-maker-nyse/
2024-03-12 15:34:55,203 - WARNING - No <main> element found. For https://www.citadelsecurities.com/news-and-insights/citadel-securities-wins-best-fx-flow-market-maker-e-fx-awards/
2024-03-12 15:34:55,824 - WARNING - No <main> element found. For https://www.citadelsecurities.com/news-and-insights/what-it-takes-to-become-an-intern-at-citadel-securities/
2024-03-12 15:34:56,228 - WARNING - No <main> element found. For https://www.citadelsecurities.com/news-and-insights/maximizing-your-career-potential-at-citadel-securities/
2024-03-12 15:34:56,635 - WARNING - No <main> element found. For https://www.citadelsecurities.com/news-and-insights/ask-trader-preparing-day-one-trader/
2024-03-12 15:34:56,997 - WARNING - No <main> element found. For https://www.citadelsecurities.com/news-and-insights/juniors-prepare-internship-financial-services/
2024-03-12 15:34:57,456 - WARNING - No <main> element found. For https://www.citadelsecurities.com/news-and-insights/ask-trader-skills-refine-2019/
2024-03-12 15:34:57,970 - WARNING - No <main> element found. For https://www.citadelsecurities.com/news-and-insights/ask-trader-key-skills-successful-traders/
2024-03-12 15:34:58,990 - WARNING - No <main> element found. For https://www.citadelsecurities.com/news-and-insights/rising-star-award-winner-offers-career-advice-women-finance/
2024-03-12 15:34:59,361 - WARNING - No <main> element found. For https://www.citadelsecurities.com/news-and-insights/worth-share-mentoring-continues-build-momentum-among-innovative-organizations/
2024-03-12 15:34:59,737 - WARNING - No <main> element found. For https://www.citadelsecurities.com/news-and-insights/worth-share-5-things-can-succeed-first-job/
2024-03-12 15:35:00,092 - WARNING - No <main> element found. For https://www.citadelsecurities.com/news-and-insights/internship-tips-top-10-ways-get-summer-financial-services/
2024-03-12 15:35:00,527 - WARNING - No <main> element found. For https://www.citadelsecurities.com/news-and-insights/good-bad-ugly-ways-talk-recruiters-campus/
2024-03-12 15:35:01,041 - WARNING - No <main> element found. For https://www.citadelsecurities.com/news-and-insights/ifr-magazine-names-citadel-securities-2015-interest-rate-derivatives-house-year/
2024-03-12 15:35:01,451 - WARNING - No <main> element found. For https://www.citadelsecurities.com/news-and-insights/citadel-securities-named-interest-rate-derivatives-house-year-risk-magazine-2/
2024-03-12 15:35:01,810 - WARNING - No <main> element found. For https://www.citadelsecurities.com/news-and-insights/citadel-joins-lch-clearnets-swaps-clearing-house/
2024-03-12 15:35:02,268 - WARNING - No <main> element found. For https://www.citadelsecurities.com/news-and-insights/layla-royer-among-the-50-leading-women-in-hedge-funds/
2024-03-12 15:35:02,668 - WARNING - No <main> element found. For https://www.citadelsecurities.com/news-and-insights/citadel-and-citadel-securities-partner-with-thrive-scholars-to-unlock-opportunities-for-high-achieving-students-of-color-from-low-income-communities/
2024-03-12 15:35:03,700 - WARNING - No <main> element found. For https://www.citadelsecurities.com/news-and-insights/citadel-and-citadel-securities-and-the-bill-melinda-gates-foundation-to-increase-the-supply-of-medical-oxygen-in-india/
2024-03-12 15:35:04,127 - WARNING - No <main> element found. For https://www.citadelsecurities.com/news-and-insights/inside-the-citadel-citadel-securities-internship-program-that-had-33000-applicants-this-year/
2024-03-12 15:35:04,521 - WARNING - No <main> element found. For https://www.citadelsecurities.com/news-and-insights/william-archbell-describes-his-career-journey-from-video-game-designer-to-citadel-securities-engineer/
2024-03-12 15:35:05,302 - WARNING - Some characters could not be decoded, and were replaced with REPLACEMENT CHARACTER.
2024-03-12 15:35:05,315 - WARNING - No <main> element found. For https://www.citadelsecurities.com/news-and-insights/read-the-citadel-securities-white-paper-on-enhancing-competition-transparency-and-resiliency-in-u-s-financial-markets/
2024-03-12 15:35:05,689 - WARNING - No <main> element found. For https://www.citadelsecurities.com/news-and-insights/joe-mecane-joins-citadel-securities-as-head-of-execution-services/
2024-03-12 15:35:06,062 - WARNING - No <main> element found. For https://www.citadelsecurities.com/news-and-insights/better-faster-cheaper-jamil-nazarali-state-equity-markets/
2024-03-12 15:35:06,462 - WARNING - No <main> element found. For https://www.citadelsecurities.com/news-and-insights/business-insider-a-look-inside-our-summer-internship-experience/
2024-03-12 15:35:06,817 - WARNING - No <main> element found. For https://www.citadelsecurities.com/news-and-insights/business-insider-ken-griffins-advice-to-our-interns/
2024-03-12 15:35:07,206 - WARNING - No <main> element found. For https://www.citadelsecurities.com/news-and-insights/meet-vahe-musoyan-one-of-wall-streets-rising-stars/
2024-03-12 15:35:07,684 - WARNING - No <main> element found. For https://www.citadelsecurities.com/news-and-insights/how-can-our-support-as-dmm-improve-etf-trading-on-the-nyse-floor/
2024-03-12 15:35:08,141 - WARNING - No <main> element found. For https://www.citadelsecurities.com/news-and-insights/worth-share-business-insider-citadel-securities-designated-market-making-business/
2024-03-12 15:35:09,233 - WARNING - No <main> element found. For https://www.citadelsecurities.com/news-and-insights/a-unique-and-immersive-experience-for-our-2020-intern-class/
2024-03-12 15:35:09,644 - WARNING - No <main> element found. For https://www.citadelsecurities.com/news-and-insights/citadel-securities-named-to-fast-companys-annual-list-of-the-worlds-most-innovative-companies/
2024-03-12 15:35:10,041 - WARNING - No <main> element found. For https://www.citadelsecurities.com/news-and-insights/peng-zhao-named-to-fortune-magazines-40-under-40-list/
2024-03-12 15:35:10,461 - WARNING - No <main> element found. For https://www.citadelsecurities.com/news-and-insights/how-troy-kane-went-from-a-14-year-old-trading-floor-clerk-to-global-head-of-derivatives-and-ficc-development/
2024-03-12 15:35:10,873 - WARNING - No <main> element found. For https://www.citadelsecurities.com/news-and-insights/ken-griffin-provides-lead-funding-for-new-initiative-to-bridge-the-digital-divide-in-miami-dade-county/
2024-03-12 15:35:11,280 - WARNING - No <main> element found. For https://www.citadelsecurities.com/news-and-insights/citadel-securities-wins-leading-industry-awards/
2024-03-12 15:35:11,807 - WARNING - No <main> element found. For https://www.citadelsecurities.com/news-and-insights/citadel-securities-ranked-2-on-the-2022-linkedin-top-companies-list-in-financial-services/
2024-03-12 15:35:12,304 - WARNING - No <main> element found. For https://www.citadelsecurities.com/news-and-insights/citadel-to-relocate-hq-from-chicago-to-miami/
2024-03-12 15:35:12,709 - WARNING - No <main> element found. For https://www.citadelsecurities.com/news-and-insights/fx-week-citadel-securities-steps-push-disclosed-trading-space/
2024-03-12 15:35:13,090 - WARNING - No <main> element found. For https://www.citadelsecurities.com/news-and-insights/ft-top-nyse-trader-readies-for-uber-ipo-scrum/
2024-03-12 15:35:13,536 - WARNING - No <main> element found. For https://www.citadelsecurities.com/news-and-insights/citadel-and-citadel-securities-launch-summer-externship-to-develop-the-next-generation-of-diverse-talent-in-finance/
2024-03-12 15:35:13,944 - WARNING - No <main> element found. For https://www.citadelsecurities.com/news-and-insights/citadel-securities-expands-leading-dmm-business/
2024-03-12 15:35:14,354 - WARNING - No <main> element found. For https://www.citadelsecurities.com/news-and-insights/how-superior-tech-turned-bloomberg-blackrock-and-citadel-into-finance-juggernauts-and-redefined-wall-street-success/
2024-03-12 15:35:14,762 - WARNING - No <main> element found. For https://www.citadelsecurities.com/news-and-insights/market-lens-why-restricting-cancel-rates-can-increase-bid-ask-spreads/
2024-03-12 15:35:15,173 - WARNING - No <main> element found. For https://www.citadelsecurities.com/news-and-insights/market-lens-exchange-best-practices-for-reducing-operational-risk-at-broker-dealers/
2024-03-12 15:35:15,579 - WARNING - No <main> element found. For https://www.citadelsecurities.com/news-and-insights/market-lens-recommended-best-practices-to-enhance-exchange-recovery-mitigate-the-impact-of-outages/
2024-03-12 15:35:15,993 - WARNING - No <main> element found. For https://www.citadelsecurities.com/news-and-insights/market-lens-why-do-electronic-traders-cancel-orders/
2024-03-12 15:35:16,349 - WARNING - No <main> element found. For https://www.citadelsecurities.com/news-and-insights/market-lens-landing-tick-size-pilot/
2024-03-12 15:35:16,924 - WARNING - No <main> element found. For https://www.citadelsecurities.com/news-and-insights/market-lens-unlevel-playing-field-what-605s-can-tell-us-about-tick-sizes/
2024-03-12 15:35:17,324 - WARNING - No <main> element found. For https://www.citadelsecurities.com/news-and-insights/the-citadel-securities-team-is-rapidly-expanding-in-sydney/
2024-03-12 15:35:17,724 - WARNING - No <main> element found. For https://www.citadelsecurities.com/news-and-insights/i-interned-at-google-meta-and-citadel-securities-i-chose-citadel-securities/
2024-03-12 15:35:18,125 - WARNING - No <main> element found. For https://www.citadelsecurities.com/news-and-insights/ceo-peng-zhao-profiled-in-bloomberg-businessweek-ken-griffins-hand-picked-math-prodigy-runs-market-making-empire/
2024-03-12 15:35:18,564 - WARNING - No <main> element found. For https://www.citadelsecurities.com/news-and-insights/why-citadel-internships-are-more-competitive-than-ever/
2024-03-12 15:35:18,958 - WARNING - No <main> element found. For https://www.citadelsecurities.com/news-and-insights/soeren-kuenzels-journey-from-intern-to-head-of-foreign-exchange/
2024-03-12 15:35:19,985 - WARNING - No <main> element found. For https://www.citadelsecurities.com/news-and-insights/citadel-securities-partners-with-google-for-harvard-heart-research/
2024-03-12 15:35:20,600 - WARNING - No <main> element found. For https://www.citadelsecurities.com/news-and-insights/ken-griffin-featured-in-leaders-magazine/
2024-03-12 15:35:21,009 - WARNING - No <main> element found. For https://www.citadelsecurities.com/news-and-insights/insider-heres-what-you-need-to-know-to-land-an-engineering-role-at-citadel-securities/
2024-03-12 15:35:21,423 - WARNING - No <main> element found. For https://www.citadelsecurities.com/news-and-insights/summer-externship-expands-in-its-sophomore-year/
2024-03-12 15:35:21,830 - WARNING - No <main> element found. For https://www.citadelsecurities.com/news-and-insights/insiders-2023-rising-star-yi-yi/
2024-03-12 15:35:22,246 - WARNING - No <main> element found. For https://www.citadelsecurities.com/news-and-insights/our-training-course-for-new-traders/
2024-03-12 15:35:22,749 - WARNING - No <main> element found. For https://www.citadelsecurities.com/news-and-insights/spotlighting-citadel-securities-head-of-dmm-floor-trading-pete-giacchi/
2024-03-12 15:35:23,157 - WARNING - No <main> element found. For https://www.citadelsecurities.com/news-and-insights/expanding-access-to-free-high-quality-online-tutoring-to-students-around-the-world/
2024-03-12 15:35:23,570 - WARNING - No <main> element found. For https://www.citadelsecurities.com/news-and-insights/bridging-the-gap-highlights-from-the-greenwood-projects-summer-fintech-institute/
2024-03-12 15:35:23,980 - WARNING - No <main> element found. For https://www.citadelsecurities.com/news-and-insights/partnering-with-correlation-one-to-increase-diversity-in-data-engineering/
2024-03-12 15:35:24,365 - WARNING - No <main> element found. For https://www.citadelsecurities.com/news-and-insights/winners-announced-in-education-technology-competition-sponsored-by-ken-griffin-citadel-citadel-securities/
2024-03-12 15:35:25,003 - WARNING - No <main> element found. For https://www.citadelsecurities.com/news-and-insights/sponsoring-the-ukrainian-olympiad-teams-supporting-the-continued-education-of-stem-talent/
2024-03-12 15:35:25,415 - WARNING - No <main> element found. For https://www.citadelsecurities.com/news-and-insights/insider-how-new-hires-are-making-an-impact-during-garden-leave/
2024-03-12 15:35:25,824 - WARNING - No <main> element found. For https://www.citadelsecurities.com/news-and-insights/road-ahead-finance-looks-different-whats-behind/
2024-03-12 15:35:26,220 - WARNING - No <main> element found. For https://www.citadelsecurities.com/news-and-insights/working-citadel-fortune-great-place-work-rank-firm-top-50-best-workplace-recent-graduates/
2024-03-12 15:35:26,634 - WARNING - No <main> element found. For https://www.citadelsecurities.com/news-and-insights/official-citadel-securities-1-designated-market-maker-nyse/
2024-03-12 15:35:27,023 - WARNING - No <main> element found. For https://www.citadelsecurities.com/news-and-insights/navigate-sea-data-ask-fundamental-analyst/
2024-03-12 15:35:27,386 - WARNING - No <main> element found. For https://www.citadelsecurities.com/news-and-insights/tech-career-roadmap-tech-vs-finance-josh-woods/
2024-03-12 15:35:27,746 - WARNING - No <main> element found. For https://www.citadelsecurities.com/news-and-insights/joe-mecane-lessons-15-year-track-record/
2024-03-12 15:35:28,102 - WARNING - No <main> element found. For https://www.citadelsecurities.com/news-and-insights/citadel-securities-conversations-frank-krepelka-110-careers-trading/
2024-03-12 15:35:28,463 - WARNING - No <main> element found. For https://www.citadelsecurities.com/news-and-insights/ask-trader-structure-financial-markets/
2024-03-12 15:35:28,853 - WARNING - No <main> element found. For https://www.citadelsecurities.com/news-and-insights/ken-griffin-role-market-maker-ten-years-08-financial-crisis/
2024-03-12 15:35:29,226 - WARNING - No <main> element found. For https://www.citadelsecurities.com/news-and-insights/paul-hamill-potential-rule-changes-swap-trading-platforms/
2024-03-12 15:35:29,571 - WARNING - No <main> element found. For https://www.citadelsecurities.com/news-and-insights/ken-griffin-david-rubenstein-peer-peer-conversation/
2024-03-12 15:35:29,933 - WARNING - No <main> element found. For https://www.citadelsecurities.com/news-and-insights/what-is-a-designated-market-maker/
2024-03-12 15:35:30,281 - WARNING - No <main> element found. For https://www.citadelsecurities.com/news-and-insights/what-is-an-etf/
2024-03-12 15:35:30,733 - WARNING - No <main> element found. For https://www.citadelsecurities.com/news-and-insights/what-is-the-history-of-the-derivatives-market/
2024-03-12 15:35:31,150 - WARNING - No <main> element found. For https://www.citadelsecurities.com/news-and-insights/what-is-an-option-and-how-does-it-work/
2024-03-12 15:35:31,556 - WARNING - No <main> element found. For https://www.citadelsecurities.com/news-and-insights/why-do-most-markets-trade-continuously-rather-than-in-auctions/
2024-03-12 15:35:31,921 - WARNING - No <main> element found. For https://www.citadelsecurities.com/news-and-insights/global-exchange-leaders-jonathan-kellner-ceo-of-memx/
2024-03-12 15:35:32,375 - WARNING - No <main> element found. For https://www.citadelsecurities.com/news-and-insights/global-exchange-leaders-lynn-martin-president-of-nyse/
2024-03-12 15:35:32,782 - WARNING - No <main> element found. For https://www.citadelsecurities.com/news-and-insights/how-we-built-our-fixed-income-business/
2024-03-12 15:35:33,210 - WARNING - No <main> element found. For https://www.citadelsecurities.com/news-and-insights/coo-matt-culek-on-how-employees-learn-and-grow/
2024-03-12 15:35:33,565 - WARNING - No <main> element found. For https://www.citadelsecurities.com/news-and-insights/how-does-technology-drive-success-in-the-options-market/
2024-03-12 15:35:34,010 - WARNING - No <main> element found. For https://www.citadelsecurities.com/news-and-insights/how-has-citadel-securities-become-a-major-player-in-the-derivatives-market/
2024-03-12 15:35:34,421 - WARNING - No <main> element found. For https://www.citadelsecurities.com/news-and-insights/how-does-citadel-securities-compete-and-innovate/
2024-03-12 15:35:34,769 - WARNING - No <main> element found. For https://www.citadelsecurities.com/news-and-insights/what-does-the-future-hold-for-the-foreign-exchange-market/
2024-03-12 15:35:35,242 - WARNING - No <main> element found. For https://www.citadelsecurities.com/news-and-insights/how-is-citadel-securities-improving-the-global-fixed-income-market/
2024-03-12 15:35:35,603 - WARNING - No <main> element found. For https://www.citadelsecurities.com/news-and-insights/what-attracts-top-talent-to-citadel-securities/
2024-03-12 15:35:36,059 - WARNING - No <main> element found. For https://www.citadelsecurities.com/news-and-insights/what-draws-top-technology-talent-to-citadel-securities/
2024-03-12 15:35:36,470 - WARNING - No <main> element found. For https://www.citadelsecurities.com/news-and-insights/our-inaugural-womens-datathon/
2024-03-12 15:35:36,823 - WARNING - No <main> element found. For https://www.citadelsecurities.com/news-and-insights/2022-australia-internship-experience/
2024-03-12 15:35:37,285 - WARNING - No <main> element found. For https://www.citadelsecurities.com/news-and-insights/market-lens-equity-market-structure-proposals/
2024-03-12 15:35:37,688 - WARNING - No <main> element found. For https://www.citadelsecurities.com/news-and-insights/citadel-securities-dave-silber-on-the-role-of-emerging-technology/
2024-03-12 15:35:38,107 - WARNING - No <main> element found. For https://www.citadelsecurities.com/news-and-insights/how-does-our-culture-drive-constant-innovation-and-success/
2024-03-12 15:35:38,480 - WARNING - No <main> element found. For https://www.citadelsecurities.com/news-and-insights/citadel-securities-joe-mecane-on-the-secs-equity-market-proposals/
2024-03-12 15:35:39,463 - WARNING - No <main> element found. For https://www.citadelsecurities.com/news-and-insights/market-lens-disclosure-of-order-execution-information-proposal/
2024-03-12 15:35:39,841 - WARNING - No <main> element found. For https://www.citadelsecurities.com/news-and-insights/peng-zhao-at-the-milken-institutes-26th-annual-global-conference/
2024-03-12 15:35:40,274 - WARNING - No <main> element found. For https://www.citadelsecurities.com/news-and-insights/market-lens-tick-size-proposal/
2024-03-12 15:35:40,672 - WARNING - No <main> element found. For https://www.citadelsecurities.com/news-and-insights/market-lens-order-competition-proposal/
2024-03-12 15:35:41,060 - WARNING - No <main> element found. For https://www.citadelsecurities.com/news-and-insights/global-exchange-leaders-edward-tilly-chairman-ceo-of-cboe/
2024-03-12 15:35:41,442 - WARNING - No <main> element found. For https://www.citadelsecurities.com/news-and-insights/how-can-we-make-foreign-exchange-markets-fairer-and-more-transparent/
2024-03-12 15:35:41,830 - WARNING - No <main> element found. For https://www.citadelsecurities.com/news-and-insights/ken-griffin-at-mccombs-school-of-business/
2024-03-12 15:35:42,186 - WARNING - No <main> element found. For https://www.citadelsecurities.com/news-and-insights/peng-zhaos-career-advice-to-citadel-securities-interns/
2024-03-12 15:35:42,568 - WARNING - No <main> element found. For https://www.citadelsecurities.com/news-and-insights/dr-myron-rolles-career-advice-to-citadel-securities-interns/
2024-03-12 15:35:42,947 - WARNING - No <main> element found. For https://www.citadelsecurities.com/news-and-insights/set-up-for-success-learn-about-our-internship-offsites/
2024-03-12 15:35:43,300 - WARNING - No <main> element found. For https://www.citadelsecurities.com/news-and-insights/citadel-securities-2023-phd-summit/
2024-03-12 15:35:43,676 - WARNING - No <main> element found. For https://www.citadelsecurities.com/news-and-insights/ken-griffin-on-campus/
2024-03-12 15:35:44,028 - WARNING - No <main> element found. For https://www.citadelsecurities.com/news-and-insights/dr-lisa-su-chair-ceo-of-amd-on-building-a-high-performance-culture/
2024-03-12 15:35:44,379 - WARNING - No <main> element found. For https://www.citadelsecurities.com/news-and-insights/congratulations-to-the-2023-thrive-scholars-summer-academy-class/
2024-03-12 15:35:44,764 - WARNING - No <main> element found. For https://www.citadelsecurities.com/news-and-insights/how-our-interns-learn-at-citadel-securities/
2024-03-12 15:35:45,165 - WARNING - No <main> element found. For https://www.citadelsecurities.com/news-and-insights/meet-citadels-2023-summer-interns/
2024-03-12 15:35:45,520 - WARNING - No <main> element found. For https://www.citadelsecurities.com/news-and-insights/grace-hopper-celebration-2023-event-recap/
2024-03-12 15:35:45,894 - WARNING - No <main> element found. For https://www.citadelsecurities.com/news-and-insights/citadel-securities-internship-11-weeks-of-extraordinary-growth/
2024-03-12 15:35:46,244 - WARNING - No <main> element found. For https://www.citadelsecurities.com/news-and-insights/citadel-securities-ken-griffin-discusses-the-importance-of-debate/
2024-03-12 15:35:46,607 - WARNING - No <main> element found. For https://www.citadelsecurities.com/news-and-insights/early-careers-engineers-find-growth-opportunities-at-accelerate/
2024-03-12 15:35:46,956 - WARNING - No <main> element found. For https://www.citadelsecurities.com/news-and-insights/a-day-in-the-life-of-a-citadel-securities-intern-param/
2024-03-12 15:35:47,318 - WARNING - No <main> element found. For https://www.citadelsecurities.com/news-and-insights/how-has-the-derivatives-market-evolved-since-the-financial-crisis/
2024-03-12 15:35:47,661 - WARNING - No <main> element found. For https://www.citadelsecurities.com/news-and-insights/market-lens-best-execution-proposal/
2024-03-12 15:35:47,664 - INFO - Scraping page-sitemap...
2024-03-12 15:35:48,005 - WARNING - No <main> element found. For https://www.citadelsecurities.com/
2024-03-12 15:35:48,358 - WARNING - No <main> element found. For https://www.citadelsecurities.com/csec-sftp/
2024-03-12 15:35:49,372 - WARNING - No <main> element found. For https://www.citadelsecurities.com/launch-your-career/the-data-open/apply/
2024-03-12 15:35:50,359 - WARNING - No <main> element found. For https://www.citadelsecurities.com/careers/open-opportunities/markets-trading/
2024-03-12 15:35:50,745 - WARNING - No <main> element found. For https://www.citadelsecurities.com/careers/open-opportunities/quantitative-research/
2024-03-12 15:35:51,191 - WARNING - No <main> element found. For https://www.citadelsecurities.com/careers/open-opportunities/engineering/
2024-03-12 15:35:51,622 - WARNING - No <main> element found. For https://www.citadelsecurities.com/careers/open-opportunities/positions-for-professionals/
2024-03-12 15:35:52,027 - WARNING - No <main> element found. For https://www.citadelsecurities.com/thank-you/
2024-03-12 15:35:52,440 - WARNING - No <main> element found. For https://www.citadelsecurities.com/privacy-notice-for-california-residents/
2024-03-12 15:35:52,789 - WARNING - No <main> element found. For https://www.citadelsecurities.com/terms-of-use/
2024-03-12 15:35:53,251 - WARNING - No <main> element found. For https://www.citadelsecurities.com/disclosures/csec-sftp/
2024-03-12 15:35:53,666 - WARNING - No <main> element found. For https://www.citadelsecurities.com/disclosures/mifid-ii-rts27-bestex-report/
2024-03-12 15:35:54,050 - WARNING - No <main> element found. For https://www.citadelsecurities.com/our-teams/leadership/
2024-03-12 15:35:54,441 - WARNING - No <main> element found. For https://www.citadelsecurities.com/news-and-insights/media-resources/
2024-03-12 15:35:54,898 - WARNING - No <main> element found. For https://www.citadelsecurities.com/disclosures/citadel-securities-fimm-sales-trading-disclosures/
2024-03-12 15:35:55,301 - WARNING - No <main> element found. For https://www.citadelsecurities.com/business-continuity-statement/
2024-03-12 15:35:55,718 - WARNING - No <main> element found. For https://www.citadelsecurities.com/privacy/
2024-03-12 15:35:56,149 - WARNING - No <main> element found. For https://www.citadelsecurities.com/careers/open-opportunities/positions-for-students/
2024-03-12 15:35:56,522 - WARNING - No <main> element found. For https://www.citadelsecurities.com/careers/students/datathons/apply-for-the-datathon/
2024-03-12 15:35:56,944 - WARNING - No <main> element found. For https://www.citadelsecurities.com/careers/quantitative-research/
2024-03-12 15:35:57,363 - WARNING - No <main> element found. For https://www.citadelsecurities.com/news-and-insights/
2024-03-12 15:35:57,769 - WARNING - No <main> element found. For https://www.citadelsecurities.com/careers/engineering/
2024-03-12 15:35:58,118 - WARNING - No <main> element found. For https://www.citadelsecurities.com/what-we-do/what-is-a-market-maker/
2024-03-12 15:35:58,593 - WARNING - No <main> element found. For https://www.citadelsecurities.com/eea-privacy/
2024-03-12 15:35:58,965 - WARNING - No <main> element found. For https://www.citadelsecurities.com/privacy/eea-privacy-french/
2024-03-12 15:35:59,351 - WARNING - No <main> element found. For https://www.citadelsecurities.com/careers/open-opportunities/
2024-03-12 15:35:59,724 - WARNING - No <main> element found. For https://www.citadelsecurities.com/careers/students/
2024-03-12 15:36:00,223 - WARNING - No <main> element found. For https://www.citadelsecurities.com/careers/students/discover-citadel-securities/apply/
2024-03-12 15:36:00,630 - WARNING - No <main> element found. For https://www.citadelsecurities.com/careers/students/discover-citadel-securities/australia/
2024-03-12 15:36:00,983 - WARNING - No <main> element found. For https://www.citadelsecurities.com/careers/students/discover-citadel-securities/hong-kong/
2024-03-12 15:36:01,345 - WARNING - No <main> element found. For https://www.citadelsecurities.com/careers/students/discover-citadel-securities/emea/
2024-03-12 15:36:01,757 - WARNING - No <main> element found. For https://www.citadelsecurities.com/careers/students/discover-citadel-securities/singapore/
2024-03-12 15:36:02,167 - WARNING - No <main> element found. For https://www.citadelsecurities.com/what-we-do/options/
2024-03-12 15:36:02,672 - WARNING - No <main> element found. For https://www.citadelsecurities.com/apply-for-the-citadel-securities-quant-invitational/
2024-03-12 15:36:03,093 - WARNING - No <main> element found. For https://www.citadelsecurities.com/what-we-do/equities/designated-market-maker-dmm/
2024-03-12 15:36:03,492 - WARNING - No <main> element found. For https://www.citadelsecurities.com/notices/fraudulent-website-notice/
2024-03-12 15:36:03,847 - WARNING - No <main> element found. For https://www.citadelsecurities.com/notices/fraudulent-website-notice-chinese-traditional/
2024-03-12 15:36:04,209 - WARNING - No <main> element found. For https://www.citadelsecurities.com/notices/fraudulent-website-notice-chinese-simplified/
2024-03-12 15:36:04,625 - WARNING - No <main> element found. For https://www.citadelsecurities.com/careers/students/the-citadel-securities-quant-invitational/
2024-03-12 15:36:05,035 - WARNING - No <main> element found. For https://www.citadelsecurities.com/apply-for-the-trading-invitational-new-york/
2024-03-12 15:36:05,381 - WARNING - No <main> element found. For https://www.citadelsecurities.com/apply-for-the-trading-invitational-europe/
2024-03-12 15:36:05,732 - WARNING - No <main> element found. For https://www.citadelsecurities.com/apply-for-the-trading-invitational-asia/
2024-03-12 15:36:06,157 - WARNING - No <main> element found. For https://www.citadelsecurities.com/the-trading-invitational-australia/
2024-03-12 15:36:06,666 - WARNING - No <main> element found. For https://www.citadelsecurities.com/disclosures/dodd-frank-material-disclosure-statement/
2024-03-12 15:36:07,302 - WARNING - No <main> element found. For https://www.citadelsecurities.com/careers/students/apply-for-citadel-securities-phd-summit-miami/
2024-03-12 15:36:07,631 - WARNING - No <main> element found. For https://www.citadelsecurities.com/careers/students/apply-for-the-europe-datathon/
2024-03-12 15:36:08,616 - WARNING - No <main> element found. For https://www.citadelsecurities.com/careers/students/apply-for-the-east-coast-regional-datathon/
2024-03-12 15:36:09,114 - WARNING - No <main> element found. For https://www.citadelsecurities.com/news-and-insights/policy-positions/
2024-03-12 15:36:09,436 - WARNING - No <main> element found. For https://www.citadelsecurities.com/our-teams/markets-and-trading-team/
2024-03-12 15:36:09,759 - WARNING - No <main> element found. For https://www.citadelsecurities.com/our-teams/quantitative-research-team/
2024-03-12 15:36:10,095 - WARNING - No <main> element found. For https://www.citadelsecurities.com/what-we-do/fixed-income-and-fx/
2024-03-12 15:36:10,465 - WARNING - No <main> element found. For https://www.citadelsecurities.com/sydney/
2024-03-12 15:36:10,859 - WARNING - No <main> element found. For https://www.citadelsecurities.com/singapore/
2024-03-12 15:36:11,290 - WARNING - No <main> element found. For https://www.citadelsecurities.com/careers/students/apply-for-the-womens-datathon/
2024-03-12 15:36:11,697 - WARNING - No <main> element found. For https://www.citadelsecurities.com/footnotes/
2024-03-12 15:36:12,129 - WARNING - No <main> element found. For https://www.citadelsecurities.com/valuation-metrics/
2024-03-12 15:36:13,101 - WARNING - No <main> element found. For https://www.citadelsecurities.com/careers/students/internships/
2024-03-12 15:36:13,709 - WARNING - No <main> element found. For https://www.citadelsecurities.com/our-teams/engineering-team/
2024-03-12 15:36:14,253 - WARNING - No <main> element found. For https://www.citadelsecurities.com/what-we-do/equities/
2024-03-12 15:36:14,685 - WARNING - No <main> element found. For https://www.citadelsecurities.com/careers/students/apply-for-the-india-terminal/
2024-03-12 15:36:15,070 - WARNING - No <main> element found. For https://www.citadelsecurities.com/careers/students/apply-for-the-europe-terminal/
2024-03-12 15:36:15,703 - WARNING - No <main> element found. For https://www.citadelsecurities.com/our-teams/civic-leadership-archive/
2024-03-12 15:36:16,081 - WARNING - No <main> element found. For https://www.citadelsecurities.com/our-teams/
2024-03-12 15:36:16,484 - WARNING - No <main> element found. For https://www.citadelsecurities.com/careers/students/apply-for-the-summer-invitational-terminal/
2024-03-12 15:36:16,818 - WARNING - No <main> element found. For https://www.citadelsecurities.com/careers/students/apply-for-the-asia-terminal/
2024-03-12 15:36:17,212 - WARNING - No <main> element found. For https://www.citadelsecurities.com/our-teams/civic-leadership/
2024-03-12 15:36:17,825 - WARNING - No <main> element found. For https://www.citadelsecurities.com/careers/students/apply-for-citadel-securities-phd-summit-london/
2024-03-12 15:36:18,249 - WARNING - No <main> element found. For https://www.citadelsecurities.com/careers/students/terminal/
2024-03-12 15:36:18,593 - WARNING - No <main> element found. For https://www.citadelsecurities.com/careers/students/apply-for-the-spring-invitational-datathon/
2024-03-12 15:36:19,072 - WARNING - No <main> element found. For https://www.citadelsecurities.com/careers/markets-and-trading/
2024-03-12 15:36:19,468 - WARNING - No <main> element found. For https://www.citadelsecurities.com/rule-605-606-statements/
2024-03-12 15:36:19,898 - WARNING - No <main> element found. For https://www.citadelsecurities.com/careers/students/discover-citadel-securities/
2024-03-12 15:36:20,295 - WARNING - No <main> element found. For https://www.citadelsecurities.com/careers/open-opportunities/positions-for-students/internships/
2024-03-12 15:36:20,664 - WARNING - No <main> element found. For https://www.citadelsecurities.com/careers/open-opportunities/positions-for-students/full-time/
2024-03-12 15:36:21,082 - WARNING - No <main> element found. For https://www.citadelsecurities.com/careers/students/phd-summit/
2024-03-12 15:36:21,479 - WARNING - No <main> element found. For https://www.citadelsecurities.com/careers/
2024-03-12 15:36:21,942 - WARNING - No <main> element found. For https://www.citadelsecurities.com/what-we-do/
2024-03-12 15:36:22,348 - WARNING - No <main> element found. For https://www.citadelsecurities.com/careers/students/apply-for-the-asia-datathon/
2024-03-12 15:36:22,849 - WARNING - No <main> element found. For https://www.citadelsecurities.com/careers/students/the-trading-invitational/
2024-03-12 15:36:23,385 - WARNING - No <main> element found. For https://www.citadelsecurities.com/hong-kong/
2024-03-12 15:36:23,796 - WARNING - No <main> element found. For https://www.citadelsecurities.com/miami/
2024-03-12 15:36:24,179 - WARNING - No <main> element found. For https://www.citadelsecurities.com/london/
2024-03-12 15:36:24,597 - WARNING - No <main> element found. For https://www.citadelsecurities.com/careers/students/datathons/
2024-03-12 15:36:24,602 - INFO - Scraping career-sitemap...
2024-03-12 15:36:24,999 - WARNING - No <main> element found. For https://www.citadelsecurities.com/careers/details/hpc-engineer/
2024-03-12 15:36:25,411 - WARNING - No <main> element found. For https://www.citadelsecurities.com/careers/details/trading-fundamental-analyst-summer-internship-2025-us/
2024-03-12 15:36:25,819 - WARNING - No <main> element found. For https://www.citadelsecurities.com/careers/details/summer-externship-summer-2024/
2024-03-12 15:36:26,230 - WARNING - No <main> element found. For https://www.citadelsecurities.com/careers/details/c-software-engineer-2/
2024-03-12 15:36:26,654 - WARNING - No <main> element found. For https://www.citadelsecurities.com/careers/details/client-execution-trading/
2024-03-12 15:36:26,999 - WARNING - No <main> element found. For https://www.citadelsecurities.com/careers/details/qa-engineer/
2024-03-12 15:36:27,354 - WARNING - No <main> element found. For https://www.citadelsecurities.com/careers/details/fundamental-analyst-intern-australia/
2024-03-12 15:36:27,686 - WARNING - No <main> element found. For https://www.citadelsecurities.com/careers/details/senior-network-engineer/
2024-03-12 15:36:28,035 - WARNING - No <main> element found. For https://www.citadelsecurities.com/careers/details/software-engineer-grace-hopper-conference-2023/
2024-03-12 15:36:28,414 - WARNING - No <main> element found. For https://www.citadelsecurities.com/careers/details/data-quality-analyst-lead/
2024-03-12 15:36:28,816 - WARNING - No <main> element found. For https://www.citadelsecurities.com/careers/details/c-software-engineer/
2024-03-12 15:36:29,203 - WARNING - No <main> element found. For https://www.citadelsecurities.com/careers/details/quantitative-trader/
2024-03-12 15:36:29,561 - WARNING - No <main> element found. For https://www.citadelsecurities.com/careers/details/nxt-software-engineer-grace-hopper-2023/
2024-03-12 15:36:30,018 - WARNING - No <main> element found. For https://www.citadelsecurities.com/careers/details/site-reliability-engineer/
2024-03-12 15:36:30,411 - WARNING - No <main> element found. For https://www.citadelsecurities.com/careers/details/quantitative-research-intern-asia/
2024-03-12 15:36:30,839 - WARNING - No <main> element found. For https://www.citadelsecurities.com/careers/details/site-reliability-engineer-intern-australia/
2024-03-12 15:36:31,186 - WARNING - No <main> element found. For https://www.citadelsecurities.com/careers/details/quantitative-research-analyst-intern-us/
2024-03-12 15:36:31,555 - WARNING - No <main> element found. For https://www.citadelsecurities.com/careers/details/executive-assistant/
2024-03-12 15:36:31,963 - WARNING - No <main> element found. For https://www.citadelsecurities.com/careers/details/quantitative-trading-university-graduate-australia/
2024-03-12 15:36:32,379 - WARNING - No <main> element found. For https://www.citadelsecurities.com/careers/details/software-engineer-intern-australia/
2024-03-12 15:36:32,715 - WARNING - No <main> element found. For https://www.citadelsecurities.com/careers/details/quantitative-trading-intern-australia/
2024-03-12 15:36:33,092 - WARNING - No <main> element found. For https://www.citadelsecurities.com/careers/details/quantitative-research-university-graduate-europe/
2024-03-12 15:36:33,498 - WARNING - No <main> element found. For https://www.citadelsecurities.com/careers/details/quantitative-research-intern-europe/
2024-03-12 15:36:33,880 - WARNING - No <main> element found. For https://www.citadelsecurities.com/careers/details/quantitative-research-analyst-intern-us-2/
2024-03-12 15:36:34,320 - WARNING - No <main> element found. For https://www.citadelsecurities.com/careers/details/senior-ui-developer/
2024-03-12 15:36:34,730 - WARNING - No <main> element found. For https://www.citadelsecurities.com/careers/details/quantitative-research-analyst-university-graduate-us/
2024-03-12 15:36:35,153 - WARNING - No <main> element found. For https://www.citadelsecurities.com/careers/details/site-reliability-engineer-sre/
2024-03-12 15:36:35,497 - WARNING - No <main> element found. For https://www.citadelsecurities.com/careers/details/quantitative-research-intern-australia/
2024-03-12 15:36:35,844 - WARNING - No <main> element found. For https://www.citadelsecurities.com/careers/details/software-engineer-intern-asia/
2024-03-12 15:36:36,268 - WARNING - No <main> element found. For https://www.citadelsecurities.com/careers/details/software-engineer-intern-europe/
2024-03-12 15:36:36,656 - WARNING - No <main> element found. For https://www.citadelsecurities.com/careers/details/quantitative-trading-intern-asia/
2024-03-12 15:36:37,087 - WARNING - No <main> element found. For https://www.citadelsecurities.com/careers/details/quantitative-research-university-graduate-asia/
2024-03-12 15:36:37,484 - WARNING - No <main> element found. For https://www.citadelsecurities.com/careers/details/software-engineer-university-graduate-europe/
2024-03-12 15:36:37,909 - WARNING - No <main> element found. For https://www.citadelsecurities.com/careers/details/quantitative-researcher-quantitative-research-analyst/
2024-03-12 15:36:38,254 - WARNING - No <main> element found. For https://www.citadelsecurities.com/careers/details/quantitative-trading-university-graduate-us/
2024-03-12 15:36:38,701 - WARNING - No <main> element found. For https://www.citadelsecurities.com/careers/details/systematic-trader/
2024-03-12 15:36:39,132 - WARNING - No <main> element found. For https://www.citadelsecurities.com/careers/details/quantitative-researcher-phd-graduate-us/
2024-03-12 15:36:39,542 - WARNING - No <main> element found. For https://www.citadelsecurities.com/careers/details/quantitative-researcher-phd-intern-us/
2024-03-12 15:36:39,935 - WARNING - No <main> element found. For https://www.citadelsecurities.com/careers/details/software-engineer-intern-us/
2024-03-12 15:36:40,362 - WARNING - No <main> element found. For https://www.citadelsecurities.com/careers/details/quantitative-researcher-phd-graduate-us-2/
2024-03-12 15:36:40,754 - WARNING - No <main> element found. For https://www.citadelsecurities.com/careers/details/quantitative-developer-research-engineer/
2024-03-12 15:36:41,183 - WARNING - No <main> element found. For https://www.citadelsecurities.com/careers/details/software-engineer-university-graduate-us/
2024-03-12 15:36:41,590 - WARNING - No <main> element found. For https://www.citadelsecurities.com/careers/details/network-engineer/
2024-03-12 15:36:41,989 - WARNING - No <main> element found. For https://www.citadelsecurities.com/careers/details/fpga-engineer/
2024-03-12 15:36:41,991 - INFO - Scraping leadership-sitemap...
2024-03-12 15:36:42,412 - WARNING - No <main> element found. For https://www.citadelsecurities.com/our-teams/leadership/joseph-mecane/
2024-03-12 15:36:42,807 - WARNING - No <main> element found. For https://www.citadelsecurities.com/our-teams/leadership/matt-culek/
2024-03-12 15:36:43,234 - WARNING - No <main> element found. For https://www.citadelsecurities.com/our-teams/leadership/peng-zhao/
2024-03-12 15:36:43,640 - WARNING - No <main> element found. For https://www.citadelsecurities.com/our-teams/leadership/alexander-dileonardo/
2024-03-12 15:36:44,056 - WARNING - No <main> element found. For https://www.citadelsecurities.com/our-teams/leadership/shyam-rajan/
2024-03-12 15:36:44,455 - WARNING - No <main> element found. For https://www.citadelsecurities.com/our-teams/leadership/joshua-woods/
2024-03-12 15:36:44,865 - WARNING - No <main> element found. For https://www.citadelsecurities.com/our-teams/leadership/david-rusoff/
2024-03-12 15:36:45,280 - WARNING - No <main> element found. For https://www.citadelsecurities.com/our-teams/leadership/tony-xiaodong-tang/
2024-03-12 15:36:45,686 - WARNING - No <main> element found. For https://www.citadelsecurities.com/our-teams/leadership/avanish-bhavsar/
2024-03-12 15:36:45,691 - INFO - Scraping category-sitemap...
2024-03-12 15:36:46,097 - WARNING - No <main> element found. For https://www.citadelsecurities.com/news-and-insights/category/careers/
2024-03-12 15:36:46,508 - WARNING - No <main> element found. For https://www.citadelsecurities.com/news-and-insights/category/civic-leadership/
2024-03-12 15:36:46,914 - WARNING - No <main> element found. For https://www.citadelsecurities.com/news-and-insights/category/company-news/
2024-03-12 15:36:47,323 - WARNING - No <main> element found. For https://www.citadelsecurities.com/news-and-insights/category/market-insights/
2024-03-12 15:36:47,652 - WARNING - No <main> element found. For https://www.citadelsecurities.com/news-and-insights/category/placeholder/
2024-03-12 15:36:47,654 - INFO - Finish Scrapping in: 125.07148122787476 seconds.
