2024-03-12 16:44:27,615 - INFO - Scraping post-sitemap...
2024-03-12 16:44:56,660 - WARNING - No <main> element found. For https://www.fultonhogan.com/news-and-resources/news/
2024-03-12 16:45:02,572 - WARNING - No <main> element found. For https://www.fultonhogan.com/a-microcosm-of-fulton-hogan/
2024-03-12 16:45:07,993 - WARNING - No <main> element found. For https://www.fultonhogan.com/katarapko-floodplain-inundation-measures-fim-wins-major-construction-award/
2024-03-12 16:45:16,820 - WARNING - No <main> element found. For https://www.fultonhogan.com/gore-blimey/
2024-03-12 16:45:32,111 - WARNING - No <main> element found. For https://www.fultonhogan.com/motor-neurone-disease-awareness-month-2020/
2024-03-12 16:45:51,628 - WARNING - No <main> element found. For https://www.fultonhogan.com/nci-project-crosses-another-bridge/
2024-03-12 16:46:10,283 - WARNING - No <main> element found. For https://www.fultonhogan.com/streamlining-hoddle-street/
2024-03-12 16:46:26,423 - WARNING - No <main> element found. For https://www.fultonhogan.com/fulton-hogans-innovation-report/
2024-03-12 16:46:48,425 - WARNING - No <main> element found. For https://www.fultonhogan.com/pollution-incident-response-management-summary/
2024-03-12 16:47:04,923 - WARNING - No <main> element found. For https://www.fultonhogan.com/helping-our-farmers/
2024-03-12 16:47:36,094 - WARNING - No <main> element found. For https://www.fultonhogan.com/holidays-act-notification-nz/
2024-03-12 16:47:41,003 - WARNING - No <main> element found. For https://www.fultonhogan.com/western-belfast-bypass/
2024-03-12 16:47:45,921 - WARNING - No <main> element found. For https://www.fultonhogan.com/2016sbn/
2024-03-12 16:47:55,356 - WARNING - No <main> element found. For https://www.fultonhogan.com/tauranga-airport-carpark/
2024-03-12 16:48:00,245 - WARNING - No <main> element found. For https://www.fultonhogan.com/australia-pacific-lng-curtis-island-queensland/
2024-03-12 16:48:07,452 - WARNING - No <main> element found. For https://www.fultonhogan.com/perthairport/
2024-03-12 16:48:12,281 - WARNING - No <main> element found. For https://www.fultonhogan.com/white-rock-wind-farm/
2024-03-12 16:48:17,384 - WARNING - No <main> element found. For https://www.fultonhogan.com/katfish/
2024-03-12 16:48:22,402 - WARNING - No <main> element found. For https://www.fultonhogan.com/mahinerangi-wind-farm/
2024-03-12 16:48:27,207 - WARNING - No <main> element found. For https://www.fultonhogan.com/trawlerhull56/
2024-03-12 16:48:33,251 - WARNING - No <main> element found. For https://www.fultonhogan.com/barrowislandrunway/
2024-03-12 16:48:35,824 - WARNING - No <main> element found. For https://www.fultonhogan.com/macarthur-wind-farm-access-road/
2024-03-12 16:48:40,855 - WARNING - No <main> element found. For https://www.fultonhogan.com/midlands-hydro/
2024-03-12 16:48:46,869 - WARNING - No <main> element found. For https://www.fultonhogan.com/christchurch-art-gallery-base-isolation-retro-fit/
2024-03-12 16:48:51,883 - WARNING - No <main> element found. For https://www.fultonhogan.com/peculiar-knob/
2024-03-12 16:48:57,677 - WARNING - No <main> element found. For https://www.fultonhogan.com/national-broadband-network/
2024-03-12 16:49:00,143 - WARNING - No <main> element found. For https://www.fultonhogan.com/pavement-solution-technical-road-show-2013/
2024-03-12 16:49:06,119 - WARNING - No <main> element found. For https://www.fultonhogan.com/hunua-4-2/
2024-03-12 16:49:08,685 - WARNING - No <main> element found. For https://www.fultonhogan.com/port-botany/
2024-03-12 16:49:11,245 - WARNING - No <main> element found. For https://www.fultonhogan.com/christchurch-southern-motorway-stage-1-csm1/
2024-03-12 16:49:16,053 - WARNING - No <main> element found. For https://www.fultonhogan.com/majura-parkway/
2024-03-12 16:49:20,694 - WARNING - No <main> element found. For https://www.fultonhogan.com/tauranga-eastern-link-tel/
2024-03-12 16:49:25,869 - WARNING - No <main> element found. For https://www.fultonhogan.com/christchurch-international-airport/
2024-03-12 16:49:31,008 - WARNING - No <main> element found. For https://www.fultonhogan.com/te-atatu-interchange/
2024-03-12 16:49:36,213 - WARNING - No <main> element found. For https://www.fultonhogan.com/hunter-expressway/
2024-03-12 16:49:42,291 - WARNING - No <main> element found. For https://www.fultonhogan.com/logan-motorway-pavement-rectification/
2024-03-12 16:49:47,285 - WARNING - No <main> element found. For https://www.fultonhogan.com/te-rapa-overlay/
2024-03-12 16:49:52,199 - WARNING - No <main> element found. For https://www.fultonhogan.com/hunua-4/
2024-03-12 16:49:56,890 - WARNING - No <main> element found. For https://www.fultonhogan.com/water-and-wastewater-koorlong-wastewater-treatment-plant-augmentation/
2024-03-12 16:50:01,652 - WARNING - No <main> element found. For https://www.fultonhogan.com/taxiway-lima/
2024-03-12 16:50:04,599 - WARNING - No <main> element found. For https://www.fultonhogan.com/integrated-services-arrangement-main-roads-western-australia/
2024-03-12 16:50:09,712 - WARNING - No <main> element found. For https://www.fultonhogan.com/new-plymouth-urban-and-rural-maintenance-contract/
2024-03-12 16:50:14,407 - WARNING - No <main> element found. For https://www.fultonhogan.com/new-zealand-engineering-excellence-awards-2/
2024-03-12 16:50:16,884 - WARNING - No <main> element found. For https://www.fultonhogan.com/fulton-hogan-building-communities/
2024-03-12 16:50:19,341 - WARNING - No <main> element found. For https://www.fultonhogan.com/protecting-christchurch-international-airport/
2024-03-12 16:50:21,777 - WARNING - No <main> element found. For https://www.fultonhogan.com/iso-27001-certification/
2024-03-12 16:50:25,315 - WARNING - No <main> element found. For https://www.fultonhogan.com/fulton-hogan-receives-trans-tasman-accolade-for-water-services/
2024-03-12 16:50:30,076 - WARNING - No <main> element found. For https://www.fultonhogan.com/engineered-iq/
2024-03-12 16:50:32,754 - WARNING - No <main> element found. For https://www.fultonhogan.com/south-east-asphalt-celebrates-20-years-of-excellence/
2024-03-12 16:50:35,623 - WARNING - No <main> element found. For https://www.fultonhogan.com/nci-project-nears-completion-with-a-flourish/
2024-03-12 16:50:38,365 - WARNING - No <main> element found. For https://www.fultonhogan.com/fulton-hogan-makes-historic-crossing/
2024-03-12 16:50:40,934 - WARNING - No <main> element found. For https://www.fultonhogan.com/tairawhiti-bailey-bridge-goes-to-new-lengths/
2024-03-12 16:50:44,915 - WARNING - No <main> element found. For https://www.fultonhogan.com/fulton-hogan-targets-predator-corridors/
2024-03-12 16:50:47,478 - WARNING - No <main> element found. For https://www.fultonhogan.com/one-year-milestone-creating-lifelong-opportunities/
2024-03-12 16:50:50,063 - WARNING - No <main> element found. For https://www.fultonhogan.com/sh6-hat-trick-a-highlight-of-ccnz-awards/
2024-03-12 16:50:52,721 - WARNING - No <main> element found. For https://www.fultonhogan.com/fulton-hogan-is-a-proud-partner-of-the-richmond-football-clubs-aflw-program/
2024-03-12 16:50:55,690 - WARNING - No <main> element found. For https://www.fultonhogan.com/mcdowell-name-immortalised-at-roydon-quarry/
2024-03-12 16:50:58,259 - WARNING - No <main> element found. For https://www.fultonhogan.com/fulton-hogan-lab-staff-lauded-nationally/
2024-03-12 16:51:00,688 - WARNING - No <main> element found. For https://www.fultonhogan.com/opportunities-abound-for-apprentices/
2024-03-12 16:51:03,155 - WARNING - No <main> element found. For https://www.fultonhogan.com/further-major-win-for-sh6-project/
2024-03-12 16:51:05,691 - WARNING - No <main> element found. For https://www.fultonhogan.com/turning-the-table-on-speed/
2024-03-12 16:51:08,397 - WARNING - No <main> element found. For https://www.fultonhogan.com/two-major-ipwea-wins-for-fulton-hogan/
2024-03-12 16:51:11,154 - WARNING - No <main> element found. For https://www.fultonhogan.com/from-aggregate-extraction-to-wetland/
2024-03-12 16:51:13,720 - WARNING - No <main> element found. For https://www.fultonhogan.com/fulton-hogan-nelson-central-otago-dig-hybrid/
2024-03-12 16:51:16,480 - WARNING - No <main> element found. For https://www.fultonhogan.com/fulton-hogan-partners-with-govt-to-lower-asphalt-carbon-emissions/
2024-03-12 16:51:19,362 - WARNING - No <main> element found. For https://www.fultonhogan.com/shared-path-opening-marks-close-of-nci-project/
2024-03-12 16:51:22,027 - WARNING - No <main> element found. For https://www.fultonhogan.com/electric-ute-joins-fulton-hogan-fleet/
2024-03-12 16:51:24,801 - WARNING - No <main> element found. For https://www.fultonhogan.com/fulton-hogan-rounds-out-refresh-of-australian-executive-team/
2024-03-12 16:51:27,433 - WARNING - No <main> element found. For https://www.fultonhogan.com/please-be-aware-and-vigilant-of-scam-accounts/
2024-03-12 16:51:30,612 - WARNING - No <main> element found. For https://www.fultonhogan.com/fulton-hogan-wins-2023-life-award-from-suicide-prevention-australia/
2024-03-12 16:51:33,068 - WARNING - No <main> element found. For https://www.fultonhogan.com/key-milestone-on-redoubt-reservoir-project/
2024-03-12 16:51:35,625 - WARNING - No <main> element found. For https://www.fultonhogan.com/kelly-recognised-as-an-emerging-director/
2024-03-12 16:51:38,310 - WARNING - No <main> element found. For https://www.fultonhogan.com/a-green-tick-for-our-sustainable-use-of-old-tyre-materials/
2024-03-12 16:51:41,059 - WARNING - No <main> element found. For https://www.fultonhogan.com/bim-technology-helps-visualise-the-future-now/
2024-03-12 16:51:43,617 - WARNING - No <main> element found. For https://www.fultonhogan.com/fulton-hogan-partners-with-blocktexx-to-reduce-textile-waste/
2024-03-12 16:51:46,394 - WARNING - No <main> element found. For https://www.fultonhogan.com/fulton-hogan-pilots-largest-volvo-hybrid-excavator/
2024-03-12 16:51:49,660 - WARNING - No <main> element found. For https://www.fultonhogan.com/soldiers-see-action-on-te-ahu-a-turanga/
2024-03-12 16:51:52,710 - WARNING - No <main> element found. For https://www.fultonhogan.com/fulton-hogan-looks-to-future-at-lgnz-conference/
2024-03-12 16:51:55,492 - WARNING - No <main> element found. For https://www.fultonhogan.com/fulton-hogan-gears-up-for-australian-growth-with-new-management-appointments/
2024-03-12 16:51:58,363 - WARNING - No <main> element found. For https://www.fultonhogan.com/putting-pen-to-paper-on-penlink/
2024-03-12 16:52:00,936 - WARNING - No <main> element found. For https://www.fultonhogan.com/te-auaunga-wins-top-australasian-environmental-award/
2024-03-12 16:52:03,791 - WARNING - No <main> element found. For https://www.fultonhogan.com/fulton-hogan-creates-a-new-route-to-road-safety/
2024-03-12 16:52:06,472 - WARNING - No <main> element found. For https://www.fultonhogan.com/fulton-hogan-australia-has-published-three-environmental-product-declarations-with-epd-australasia/
2024-03-12 16:52:09,411 - WARNING - No <main> element found. For https://www.fultonhogan.com/giant-bitumen-tank-goes-up-in-lyttelton/
2024-03-12 16:52:11,883 - WARNING - No <main> element found. For https://www.fultonhogan.com/40000-raised-for-tonga-relief/
2024-03-12 16:52:14,854 - WARNING - No <main> element found. For https://www.fultonhogan.com/innovation-on-display/
2024-03-12 16:52:18,482 - WARNING - No <main> element found. For https://www.fultonhogan.com/13581-2/
2024-03-12 16:52:20,993 - WARNING - No <main> element found. For https://www.fultonhogan.com/safety-environment-focus-for-new-intersection/
2024-03-12 16:52:23,556 - WARNING - No <main> element found. For https://www.fultonhogan.com/crowds-move-on-from-fulton-hogan-projects/
2024-03-12 16:52:26,097 - WARNING - No <main> element found. For https://www.fultonhogan.com/accolade-for-dr-bryan-pidwerbesky/
2024-03-12 16:52:28,519 - WARNING - No <main> element found. For https://www.fultonhogan.com/fulton-hogan-to-create-new-regional-glass-processing-hub-with-grant-from-the-recycling-victoria-recycling-modernisation-fund/
2024-03-12 16:52:30,948 - WARNING - No <main> element found. For https://www.fultonhogan.com/fulton-hogan-and-richmond-to-continue-building-careers-for-women/
2024-03-12 16:52:33,386 - WARNING - No <main> element found. For https://www.fultonhogan.com/ameti-busway-bridge-ready-for-action/
2024-03-12 16:52:36,259 - WARNING - No <main> element found. For https://www.fultonhogan.com/second-infrastructure-skills-centre-pilot-successfully-completed/
2024-03-12 16:52:39,118 - WARNING - No <main> element found. For https://www.fultonhogan.com/fulton-hogan-jv-awarded-takitimu-north-link/
2024-03-12 16:52:41,580 - WARNING - No <main> element found. For https://www.fultonhogan.com/fulton-hogans-first-hydrogen-truck-on-order/
2024-03-12 16:52:44,322 - WARNING - No <main> element found. For https://www.fultonhogan.com/once-in-a-lifetime-bridge-opens/
2024-03-12 16:52:46,712 - WARNING - No <main> element found. For https://www.fultonhogan.com/apple-inc-showcases-fulton-hogan-globally/
2024-03-12 16:52:49,241 - WARNING - No <main> element found. For https://www.fultonhogan.com/marathon-100-hour-pour-on-waimea-dam/
2024-03-12 16:52:51,642 - WARNING - No <main> element found. For https://www.fultonhogan.com/tiny-size-big-change-to-road-marking/
2024-03-12 16:52:54,100 - WARNING - No <main> element found. For https://www.fultonhogan.com/fulton-hogan-egis-awarded-operation-maintenance-services-for-stage-3-of-australias-largest-road-infrastructure-project-westconnex/
2024-03-12 16:52:56,816 - WARNING - No <main> element found. For https://www.fultonhogan.com/marking-25-years-of-leadership-in-bitumen-spraying/
2024-03-12 16:52:59,235 - WARNING - No <main> element found. For https://www.fultonhogan.com/city-of-port-phillip-contract/
2024-03-12 16:53:01,732 - WARNING - No <main> element found. For https://www.fultonhogan.com/work-experience-for-a-lifetime-launched/
2024-03-12 16:53:04,189 - WARNING - No <main> element found. For https://www.fultonhogan.com/real-jobs-fulton-hogan-real-people-ngopamuldi-project/
2024-03-12 16:53:06,650 - WARNING - No <main> element found. For https://www.fultonhogan.com/wellington-traffic-management-on-covid-testing-front-line/
2024-03-12 16:53:09,092 - WARNING - No <main> element found. For https://www.fultonhogan.com/move-traffic-controllers-out-of-live-lanes/
2024-03-12 16:53:11,786 - WARNING - No <main> element found. For https://www.fultonhogan.com/fulton-hogan-heb-win-major-bop-contract/
2024-03-12 16:53:14,542 - WARNING - No <main> element found. For https://www.fultonhogan.com/empowere-women-empower-women-at-nawic-awards/
2024-03-12 16:53:17,020 - WARNING - No <main> element found. For https://www.fultonhogan.com/lateral-thinking-saves-five-months-on-sh20b-project/
2024-03-12 16:53:19,395 - WARNING - No <main> element found. For https://www.fultonhogan.com/waimea-dam-visit-with-eye-to-the-future/
2024-03-12 16:53:22,399 - WARNING - No <main> element found. For https://www.fultonhogan.com/girl-in-infrastructure-2021/
2024-03-12 16:53:25,209 - WARNING - No <main> element found. For https://www.fultonhogan.com/paving-the-way/
2024-03-12 16:53:28,909 - WARNING - No <main> element found. For https://www.fultonhogan.com/twenty-nine-takahe-successfully-released-in-murchison-mountains/
2024-03-12 16:53:31,457 - WARNING - No <main> element found. For https://www.fultonhogan.com/collaborative-challenge-leads-to-greener-truck/
2024-03-12 16:53:34,108 - WARNING - No <main> element found. For https://www.fultonhogan.com/climbing-a-new-mountain/
2024-03-12 16:53:36,677 - WARNING - No <main> element found. For https://www.fultonhogan.com/fulton-hogans-employment-partnership-in-tairawhiti-bears-fruit/
2024-03-12 16:53:40,441 - WARNING - No <main> element found. For https://www.fultonhogan.com/a-busy-for-christmas-new-year-for-many/
2024-03-12 16:53:42,932 - WARNING - No <main> element found. For https://www.fultonhogan.com/major-defence-force-contract-driving-growth-in-manawatu/
2024-03-12 16:53:45,383 - WARNING - No <main> element found. For https://www.fultonhogan.com/a-year-of-innovation/
2024-03-12 16:53:47,847 - WARNING - No <main> element found. For https://www.fultonhogan.com/christchurch-northern-corridor-opens/
2024-03-12 16:53:50,327 - WARNING - No <main> element found. For https://www.fultonhogan.com/nctir-team-farewelled-from-kaikoura/
2024-03-12 16:53:52,787 - WARNING - No <main> element found. For https://www.fultonhogan.com/paving-the-way-for-a-more-sustainable-future-in-tasmania/
2024-03-12 16:53:55,302 - WARNING - No <main> element found. For https://www.fultonhogan.com/water-harvesting-expands-in-auckland/
2024-03-12 16:53:57,773 - WARNING - No <main> element found. For https://www.fultonhogan.com/east-coast-clean-up-at-ccnz-awards/
2024-03-12 16:54:00,222 - WARNING - No <main> element found. For https://www.fultonhogan.com/ameti-project-stars-on-tvnzs-seven-sharp/
2024-03-12 16:54:02,673 - WARNING - No <main> element found. For https://www.fultonhogan.com/wakatipu-transport-project-alliance-announced/
2024-03-12 16:54:05,138 - WARNING - No <main> element found. For https://www.fultonhogan.com/fulton-hogan-shines-in-australasian-fleet-safety-awards/
2024-03-12 16:54:07,565 - WARNING - No <main> element found. For https://www.fultonhogan.com/edendale-realignment-win-ccnz-award/
2024-03-12 16:54:10,587 - WARNING - No <main> element found. For https://www.fultonhogan.com/noc-contracts-knock-it-out-of-the-park/
2024-03-12 16:54:13,221 - WARNING - No <main> element found. For https://www.fultonhogan.com/kicking-goals-to-encourage-more-women-in-construction/
2024-03-12 16:54:15,988 - WARNING - No <main> element found. For https://www.fultonhogan.com/bottling-innovation/
2024-03-12 16:54:18,447 - WARNING - No <main> element found. For https://www.fultonhogan.com/fulton-hogan-takes-it-to-100-percent/
2024-03-12 16:54:21,010 - WARNING - No <main> element found. For https://www.fultonhogan.com/where-theres-muck-theres-class/
2024-03-12 16:54:23,465 - WARNING - No <main> element found. For https://www.fultonhogan.com/first-biodiesel-facility-opens-in-the-north-island/
2024-03-12 16:54:25,943 - WARNING - No <main> element found. For https://www.fultonhogan.com/another-milestone-for-fulton-hogans-westconnex-operation-and-maintenance-contract-sydney/
2024-03-12 16:54:28,483 - WARNING - No <main> element found. For https://www.fultonhogan.com/key-milestone-for-waimea-community-dam/
2024-03-12 16:54:32,144 - WARNING - No <main> element found. For https://www.fultonhogan.com/xmases-come-at-once-for-pohutakawa-on-auckland-project/
2024-03-12 16:54:34,607 - WARNING - No <main> element found. For https://www.fultonhogan.com/safety-efficiency-behind-new-hamm-h13i/
2024-03-12 16:54:37,212 - WARNING - No <main> element found. For https://www.fultonhogan.com/fulton-hogan-awarded-contract-to-maintain-south-australian-roads/
2024-03-12 16:54:39,799 - WARNING - No <main> element found. For https://www.fultonhogan.com/sod-turning-marks-commencement-of-major-works-on-new-nowra-bridge/
2024-03-12 16:54:42,251 - WARNING - No <main> element found. For https://www.fultonhogan.com/fulton-hogan-powers-up-renewable-energy-deal/
2024-03-12 16:54:44,977 - WARNING - No <main> element found. For https://www.fultonhogan.com/a-new-test-at-forsyth-barr-stadium/
2024-03-12 16:54:48,154 - WARNING - No <main> element found. For https://www.fultonhogan.com/to-infinity-and-beyond/
2024-03-12 16:54:50,872 - WARNING - No <main> element found. For https://www.fultonhogan.com/one-down-three-to-go-on-panmure-bridge/
2024-03-12 16:54:53,322 - WARNING - No <main> element found. For https://www.fultonhogan.com/no-sitting-down-to-rest-on-remutaka/
2024-03-12 16:54:55,744 - WARNING - No <main> element found. For https://www.fultonhogan.com/driver-training-partnership-flourishes/
2024-03-12 16:54:58,356 - WARNING - No <main> element found. For https://www.fultonhogan.com/many-hands-make-light-work-on-ameti/
2024-03-12 16:55:01,056 - WARNING - No <main> element found. For https://www.fultonhogan.com/fulton-hogan-and-richmond-aflw-kick-off-new-partnership-supporting-women-in-construction/
2024-03-12 16:55:09,430 - WARNING - No <main> element found. For https://www.fultonhogan.com/bruce-highway-upgrade-team-shine-a-light-on-mental-health-and-wellbeing/
2024-03-12 16:55:13,245 - WARNING - No <main> element found. For https://www.fultonhogan.com/cnc-providing-pedalling-power-for-the-city/
2024-03-12 16:55:16,207 - WARNING - No <main> element found. For https://www.fultonhogan.com/simeon-quay-pump-station-takes-shape/
2024-03-12 16:55:19,187 - WARNING - No <main> element found. For https://www.fultonhogan.com/waipoua-forest-provides-a-unique-sealing-environment/
2024-03-12 16:55:21,734 - WARNING - No <main> element found. For https://www.fultonhogan.com/542-metre-feat-of-engineering/
2024-03-12 16:55:24,256 - WARNING - No <main> element found. For https://www.fultonhogan.com/huntly-section-of-the-waikato-expressway-opened-following-five-years-of-team-effort/
2024-03-12 16:55:26,867 - WARNING - No <main> element found. For https://www.fultonhogan.com/fulton-hogan-helps-airfield-unlike-any-other/
2024-03-12 16:55:29,421 - WARNING - No <main> element found. For https://www.fultonhogan.com/sydney-water-partnership-to-deliver-world-class-water-services/
2024-03-12 16:55:31,947 - WARNING - No <main> element found. For https://www.fultonhogan.com/road-safety-starts-with-smart-design/
2024-03-12 16:55:35,754 - WARNING - No <main> element found. For https://www.fultonhogan.com/a-guardian-angel/
2024-03-12 16:55:39,942 - WARNING - No <main> element found. For https://www.fultonhogan.com/takahe-numbers-rise-strongly/
2024-03-12 16:55:44,423 - WARNING - No <main> element found. For https://www.fultonhogan.com/waimea-community-dam-progress/
2024-03-12 16:55:48,467 - WARNING - No <main> element found. For https://www.fultonhogan.com/fulton-hogan-partners-with-prominent-universities-and-businesses-to-support-renewable-energy/
2024-03-12 16:55:51,635 - WARNING - No <main> element found. For https://www.fultonhogan.com/fulton-hogan-wins-indigenous-inclusion-award-at-the-nbn-supplier-awards-2019/
2024-03-12 16:55:54,705 - WARNING - No <main> element found. For https://www.fultonhogan.com/going-full-circle-with-te-reo/
2024-03-12 16:55:57,474 - WARNING - No <main> element found. For https://www.fultonhogan.com/ballarat-tram-works-on-track/
2024-03-12 16:56:00,448 - WARNING - No <main> element found. For https://www.fultonhogan.com/trio-of-road-safety-initiatives-announced/
2024-03-12 16:56:03,184 - WARNING - No <main> element found. For https://www.fultonhogan.com/st-kilda-road-tram-track-renewal/
2024-03-12 16:56:05,624 - WARNING - No <main> element found. For https://www.fultonhogan.com/major-collaboration-at-whenuapai/
2024-03-12 16:56:08,093 - WARNING - No <main> element found. For https://www.fultonhogan.com/wynyard-quarter-praised-by-judges-watercare/
2024-03-12 16:56:10,526 - WARNING - No <main> element found. For https://www.fultonhogan.com/pou-reflect-fulton-hogans-strong-bonds-in-northland/
2024-03-12 16:56:12,936 - WARNING - No <main> element found. For https://www.fultonhogan.com/fulton-hogan-team-run-melbourne-for-the-cure-brain-cancer-foundation/
2024-03-12 16:56:15,878 - WARNING - No <main> element found. For https://www.fultonhogan.com/runway-upgrade-on-tiwi-islands-wins-industry-award/
2024-03-12 16:56:18,478 - WARNING - No <main> element found. For https://www.fultonhogan.com/waikato-expressway-completion-one-step-closer/
2024-03-12 16:56:21,119 - WARNING - No <main> element found. For https://www.fultonhogan.com/early-excavation-of-waimea-dam-to-unveil-future-realities/
2024-03-12 16:56:23,883 - WARNING - No <main> element found. For https://www.fultonhogan.com/accreditation-renewed-with-nz-govt-for-used-oil-recycling/
2024-03-12 16:56:26,298 - WARNING - No <main> element found. For https://www.fultonhogan.com/plastic-recycled-into-asphalt-in-adelaide/
2024-03-12 16:56:28,808 - WARNING - No <main> element found. For https://www.fultonhogan.com/construction-of-the-taxiway-zulu-program-at-melbourne-airport-commences/
2024-03-12 16:56:33,391 - WARNING - No <main> element found. For https://www.fultonhogan.com/fulton-hogan-south-western-alliance-awarded-for-their-outstanding-performance/
2024-03-12 16:56:40,363 - WARNING - No <main> element found. For https://www.fultonhogan.com/announcing-our-support-of-motor-neurone-disease-nz/
2024-03-12 16:56:42,938 - WARNING - No <main> element found. For https://www.fultonhogan.com/site-of-the-future-here/
2024-03-12 16:56:45,926 - WARNING - No <main> element found. For https://www.fultonhogan.com/fulton-hogans-plastiphalt-the-circular-economy-in-action/
2024-03-12 16:56:48,771 - WARNING - No <main> element found. For https://www.fultonhogan.com/fulton-hogan-awarded-new-project-at-melbourne-airport/
2024-03-12 16:56:51,417 - WARNING - No <main> element found. For https://www.fultonhogan.com/our-road-to-success-women-graduate/
2024-03-12 16:56:54,892 - WARNING - No <main> element found. For https://www.fultonhogan.com/fulton-hogan-launches-first-reconciliation-action-plan/
2024-03-12 16:56:57,383 - WARNING - No <main> element found. For https://www.fultonhogan.com/sumner-road-ready-to-reopen-in-march/
2024-03-12 16:56:59,850 - WARNING - No <main> element found. For https://www.fultonhogan.com/nz-ceo-graeme-johnson-chats-with-contractor-magazine/
2024-03-12 16:57:02,393 - WARNING - No <main> element found. For https://www.fultonhogan.com/work-underway-on-frankton-marina/
2024-03-12 16:57:04,960 - WARNING - No <main> element found. For https://www.fultonhogan.com/work-starts-late-2019-on-awakino-bypass/
2024-03-12 16:57:07,523 - WARNING - No <main> element found. For https://www.fultonhogan.com/100-million-busway-to-ease-auckland-traffic/
2024-03-12 16:57:09,944 - WARNING - No <main> element found. For https://www.fultonhogan.com/contract-awarded-for-final-section-of-hamilton-ringroad/
2024-03-12 16:57:12,449 - WARNING - No <main> element found. For https://www.fultonhogan.com/construction-of-waimea-dam-to-start-soon/
2024-03-12 16:57:15,098 - WARNING - No <main> element found. For https://www.fultonhogan.com/staff-and-students-save-snake-creek/
2024-03-12 16:57:17,658 - WARNING - No <main> element found. For https://www.fultonhogan.com/civil-north-community-planting-day/
2024-03-12 16:57:20,129 - WARNING - No <main> element found. For https://www.fultonhogan.com/inlink-celebrates-official-commencement-inland-rail-project/
2024-03-12 16:57:22,809 - WARNING - No <main> element found. For https://www.fultonhogan.com/nctir-win-international-peoples-choice-award/
2024-03-12 16:57:25,236 - WARNING - No <main> element found. For https://www.fultonhogan.com/engineering-excellence-earns-top-awards/
2024-03-12 16:57:27,674 - WARNING - No <main> element found. For https://www.fultonhogan.com/success-in-deloitte-top-200-awards/
2024-03-12 16:57:30,341 - WARNING - No <main> element found. For https://www.fultonhogan.com/takahe-release-to-mark-70th-anniversary/
2024-03-12 16:57:32,918 - WARNING - No <main> element found. For https://www.fultonhogan.com/nz-ceo-graeme-johnson-appointed-to-national-infrastructure-board/
2024-03-12 16:57:35,570 - WARNING - No <main> element found. For https://www.fultonhogan.com/m80-project-opens-ahead-of-schedule/
2024-03-12 16:57:38,740 - WARNING - No <main> element found. For https://www.fultonhogan.com/traffic-flows-over-new-west-coast-asset/
2024-03-12 16:57:41,479 - WARNING - No <main> element found. For https://www.fultonhogan.com/ccnz-award-for-central-region/
2024-03-12 16:57:46,920 - WARNING - No <main> element found. For https://www.fultonhogan.com/opening-doors-girls-hi-vis-day/
2024-03-12 16:57:49,697 - WARNING - No <main> element found. For https://www.fultonhogan.com/potential-data-breach-pageup/
2024-03-12 16:57:56,404 - WARNING - No <main> element found. For https://www.fultonhogan.com/acquisition-stevenson-construction-materials-business/
2024-03-12 16:58:22,026 - WARNING - No <main> element found. For https://www.fultonhogan.com/new-artworks-symbol-diversity/
2024-03-12 16:59:27,083 - WARNING - No <main> element found. For https://www.fultonhogan.com/sustainable-focus-leads-to-soft-plastic-furniture-for-community/
2024-03-12 17:00:09,079 - WARNING - No <main> element found. For https://www.fultonhogan.com/helping-kids-mahogany-rise-primary/
2024-03-12 17:00:32,719 - WARNING - No <main> element found. For https://www.fultonhogan.com/quarry-consent-applications-update/
2024-03-12 17:00:35,795 - WARNING - No <main> element found. For https://www.fultonhogan.com/new-9-million-tasman-highway-memorial-bridge-underway/
2024-03-12 17:00:38,392 - WARNING - No <main> element found. For https://www.fultonhogan.com/trial-recycles-plastic-containers-asphalt/
2024-03-12 17:00:40,937 - WARNING - No <main> element found. For https://www.fultonhogan.com/fulton-hogan-nbn-sign-traineeship-mou-peedac/
2024-03-12 17:00:43,752 - WARNING - No <main> element found. For https://www.fultonhogan.com/australian-asphalt-quarries-price-increase/
2024-03-12 17:00:46,354 - WARNING - No <main> element found. For https://www.fultonhogan.com/major-milestone-reached-heidelberg-nepa-project/
2024-03-12 17:00:49,105 - WARNING - No <main> element found. For https://www.fultonhogan.com/safety-milestone-fijian-team/
2024-03-12 17:00:51,654 - WARNING - No <main> element found. For https://www.fultonhogan.com/nepa-blitzed-january/
2024-03-12 17:00:57,498 - WARNING - No <main> element found. For https://www.fultonhogan.com/born-to-drill/
2024-03-12 17:01:02,204 - WARNING - No <main> element found. For https://www.fultonhogan.com/signs-point-beach-safety/
2024-03-12 17:01:04,835 - WARNING - No <main> element found. For https://www.fultonhogan.com/nepa-team-take-nzs-gruelling-coast-coast-adventure-race/
2024-03-12 17:01:07,417 - WARNING - No <main> element found. For https://www.fultonhogan.com/heidelberg-track-duplication/
2024-03-12 17:01:11,360 - WARNING - No <main> element found. For https://www.fultonhogan.com/engineer-realises-impossible-dream/
2024-03-12 17:01:16,334 - WARNING - No <main> element found. For https://www.fultonhogan.com/australian-first-bridge-success-darlington-upgrade-project-sa/
2024-03-12 17:01:21,208 - WARNING - No <main> element found. For https://www.fultonhogan.com/potential-scam/
2024-03-12 17:01:25,961 - WARNING - No <main> element found. For https://www.fultonhogan.com/virtual-reality-revs-workplace-learning/
2024-03-12 17:01:30,609 - WARNING - No <main> element found. For https://www.fultonhogan.com/fulton-hogan-wins-inaugural-ipwea-australasia-excellence-award/
2024-03-12 17:01:33,131 - WARNING - No <main> element found. For https://www.fultonhogan.com/thats-wrap-bayswater-station/
2024-03-12 17:01:39,161 - WARNING - No <main> element found. For https://www.fultonhogan.com/major-award-taranaki-project-3/
2024-03-12 17:01:43,866 - WARNING - No <main> element found. For https://www.fultonhogan.com/minister-applauds-recycling-scheme/
2024-03-12 17:01:46,545 - WARNING - No <main> element found. For https://www.fultonhogan.com/west-gate-distributor-project-officially-opens/
2024-03-12 17:01:49,006 - WARNING - No <main> element found. For https://www.fultonhogan.com/fulton-hogan-appoints-new-australian-leaders/
2024-03-12 17:01:54,185 - WARNING - No <main> element found. For https://www.fultonhogan.com/chance-improve-otago-motorways-safety-welcomed/
2024-03-12 17:01:56,789 - WARNING - No <main> element found. For https://www.fultonhogan.com/fulton-hogan-announces-new-nz-ceo-leadership/
2024-03-12 17:01:59,865 - WARNING - No <main> element found. For https://www.fultonhogan.com/playing-part-help-disadvantaged-vulnerable/
2024-03-12 17:02:04,769 - WARNING - No <main> element found. For https://www.fultonhogan.com/queensland-asphalt-price-increase/
2024-03-12 17:02:09,688 - WARNING - No <main> element found. For https://www.fultonhogan.com/fulton-hogan-sweeper-operator-wins-safety-award/
2024-03-12 17:02:14,384 - WARNING - No <main> element found. For https://www.fultonhogan.com/huntly-project-lends-hand-kaikoura/
2024-03-12 17:02:19,106 - WARNING - No <main> element found. For https://www.fultonhogan.com/fulton-hogan-welcomes-takahe-breakthrough/
2024-03-12 17:02:23,725 - WARNING - No <main> element found. For https://www.fultonhogan.com/fulton-hogan-donates-new-vehicle-charity/
2024-03-12 17:02:26,147 - WARNING - No <main> element found. For https://www.fultonhogan.com/enormous-gantry-cranes-widen-ej-whitten-bridge-m80-upgrade/
2024-03-12 17:02:28,636 - WARNING - No <main> element found. For https://www.fultonhogan.com/australian-asphalt-price-increase-nsw-metro-vic-sa/
2024-03-12 17:02:31,504 - WARNING - No <main> element found. For https://www.fultonhogan.com/doc-grateful-fulton-hogans-wide-ranging-help/
2024-03-12 17:02:33,946 - WARNING - No <main> element found. For https://www.fultonhogan.com/fulton-hogan-gains-leading-international-award-frontline-innovation/
2024-03-12 17:02:38,965 - WARNING - No <main> element found. For https://www.fultonhogan.com/australian-quarry-price-increase-effective-1-april-2017-victoria-queensland/
2024-03-12 17:02:41,947 - WARNING - No <main> element found. For https://www.fultonhogan.com/fulton-hogan-appoints-group-ceo/
2024-03-12 17:02:44,616 - WARNING - No <main> element found. For https://www.fultonhogan.com/bayswater-level-crossing-removal-project-leads-the-way-in-sustainability/
2024-03-12 17:02:47,888 - WARNING - No <main> element found. For https://www.fultonhogan.com/heijmans-and-fulton-hogan-form-strategic-alliance/
2024-03-12 17:02:50,595 - WARNING - No <main> element found. For https://www.fultonhogan.com/giving-back-to-the-fiji-community/
2024-03-12 17:02:55,269 - WARNING - No <main> element found. For https://www.fultonhogan.com/creating-strong-indigenous-connections/
2024-03-12 17:02:57,719 - WARNING - No <main> element found. For https://www.fultonhogan.com/australias-first-cold-mix-asphalt-utilising-biofuel/
2024-03-12 17:03:00,061 - WARNING - No <main> element found. For https://www.fultonhogan.com/running-to-cure-brain-cancer/
2024-03-12 17:03:02,735 - WARNING - No <main> element found. For https://www.fultonhogan.com/phone-scam-affecting-fulton-hogan-customers/
2024-03-12 17:03:05,874 - WARNING - No <main> element found. For https://www.fultonhogan.com/fulton-hogan-seymour-whyte-joint-venture-selected-to-design-and-construct-bruce-highway-upgrade-caloundra-road-to-sunshine-motorway/
2024-03-12 17:03:08,214 - WARNING - No <main> element found. For https://www.fultonhogan.com/fulton-hogan-awarded-contract-for-m80-ring-road-iconic-ej-whitten-bridge/
2024-03-12 17:03:13,900 - WARNING - No <main> element found. For https://www.fultonhogan.com/bank-account-scam-do-not-change-fulton-hogans-banking-details/
2024-03-12 17:03:19,198 - WARNING - No <main> element found. For https://www.fultonhogan.com/fulton-hogan-joins-fight-to-save-takahe/
2024-03-12 17:03:24,019 - WARNING - No <main> element found. For https://www.fultonhogan.com/md-hand-reins/
2024-03-12 17:03:28,675 - WARNING - No <main> element found. For https://www.fultonhogan.com/transporting-5-cat-789d-trucks-to-macraes-goldmine/
2024-03-12 17:03:33,430 - WARNING - No <main> element found. For https://www.fultonhogan.com/kupe-gas-onshore-facility/
2024-03-12 17:03:38,586 - WARNING - No <main> element found. For https://www.fultonhogan.com/fulton-hogan-powers-up-with-solar/
2024-03-12 17:03:41,213 - WARNING - No <main> element found. For https://www.fultonhogan.com/fulton-hogan-welcomes-waikato-quarries-employees/
2024-03-12 17:03:46,328 - WARNING - No <main> element found. For https://www.fultonhogan.com/fulton-hogan-proudly-supporting-the-work-of-endometriosis-new-zealand/
2024-03-12 17:03:51,234 - WARNING - No <main> element found. For https://www.fultonhogan.com/fulton-hogan-ceo-awarded-ipenz-fellowship/
2024-03-12 17:03:56,092 - WARNING - No <main> element found. For https://www.fultonhogan.com/fulton-hogan-awarded-upgrade-for-one-of-new-zealands-most-high-risk-intersections/
2024-03-12 17:04:00,783 - WARNING - No <main> element found. For https://www.fultonhogan.com/innovation-in-asphalt/
2024-03-12 17:04:05,686 - WARNING - No <main> element found. For https://www.fultonhogan.com/fulton-hogan-worker-comes-to-aid-of-choking-child/
2024-03-12 17:04:10,381 - WARNING - No <main> element found. For https://www.fultonhogan.com/bridge-lift-wins-new-zealand-crane-association-award/
2024-03-12 17:04:13,091 - WARNING - No <main> element found. For https://www.fultonhogan.com/fulton-hogan-partners-with-citywide/
2024-03-12 17:04:15,524 - WARNING - No <main> element found. For https://www.fultonhogan.com/western-belfast-bypass-project-progressing-well/
2024-03-12 17:04:17,981 - WARNING - No <main> element found. For https://www.fultonhogan.com/fulton-hogan-laing-orourke-jv-to-deliver-darlington-upgrade/
2024-03-12 17:04:20,439 - WARNING - No <main> element found. For https://www.fultonhogan.com/fulton-hogan-awarded-westconnex-operations-and-maintenance-contract/
2024-03-12 17:04:25,889 - WARNING - No <main> element found. For https://www.fultonhogan.com/fulton-hogan-takes-part-in-first-industry-wide-civil-certification/
2024-03-12 17:04:28,329 - WARNING - No <main> element found. For https://www.fultonhogan.com/hackney-road-watermain-renewal-project-underway/
2024-03-12 17:04:30,984 - WARNING - No <main> element found. For https://www.fultonhogan.com/secure-foundations-at-the-christchurch-art-gallery/
2024-03-12 17:04:33,751 - WARNING - No <main> element found. For https://www.fultonhogan.com/fulton-hogan-receives-commendation-at-nzi-sustainable-business-network-awards/
2024-03-12 17:04:36,617 - WARNING - No <main> element found. For https://www.fultonhogan.com/onehunga-foreshore-project-completed/
2024-03-12 17:04:41,755 - WARNING - No <main> element found. For https://www.fultonhogan.com/fulton-hogan-standout-winner-at-westpac-tauranga-business-awards/
2024-03-12 17:04:46,668 - WARNING - No <main> element found. For https://www.fultonhogan.com/fulton-hogan-takes-driver-safety-to-higher-gear/
2024-03-12 17:04:49,124 - WARNING - No <main> element found. For https://www.fultonhogan.com/notification-scam-employment-offer/
2024-03-12 17:04:54,301 - WARNING - No <main> element found. For https://www.fultonhogan.com/fulton-hogan-receives-rock-solid-safety-award/
2024-03-12 17:04:57,222 - WARNING - No <main> element found. For https://www.fultonhogan.com/support-for-the-cure-brain-cancer-foundation-2/
2024-03-12 17:05:02,951 - WARNING - No <main> element found. For https://www.fultonhogan.com/lismore-asphalt-plant-open-for-business/
2024-03-12 17:05:05,824 - WARNING - No <main> element found. For https://www.fultonhogan.com/next-stage-of-the-christchurch-coastal-pathway-opens/
2024-03-12 17:05:08,269 - WARNING - No <main> element found. For https://www.fultonhogan.com/fulton-hogan-receives-recognition-award-from-waikato-regional-council/
2024-03-12 17:05:10,942 - WARNING - No <main> element found. For https://www.fultonhogan.com/maitai-street-east-cycleway-opened/
2024-03-12 17:05:13,410 - WARNING - No <main> element found. For https://www.fultonhogan.com/employee-share-scheme-prospectus/
2024-03-12 17:05:16,267 - WARNING - No <main> element found. For https://www.fultonhogan.com/works-begin-on-waikato-expressway-huntly-project/
2024-03-12 17:05:18,930 - WARNING - No <main> element found. For https://www.fultonhogan.com/building-connections-with-the-local-community-in-fiji/
2024-03-12 17:05:21,501 - WARNING - No <main> element found. For https://www.fultonhogan.com/new-asphalt-plant-opens-in-lismore/
2024-03-12 17:05:27,732 - WARNING - No <main> element found. For https://www.fultonhogan.com/fulton-hogan-employee-wins-z-training-development-award/
2024-03-12 17:05:30,396 - WARNING - No <main> element found. For https://www.fultonhogan.com/fulton-hogan-supports-run-melbourne/
2024-03-12 17:05:35,512 - WARNING - No <main> element found. For https://www.fultonhogan.com/defence-force-facilities/
2024-03-12 17:05:41,031 - WARNING - No <main> element found. For https://www.fultonhogan.com/st-kilda-marina-reserve/
2024-03-12 17:05:43,437 - WARNING - No <main> element found. For https://www.fultonhogan.com/fulton-hogan-wins-award-for-the-raaf-woomera-airfield/
2024-03-12 17:05:48,996 - WARNING - No <main> element found. For https://www.fultonhogan.com/victoria-square-re-development/
2024-03-12 17:05:53,735 - WARNING - No <main> element found. For https://www.fultonhogan.com/west-swanson-intermodal-terminal-upgrade/
2024-03-12 17:05:56,509 - WARNING - No <main> element found. For https://www.fultonhogan.com/john-holland-fulton-hogan-joint-venture-jhfhjv/
2024-03-12 17:06:01,113 - WARNING - No <main> element found. For https://www.fultonhogan.com/melbourne-tram-track-renewal/
2024-03-12 17:06:05,882 - WARNING - No <main> element found. For https://www.fultonhogan.com/ipswich-motorway-upgrade/
2024-03-12 17:06:08,583 - WARNING - No <main> element found. For https://www.fultonhogan.com/m80-ring-road-upgrade/
2024-03-12 17:06:13,403 - WARNING - No <main> element found. For https://www.fultonhogan.com/wareggo-highway-helidon-to-withcott/
2024-03-12 17:06:21,392 - WARNING - No <main> element found. For https://www.fultonhogan.com/city-of-port-phillip-maintenance-contract/
2024-03-12 17:06:23,953 - WARNING - No <main> element found. For https://www.fultonhogan.com/first-sod-turned-at-western-belfast-bypass/
2024-03-12 17:06:26,412 - WARNING - No <main> element found. For https://www.fultonhogan.com/fulton-hogan-extends-telecommunications-footprint-into-western-australia/
2024-03-12 17:06:29,045 - WARNING - No <main> element found. For https://www.fultonhogan.com/vital-christchurch-bridge-reopened/
2024-03-12 17:06:31,479 - WARNING - No <main> element found. For https://www.fultonhogan.com/busy-year-for-fulton-hogan-paving-the-way-for-raaf-facilities/
2024-03-12 17:06:33,988 - WARNING - No <main> element found. For https://www.fultonhogan.com/community-focus-for-fulton-hogan-in-auckland/
2024-03-12 17:06:39,409 - WARNING - No <main> element found. For https://www.fultonhogan.com/gerringong-upgrade-princes-highway-upgrade/
2024-03-12 17:06:41,870 - WARNING - No <main> element found. For https://www.fultonhogan.com/fulton-downer-silver-medal-awarded-to-fulton-hogan-employee/
2024-03-12 17:06:44,448 - WARNING - No <main> element found. For https://www.fultonhogan.com/strong-sign-of-community-interest-in-rangelink-bid-team/
2024-03-12 17:06:46,997 - WARNING - No <main> element found. For https://www.fultonhogan.com/fulton-hogan-playing-its-part-in-making-christchurch-an-accessible-city/
2024-03-12 17:06:49,445 - WARNING - No <main> element found. For https://www.fultonhogan.com/200000-government-grant-for-bitumen-research/
2024-03-12 17:06:51,898 - WARNING - No <main> element found. For https://www.fultonhogan.com/reflections-from-the-road/
2024-03-12 17:06:54,284 - WARNING - No <main> element found. For https://www.fultonhogan.com/changing-the-foundations-of-christchurch-art-gallery/
2024-03-12 17:06:56,822 - WARNING - No <main> element found. For https://www.fultonhogan.com/fulton-hogan-expands-its-fiji-operations/
2024-03-12 17:06:59,471 - WARNING - No <main> element found. For https://www.fultonhogan.com/fulton-hogan-people-are-recognised-at-safe-work-awards-in-qld/
2024-03-12 17:07:02,451 - WARNING - No <main> element found. For https://www.fultonhogan.com/connecting-the-marlborough-community-with-workplace-safety/
2024-03-12 17:07:05,222 - WARNING - No <main> element found. For https://www.fultonhogan.com/winners-of-2014-hirepool-construction-excellence-awards/
2024-03-12 17:07:07,779 - WARNING - No <main> element found. For https://www.fultonhogan.com/fulton-hogans-imraan-mohammed-wins-at-z-energy-people-awards-2014/
2024-03-12 17:07:13,000 - WARNING - No <main> element found. For https://www.fultonhogan.com/te-rapa-overlay-2/
2024-03-12 17:07:16,076 - WARNING - No <main> element found. For https://www.fultonhogan.com/fulton-hogans-qld-team-wins-major-aapa-award/
2024-03-12 17:07:18,645 - WARNING - No <main> element found. For https://www.fultonhogan.com/foxground-and-berry-bypass-officially-awarded-to-fulton-hogan/
2024-03-12 17:07:23,853 - WARNING - No <main> element found. For https://www.fultonhogan.com/maori-leadership-development-at-fulton-hogan/
2024-03-12 17:07:26,550 - WARNING - No <main> element found. For https://www.fultonhogan.com/fulton-hogans-community-partnerships-on-the-nbn-rollout/
2024-03-12 17:07:31,416 - WARNING - No <main> element found. For https://www.fultonhogan.com/first-sod-turned-at-central-plains-irrigation-scheme-new-zealand/
2024-03-12 17:07:36,140 - WARNING - No <main> element found. For https://www.fultonhogan.com/fulton-hogan-heb-alliance-wins-nz-workplace-health-and-safety-award/
2024-03-12 17:07:38,548 - WARNING - No <main> element found. For https://www.fultonhogan.com/major-milestone-achieved-at-tel-with-new-paengaroa-roundabout/
2024-03-12 17:07:43,702 - WARNING - No <main> element found. For https://www.fultonhogan.com/fulton-hogans-first-electric-car/
2024-03-12 17:07:46,159 - WARNING - No <main> element found. For https://www.fultonhogan.com/light-rail-infrastructure-near-melbourne/
2024-03-12 17:07:50,886 - WARNING - No <main> element found. For https://www.fultonhogan.com/fulton-hogans-people-news/
2024-03-12 17:07:55,496 - WARNING - No <main> element found. For https://www.fultonhogan.com/christchurch-rebuilding-on-the-world-stage/
2024-03-12 17:07:58,264 - WARNING - No <main> element found. For https://www.fultonhogan.com/managing-melbournians-roads/
2024-03-12 17:08:00,946 - WARNING - No <main> element found. For https://www.fultonhogan.com/helping-to-keep-our-cities-tidy/
2024-03-12 17:08:03,771 - WARNING - No <main> element found. For https://www.fultonhogan.com/project-making-headway-woolgoolga-bypass-opened-to-traffic/
2024-03-12 17:08:06,255 - WARNING - No <main> element found. For https://www.fultonhogan.com/hands-on-commitment-to-driver-safety-in-christchurch/
2024-03-12 17:08:08,690 - WARNING - No <main> element found. For https://www.fultonhogan.com/icing-on-cake-for-quarrying-team/
2024-03-12 17:08:11,368 - WARNING - No <main> element found. For https://www.fultonhogan.com/putting-the-speed-in-speed-tables/
2024-03-12 17:08:19,258 - WARNING - No <main> element found. For https://www.fultonhogan.com/electric-volvo-loader/
2024-03-12 17:08:21,819 - WARNING - No <main> element found. For https://www.fultonhogan.com/parampara-spreads-the-environmental-word/
2024-03-12 17:08:24,270 - WARNING - No <main> element found. For https://www.fultonhogan.com/fulton-hogan-egis-secures-30-year-contract-for-m6-stage-1-motorway-in-sydney/
2024-03-12 17:08:26,928 - WARNING - No <main> element found. For https://www.fultonhogan.com/dream-team-guides-major-bay-of-plenty-project/
2024-03-12 17:08:29,378 - WARNING - No <main> element found. For https://www.fultonhogan.com/kaeo-bridge-links-up-a-community/
2024-03-12 17:08:31,853 - WARNING - No <main> element found. For https://www.fultonhogan.com/waimea-community-dam-all-set/
2024-03-12 17:08:31,857 - INFO - Scraping page-sitemap...
2024-03-12 17:08:34,420 - WARNING - No <main> element found. For https://www.fultonhogan.com/
2024-03-12 17:08:36,861 - WARNING - No <main> element found. For https://www.fultonhogan.com/airports-defence/
2024-03-12 17:08:39,536 - WARNING - No <main> element found. For https://www.fultonhogan.com/capabilities-au/
2024-03-12 17:08:42,095 - WARNING - No <main> element found. For https://www.fultonhogan.com/
2024-03-12 17:08:44,957 - WARNING - No <main> element found. For https://www.fultonhogan.com/join-our-team/
2024-03-12 17:08:47,827 - WARNING - No <main> element found. For https://www.fultonhogan.com/join-our-team/career-pathways/cadetships/
2024-03-12 17:08:50,274 - WARNING - No <main> element found. For https://www.fultonhogan.com/join-our-team/employee-stories/
2024-03-12 17:08:54,429 - WARNING - No <main> element found. For https://www.fultonhogan.com/join-our-team/job-vacanciesnz/
2024-03-12 17:08:57,246 - WARNING - No <main> element found. For https://www.fultonhogan.com/join-our-team/job-vacanciesnz/job-vacancy-post/
2024-03-12 17:08:59,735 - WARNING - No <main> element found. For https://www.fultonhogan.com/airports-and-defence-australia/
2024-03-12 17:09:02,268 - WARNING - No <main> element found. For https://www.fultonhogan.com/contact-us/
2024-03-12 17:09:04,728 - WARNING - No <main> element found. For https://www.fultonhogan.com/join-our-team/why-fulton-hogan/
2024-03-12 17:09:07,551 - WARNING - No <main> element found. For https://www.fultonhogan.com/key-projects/
2024-03-12 17:09:10,402 - WARNING - No <main> element found. For https://www.fultonhogan.com/living-safely/
2024-03-12 17:09:13,008 - WARNING - No <main> element found. For https://www.fultonhogan.com/news-and-resources/
2024-03-12 17:09:15,891 - WARNING - No <main> element found. For https://www.fultonhogan.com/news-and-resources/holidays-act-remediation-nz/
2024-03-12 17:09:18,447 - WARNING - No <main> element found. For https://www.fultonhogan.com/news-and-resources/management-plans/
2024-03-12 17:09:20,903 - WARNING - No <main> element found. For https://www.fultonhogan.com/news-and-resources/management-plans/pollution-incident-response-management-summary/
2024-03-12 17:09:23,563 - WARNING - No <main> element found. For https://www.fultonhogan.com/news-and-resources/publications/
2024-03-12 17:09:28,556 - WARNING - No <main> element found. For https://www.fultonhogan.com/lifesavingrules/
2024-03-12 17:09:31,040 - WARNING - No <main> element found. For https://www.fultonhogan.com/our-story/
2024-03-12 17:09:33,744 - WARNING - No <main> element found. For https://www.fultonhogan.com/our-story/community-partnerships/
2024-03-12 17:09:33,915 - WARNING - No <main> element found. For https://www.fultonhogan.com/our-story/our-journey/
2024-03-12 17:09:36,439 - WARNING - No <main> element found. For https://www.fultonhogan.com/our-story/our-values-and-behaviours/
2024-03-12 17:09:39,434 - WARNING - No <main> element found. For https://www.fultonhogan.com/policies/
2024-03-12 17:09:42,005 - WARNING - No <main> element found. For https://www.fultonhogan.com/privacy-policy/
2024-03-12 17:09:44,754 - WARNING - No <main> element found. For https://www.fultonhogan.com/products/
2024-03-12 17:09:51,383 - ERROR - Request error: 404 Client Error: Not Found for url: https://www.fultonhogan.com/products/speciality-products/
2024-03-12 17:10:13,626 - WARNING - No <main> element found. For https://www.fultonhogan.com/quarries/
2024-03-12 17:10:25,722 - WARNING - No <main> element found. For https://www.fultonhogan.com/nbnjobs/
2024-03-12 17:10:29,405 - WARNING - No <main> element found. For https://www.fultonhogan.com/report-a-concern/
2024-03-12 17:10:35,517 - WARNING - No <main> element found. For https://www.fultonhogan.com/sds/
2024-03-12 17:10:40,263 - WARNING - No <main> element found. For https://www.fultonhogan.com/sectors/
2024-03-12 17:10:42,984 - WARNING - No <main> element found. For https://www.fultonhogan.com/services/
2024-03-12 17:10:45,818 - WARNING - No <main> element found. For https://www.fultonhogan.com/site-map/
2024-03-12 17:10:48,672 - WARNING - No <main> element found. For https://www.fultonhogan.com/specialty-products/
2024-03-12 17:10:51,320 - WARNING - No <main> element found. For https://www.fultonhogan.com/subscribed/
2024-03-12 17:10:53,978 - WARNING - No <main> element found. For https://www.fultonhogan.com/takeovers-code-exemption-notice-disclosure/
2024-03-12 17:10:56,439 - WARNING - No <main> element found. For https://www.fultonhogan.com/test-grad-module/
2024-03-12 17:10:59,316 - WARNING - No <main> element found. For https://www.fultonhogan.com/weve-made-some-changes/
2024-03-12 17:11:01,763 - WARNING - No <main> element found. For https://www.fultonhogan.com/terms-and-conditions/
2024-03-12 17:11:04,437 - WARNING - No <main> element found. For https://www.fultonhogan.com/our-story/our-leaders/
2024-03-12 17:11:06,859 - WARNING - No <main> element found. For https://www.fultonhogan.com/join-our-team/career-pathways/graduates-au/
2024-03-12 17:11:09,551 - WARNING - No <main> element found. For https://www.fultonhogan.com/join-our-team/career-pathways/
2024-03-12 17:11:12,531 - WARNING - No <main> element found. For https://www.fultonhogan.com/join-our-team/career-pathways/earlycareers-nz/
2024-03-12 17:11:15,316 - WARNING - No <main> element found. For https://www.fultonhogan.com/our-story/sustainable-future/
2024-03-12 17:11:15,319 - INFO - Scraping sectors-sitemap...
2024-03-12 17:11:17,940 - WARNING - No <main> element found. For https://www.fultonhogan.com/sectors/motorsport/
2024-03-12 17:11:20,916 - WARNING - No <main> element found. For https://www.fultonhogan.com/sectors/communications/
2024-03-12 17:11:23,338 - WARNING - No <main> element found. For https://www.fultonhogan.com/sectors/ports/
2024-03-12 17:11:25,827 - WARNING - No <main> element found. For https://www.fultonhogan.com/sectors/roads-and-bridges/
2024-03-12 17:11:28,284 - WARNING - No <main> element found. For https://www.fultonhogan.com/sectors/resources/
2024-03-12 17:11:30,712 - WARNING - No <main> element found. For https://www.fultonhogan.com/sectors/energy/
2024-03-12 17:11:33,099 - WARNING - No <main> element found. For https://www.fultonhogan.com/sectors/rail/
2024-03-12 17:11:35,887 - WARNING - No <main> element found. For https://www.fultonhogan.com/sectors/defence/
2024-03-12 17:11:38,321 - WARNING - No <main> element found. For https://www.fultonhogan.com/sectors/airports/
2024-03-12 17:11:40,786 - WARNING - No <main> element found. For https://www.fultonhogan.com/sectors/water/
2024-03-12 17:11:40,791 - INFO - Scraping keyprojects-sitemap...
2024-03-12 17:11:43,306 - WARNING - No <main> element found. For https://www.fultonhogan.com/keyprojects/
2024-03-12 17:11:46,218 - WARNING - No <main> element found. For https://www.fultonhogan.com/keyprojects/frankton-marina/
2024-03-12 17:11:48,770 - WARNING - No <main> element found. For https://www.fultonhogan.com/keyprojects/route-k-pedestrian-overbridge/
2024-03-12 17:11:51,341 - WARNING - No <main> element found. For https://www.fultonhogan.com/keyprojects/ardmore-water-treatment-plant/
2024-03-12 17:11:53,992 - WARNING - No <main> element found. For https://www.fultonhogan.com/keyprojects/naseby-waste-water-filtration-beds/
2024-03-12 17:11:56,962 - WARNING - No <main> element found. For https://www.fultonhogan.com/keyprojects/adelaide-airport-t2-apron-and-taxiway-overlay/
2024-03-12 17:11:59,422 - WARNING - No <main> element found. For https://www.fultonhogan.com/keyprojects/arraw-dam/
2024-03-12 17:12:02,085 - WARNING - No <main> element found. For https://www.fultonhogan.com/keyprojects/rosedale-wwtp-expansion-liquid-stream/
2024-03-12 17:12:04,944 - WARNING - No <main> element found. For https://www.fultonhogan.com/keyprojects/sh36-pedestrian-overbridge-matarawa-pa-overbridge/
2024-03-12 17:12:07,820 - WARNING - No <main> element found. For https://www.fultonhogan.com/keyprojects/lyttelton-pump-stations/
2024-03-12 17:12:10,279 - WARNING - No <main> element found. For https://www.fultonhogan.com/keyprojects/waimea-community-dam/
2024-03-12 17:12:12,939 - WARNING - No <main> element found. For https://www.fultonhogan.com/keyprojects/glendowie-branch-sewer-upgrade/
2024-03-12 17:12:15,603 - WARNING - No <main> element found. For https://www.fultonhogan.com/keyprojects/awakino-tunnel-bypass/
2024-03-12 17:12:18,298 - WARNING - No <main> element found. For https://www.fultonhogan.com/keyprojects/wynyard-quarter-pump-station/
2024-03-12 17:12:21,035 - WARNING - No <main> element found. For https://www.fultonhogan.com/keyprojects/coastal-pathway-shag-rock-to-esplanade/
2024-03-12 17:12:23,901 - WARNING - No <main> element found. For https://www.fultonhogan.com/keyprojects/edendale-state-highway-one-realignment/
2024-03-12 17:12:26,560 - WARNING - No <main> element found. For https://www.fultonhogan.com/keyprojects/dunedin-airport-gate-5-extension/
2024-03-12 17:12:29,426 - WARNING - No <main> element found. For https://www.fultonhogan.com/keyprojects/wetlands-irrigation-floodways-riverine-recovery-project-rrp/
2024-03-12 17:12:32,427 - WARNING - No <main> element found. For https://www.fultonhogan.com/keyprojects/wetlands-irrigation-floodways-katfish-reach-hydrological-and-fish-passage-structures/
2024-03-12 17:12:34,855 - WARNING - No <main> element found. For https://www.fultonhogan.com/keyprojects/water-supply-naracoorte-water-supply-upgrade/
2024-03-12 17:12:37,229 - WARNING - No <main> element found. For https://www.fultonhogan.com/keyprojects/water-supply-hackney-road-and-north-east-road-trunk-water-main-upgrade-dc/
2024-03-12 17:12:39,873 - WARNING - No <main> element found. For https://www.fultonhogan.com/keyprojects/water-storage-werribee-aquifer-storage-and-recovery-project/
2024-03-12 17:12:42,742 - WARNING - No <main> element found. For https://www.fultonhogan.com/keyprojects/pipelines-peninsula-eco-transfer-main/
2024-03-12 17:12:45,295 - WARNING - No <main> element found. For https://www.fultonhogan.com/keyprojects/wastewater-glenelg-wastewater-treatment-plant-inlet-screens-anderson-ave-pump-station/
2024-03-12 17:12:47,710 - WARNING - No <main> element found. For https://www.fultonhogan.com/keyprojects/wastewater-mount-martha-sewer-treatment-plant-stp-odour-control-facility/
2024-03-12 17:12:51,032 - WARNING - No <main> element found. For https://www.fultonhogan.com/keyprojects/water-storage-olympic-dam-potable-60ml-80ml-dams-upgrades/
2024-03-12 17:12:53,473 - WARNING - No <main> element found. For https://www.fultonhogan.com/keyprojects/me-metro-mechanical-and-electrical-framework/
2024-03-12 17:12:55,952 - WARNING - No <main> element found. For https://www.fultonhogan.com/keyprojects/collaborative-working-pipelines-sewerage-and-drainage-program-alliance/
2024-03-12 17:12:58,401 - WARNING - No <main> element found. For https://www.fultonhogan.com/keyprojects/collaborative-working-collaborative-rbp16-frameworks/
2024-03-12 17:13:00,969 - WARNING - No <main> element found. For https://www.fultonhogan.com/keyprojects/the-waterways-alliance-wetlands-irrigation-floodways/
2024-03-12 17:13:03,529 - WARNING - No <main> element found. For https://www.fultonhogan.com/keyprojects/wellington-international-airport-taxiway-a-widening-and-resurfacing/
2024-03-12 17:13:06,393 - WARNING - No <main> element found. For https://www.fultonhogan.com/keyprojects/hunua-4/
2024-03-12 17:13:09,361 - WARNING - No <main> element found. For https://www.fultonhogan.com/keyprojects/pukekohe-wastewater-treatment-plant-upgrade/
2024-03-12 17:13:11,923 - WARNING - No <main> element found. For https://www.fultonhogan.com/keyprojects/project-florence-fonterra-wastewater-treatment-plant/
2024-03-12 17:13:14,894 - WARNING - No <main> element found. For https://www.fultonhogan.com/keyprojects/new-plymouth-wastewater-treatment-plant-upgrade/
2024-03-12 17:13:17,963 - WARNING - No <main> element found. For https://www.fultonhogan.com/keyprojects/darlington-upgrade/
2024-03-12 17:13:20,494 - WARNING - No <main> element found. For https://www.fultonhogan.com/keyprojects/auckland-motorway-alliance/
2024-03-12 17:13:22,979 - WARNING - No <main> element found. For https://www.fultonhogan.com/keyprojects/central-otago-district-council-roading-physical-works-contract/
2024-03-12 17:13:25,476 - WARNING - No <main> element found. For https://www.fultonhogan.com/keyprojects/wellington-network-outcomes-contract/
2024-03-12 17:13:28,103 - WARNING - No <main> element found. For https://www.fultonhogan.com/keyprojects/nbn-south-australia-packages/
2024-03-12 17:13:32,920 - WARNING - No <main> element found. For https://www.fultonhogan.com/keyprojects/maroon-moogerah-dam-upgrade-works/
2024-03-12 17:13:36,808 - WARNING - No <main> element found. For https://www.fultonhogan.com/keyprojects/boondooma-dam/
2024-03-12 17:13:39,471 - WARNING - No <main> element found. For https://www.fultonhogan.com/keyprojects/cleanaway-remediation/
2024-03-12 17:13:42,435 - WARNING - No <main> element found. For https://www.fultonhogan.com/keyprojects/bulgana-wind-farm-balance-of-plant/
2024-03-12 17:13:45,004 - WARNING - No <main> element found. For https://www.fultonhogan.com/keyprojects/south-east-water-pipeline-structures-program/
2024-03-12 17:13:48,494 - WARNING - No <main> element found. For https://www.fultonhogan.com/keyprojects/city-of-port-phillip-civil-infrastructure-maintenance/
2024-03-12 17:13:51,040 - WARNING - No <main> element found. For https://www.fultonhogan.com/keyprojects/vicroads-eastern-and-south-western-maintenance-alliances/
2024-03-12 17:13:53,600 - WARNING - No <main> element found. For https://www.fultonhogan.com/keyprojects/south-west-and-great-western-integrated-services-arrangement/
2024-03-12 17:13:56,064 - WARNING - No <main> element found. For https://www.fultonhogan.com/keyprojects/whitsunday-coast-airport-runway-upgrade/
2024-03-12 17:13:58,506 - WARNING - No <main> element found. For https://www.fultonhogan.com/keyprojects/national-aircraft-pavement-maintenance-program-2014-2020/
2024-03-12 17:14:00,972 - WARNING - No <main> element found. For https://www.fultonhogan.com/keyprojects/raaf-pearce-and-gin-gin-overlays/
2024-03-12 17:14:03,739 - WARNING - No <main> element found. For https://www.fultonhogan.com/keyprojects/widening-of-portobello-road/
2024-03-12 17:14:06,315 - WARNING - No <main> element found. For https://www.fultonhogan.com/keyprojects/eastern-access-road-hawthorne-drive/
2024-03-12 17:14:08,962 - WARNING - No <main> element found. For https://www.fultonhogan.com/keyprojects/northern-corridor-improvements-nci/
2024-03-12 17:14:11,831 - WARNING - No <main> element found. For https://www.fultonhogan.com/keyprojects/new-brighton-pier/
2024-03-12 17:14:14,488 - WARNING - No <main> element found. For https://www.fultonhogan.com/keyprojects/taramakau-bridge/
2024-03-12 17:14:17,453 - WARNING - No <main> element found. For https://www.fultonhogan.com/keyprojects/major-cycle-routes/
2024-03-12 17:14:19,914 - WARNING - No <main> element found. For https://www.fultonhogan.com/keyprojects/western-belfast-bypass/
2024-03-12 17:14:22,987 - WARNING - No <main> element found. For https://www.fultonhogan.com/keyprojects/peculiar-knob-haul-road/
2024-03-12 17:14:25,447 - WARNING - No <main> element found. For https://www.fultonhogan.com/keyprojects/toorak-road-west-tram-extension/
2024-03-12 17:14:29,064 - WARNING - No <main> element found. For https://www.fultonhogan.com/keyprojects/north-eastern-project-alliance/
2024-03-12 17:14:31,695 - WARNING - No <main> element found. For https://www.fultonhogan.com/keyprojects/bayswater-level-crossing-removal/
2024-03-12 17:14:34,755 - WARNING - No <main> element found. For https://www.fultonhogan.com/keyprojects/melbourne-tram-track-renewal/
2024-03-12 17:14:37,940 - WARNING - No <main> element found. For https://www.fultonhogan.com/keyprojects/north-island-cable-enhancement-4-nice4/
2024-03-12 17:14:40,520 - WARNING - No <main> element found. For https://www.fultonhogan.com/keyprojects/kaimai-tunnel/
2024-03-12 17:14:43,143 - WARNING - No <main> element found. For https://www.fultonhogan.com/keyprojects/kaikoura-emergency-works/
2024-03-12 17:14:49,771 - WARNING - No <main> element found. For https://www.fultonhogan.com/keyprojects/port-botany-redevelopment/
2024-03-12 17:14:52,574 - WARNING - No <main> element found. For https://www.fultonhogan.com/keyprojects/midland-port/
2024-03-12 17:14:55,203 - WARNING - No <main> element found. For https://www.fultonhogan.com/keyprojects/kaikoura-marina/
2024-03-12 17:14:57,910 - WARNING - No <main> element found. For https://www.fultonhogan.com/keyprojects/bentley-chemplax-redevelopment/
2024-03-12 17:15:00,983 - WARNING - No <main> element found. For https://www.fultonhogan.com/keyprojects/white-rock-wind-farm/
2024-03-12 17:15:03,878 - WARNING - No <main> element found. For https://www.fultonhogan.com/keyprojects/mahinerangi-wind-farm/
2024-03-12 17:15:06,322 - WARNING - No <main> element found. For https://www.fultonhogan.com/keyprojects/kupe-gas-onshore-production-station-upgrade/
2024-03-12 17:15:09,048 - WARNING - No <main> element found. For https://www.fultonhogan.com/keyprojects/arthurs-lake-hydro/
2024-03-12 17:15:11,624 - WARNING - No <main> element found. For https://www.fultonhogan.com/keyprojects/fibre-to-the-curb-fttc-design-and-construct/
2024-03-12 17:15:14,402 - WARNING - No <main> element found. For https://www.fultonhogan.com/keyprojects/taxiway-alpha-widening-and-strengthening/
2024-03-12 17:15:17,457 - WARNING - No <main> element found. For https://www.fultonhogan.com/keyprojects/project-lift-at-coolangatta-airport/
2024-03-12 17:15:20,338 - WARNING - No <main> element found. For https://www.fultonhogan.com/keyprojects/southern-apron-expansion-sae-tullamarine-airport/
2024-03-12 17:15:23,095 - WARNING - No <main> element found. For https://www.fultonhogan.com/keyprojects/4414/
2024-03-12 17:15:25,635 - WARNING - No <main> element found. For https://www.fultonhogan.com/keyprojects/taxiway-lima/
2024-03-12 17:15:28,222 - WARNING - No <main> element found. For https://www.fultonhogan.com/keyprojects/sample-key-project/
2024-03-12 17:15:30,787 - WARNING - No <main> element found. For https://www.fultonhogan.com/keyprojects/civil-site-works-for-australia-pacific-lng-plant/
2024-03-12 17:15:33,549 - WARNING - No <main> element found. For https://www.fultonhogan.com/keyprojects/imex-intermodal-terminal-1/
2024-03-12 17:15:42,422 - WARNING - No <main> element found. For https://www.fultonhogan.com/keyprojects/berth-p026-hardstand/
2024-03-12 17:15:56,886 - WARNING - No <main> element found. For https://www.fultonhogan.com/keyprojects/riccarton-road-upgrade/
2024-03-12 17:16:00,311 - WARNING - No <main> element found. For https://www.fultonhogan.com/keyprojects/me-metro-mechanical-and-electrical-framework-2/
2024-03-12 17:16:03,139 - WARNING - No <main> element found. For https://www.fultonhogan.com/keyprojects/westconnex-operations-maintenance/
2024-03-12 17:16:05,699 - WARNING - No <main> element found. For https://www.fultonhogan.com/keyprojects/petone-to-melling-cycleway/
2024-03-12 17:16:08,155 - WARNING - No <main> element found. For https://www.fultonhogan.com/keyprojects/huntly-bypass/
2024-03-12 17:16:10,920 - WARNING - No <main> element found. For https://www.fultonhogan.com/keyprojects/sir-tim-wallis-drive-roundabout/
2024-03-12 17:16:13,902 - WARNING - No <main> element found. For https://www.fultonhogan.com/keyprojects/inland-rail-section-5-parkes-to-narromine-p2n/
2024-03-12 17:16:16,657 - WARNING - No <main> element found. For https://www.fultonhogan.com/keyprojects/monash-freeway-upgrade/
2024-03-12 17:16:19,114 - WARNING - No <main> element found. For https://www.fultonhogan.com/keyprojects/midlands-highway-epping-forest-to-powranna/
2024-03-12 17:16:21,982 - WARNING - No <main> element found. For https://www.fultonhogan.com/keyprojects/midway-point-intersection-solution/
2024-03-12 17:16:24,439 - WARNING - No <main> element found. For https://www.fultonhogan.com/keyprojects/cardinia-road-pakenham-level-crossing-removal/
2024-03-12 17:16:27,308 - WARNING - No <main> element found. For https://www.fultonhogan.com/keyprojects/clyde-road-berwick-level-crossing-removal/
2024-03-12 17:16:29,954 - WARNING - No <main> element found. For https://www.fultonhogan.com/keyprojects/craigieburn-road-upgrade/
2024-03-12 17:16:32,839 - WARNING - No <main> element found. For https://www.fultonhogan.com/keyprojects/fitzgerald-road-ardeer-and-robinsons-road-deer-park-level-crossing-removal/
2024-03-12 17:16:35,596 - WARNING - No <main> element found. For https://www.fultonhogan.com/keyprojects/evans-road-lyndhurst-level-crossing-removal/
2024-03-12 17:16:38,246 - WARNING - No <main> element found. For https://www.fultonhogan.com/keyprojects/hallam-bypass/
2024-03-12 17:16:40,923 - WARNING - No <main> element found. For https://www.fultonhogan.com/keyprojects/south-gippsland-highway-level-crossing-removal/
2024-03-12 17:16:43,692 - WARNING - No <main> element found. For https://www.fultonhogan.com/keyprojects/m80-ring-road-upgrade/
2024-03-12 17:16:46,446 - WARNING - No <main> element found. For https://www.fultonhogan.com/keyprojects/hoddle-street-streamlining-package-b/
2024-03-12 17:16:48,911 - WARNING - No <main> element found. For https://www.fultonhogan.com/keyprojects/prime-port-timaru-wharf/
2024-03-12 17:16:55,466 - WARNING - No <main> element found. For https://www.fultonhogan.com/keyprojects/christchurch-northern-corridor-cnc/
2024-03-12 17:16:58,031 - WARNING - No <main> element found. For https://www.fultonhogan.com/keyprojects/dunedin-city-council-sp8/
2024-03-12 17:17:00,585 - WARNING - No <main> element found. For https://www.fultonhogan.com/keyprojects/lyttelton-wastewater-work-package-4/
2024-03-12 17:17:03,251 - WARNING - No <main> element found. For https://www.fultonhogan.com/keyprojects/pukekohe-east-reservoir/
2024-03-12 17:17:05,914 - WARNING - No <main> element found. For https://www.fultonhogan.com/keyprojects/north-frame-pedestrian-bridge/
2024-03-12 17:17:08,392 - WARNING - No <main> element found. For https://www.fultonhogan.com/keyprojects/northland-bridges-matakohe-and-taipa/
2024-03-12 17:17:10,819 - WARNING - No <main> element found. For https://www.fultonhogan.com/keyprojects/kiwirail-bridge-7/
2024-03-12 17:17:13,695 - WARNING - No <main> element found. For https://www.fultonhogan.com/keyprojects/waiari-water-treatment-plant/
2024-03-12 17:17:16,350 - WARNING - No <main> element found. For https://www.fultonhogan.com/keyprojects/asphalting-for-spirit-of-tasmanias-new-quay-in-geelong/
2024-03-12 17:17:16,355 - INFO - Scraping products-sitemap...
2024-03-12 17:17:18,919 - WARNING - No <main> element found. For https://www.fultonhogan.com/products/quarry-products/
2024-03-12 17:17:21,758 - WARNING - No <main> element found. For https://www.fultonhogan.com/products/binders/
2024-03-12 17:17:24,222 - WARNING - No <main> element found. For https://www.fultonhogan.com/products/asphalt/
2024-03-12 17:17:26,779 - WARNING - No <main> element found. For https://www.fultonhogan.com/products/signs-and-graphics/
2024-03-12 17:17:29,660 - WARNING - No <main> element found. For https://www.fultonhogan.com/products/concrete/
2024-03-12 17:17:29,663 - INFO - Scraping services-sitemap...
2024-03-12 17:17:32,633 - WARNING - No <main> element found. For https://www.fultonhogan.com/services/transport/
2024-03-12 17:17:35,381 - WARNING - No <main> element found. For https://www.fultonhogan.com/services/traffic-mgmt/
2024-03-12 17:17:38,714 - WARNING - No <main> element found. For https://www.fultonhogan.com/services/asset-management/
2024-03-12 17:17:41,321 - WARNING - No <main> element found. For https://www.fultonhogan.com/services/laboratories/
2024-03-12 17:17:45,018 - WARNING - No <main> element found. For https://www.fultonhogan.com/services/surfacing/
2024-03-12 17:17:47,481 - WARNING - No <main> element found. For https://www.fultonhogan.com/services/construction/
2024-03-12 17:17:47,485 - INFO - Scraping managementplans-sitemap...
2024-03-12 17:17:50,272 - WARNING - No <main> element found. For https://www.fultonhogan.com/managementplans/
2024-03-12 17:17:53,006 - WARNING - No <main> element found. For https://www.fultonhogan.com/managementplans/wgea-report-industries-2016-2017/
2024-03-12 17:17:55,984 - WARNING - No <main> element found. For https://www.fultonhogan.com/managementplans/newell-highway-upgrade-mungle-back-creek-to-boggabilla/
2024-03-12 17:17:58,946 - WARNING - No <main> element found. For https://www.fultonhogan.com/managementplans/albion-park-rail-bypass/
2024-03-12 17:18:01,426 - WARNING - No <main> element found. For https://www.fultonhogan.com/managementplans/fulton-hogan-australia-wgea-report-2018-19/
2024-03-12 17:18:03,893 - WARNING - No <main> element found. For https://www.fultonhogan.com/managementplans/prospect-highway-upgrade-phu-project/
2024-03-12 17:18:06,447 - WARNING - No <main> element found. For https://www.fultonhogan.com/managementplans/metropolitan-roads-program-alliance/
2024-03-12 17:18:09,000 - WARNING - No <main> element found. For https://www.fultonhogan.com/managementplans/parkes-special-activation-precinct-sap-enabling-works-project/
2024-03-12 17:18:23,920 - WARNING - No <main> element found. For https://www.fultonhogan.com/managementplans/sub-contractor-plant-safety-matrix/
2024-03-12 17:18:35,821 - WARNING - No <main> element found. For https://www.fultonhogan.com/managementplans/nowra-bridge-project/
2024-03-12 17:18:39,515 - WARNING - No <main> element found. For https://www.fultonhogan.com/managementplans/pollution-incident-response-management-plan/
2024-03-12 17:18:42,270 - WARNING - No <main> element found. For https://www.fultonhogan.com/managementplans/pollution-incident-response-management-plan-2/
2024-03-12 17:18:45,549 - WARNING - No <main> element found. For https://www.fultonhogan.com/managementplans/pollution-incident-response-management-plan-1/
2024-03-12 17:18:48,414 - WARNING - No <main> element found. For https://www.fultonhogan.com/managementplans/newcastle-inner-city-bypass-rankin-park-to-jesmond/
2024-03-12 17:18:48,419 - INFO - Scraping featured_sponsorship-sitemap...
2024-03-12 17:18:50,874 - WARNING - No <main> element found. For https://www.fultonhogan.com/featured_sponsorship/project-headline-lorem-ipsum/
2024-03-12 17:18:53,630 - WARNING - No <main> element found. For https://www.fultonhogan.com/featured_sponsorship/lorem-ipsum-lorem/
2024-03-12 17:18:53,634 - INFO - Scraping quarries-sitemap...
2024-03-12 17:18:56,506 - WARNING - No <main> element found. For https://www.fultonhogan.com/quarries/challies-island-quarry-new-zealand/
2024-03-12 17:18:59,730 - WARNING - No <main> element found. For https://www.fultonhogan.com/quarries/roydon-quarry-new-zealand/
2024-03-12 17:19:02,338 - WARNING - No <main> element found. For https://www.fultonhogan.com/quarries/willowbank-quarry-new-zealand/
2024-03-12 17:19:02,342 - INFO - Scraping category-sitemap...
2024-03-12 17:19:07,464 - WARNING - No <main> element found. For https://www.fultonhogan.com/category/act/
2024-03-12 17:19:12,484 - WARNING - No <main> element found. For https://www.fultonhogan.com/category/locations/adelaide-locations/
2024-03-12 17:19:17,695 - WARNING - No <main> element found. For https://www.fultonhogan.com/category/airports/
2024-03-12 17:19:29,519 - WARNING - No <main> element found. For https://www.fultonhogan.com/category/locations/alexandria/
2024-03-12 17:19:34,776 - WARNING - No <main> element found. For https://www.fultonhogan.com/category/locations/alice-springs/
2024-03-12 17:19:39,531 - WARNING - No <main> element found. For https://www.fultonhogan.com/category/asset-management/
2024-03-12 17:19:44,429 - WARNING - No <main> element found. For https://www.fultonhogan.com/category/locations/auckland-locations/
2024-03-12 17:19:49,961 - WARNING - No <main> element found. For https://www.fultonhogan.com/category/aus/
2024-03-12 17:19:55,421 - WARNING - No <main> element found. For https://www.fultonhogan.com/category/news-media/awards/
2024-03-12 17:20:00,406 - WARNING - No <main> element found. For https://www.fultonhogan.com/category/bacchus-marsh/
2024-03-12 17:20:06,962 - WARNING - No <main> element found. For https://www.fultonhogan.com/category/bald-hills/
2024-03-12 17:20:11,759 - WARNING - No <main> element found. For https://www.fultonhogan.com/category/ballarat/
2024-03-12 17:20:16,736 - WARNING - No <main> element found. For https://www.fultonhogan.com/category/bay-of-plenty/
2024-03-12 17:20:22,011 - WARNING - No <main> element found. For https://www.fultonhogan.com/category/bendigo/
2024-03-12 17:20:27,131 - WARNING - No <main> element found. For https://www.fultonhogan.com/category/blue-rock-quarry/
2024-03-12 17:20:32,350 - WARNING - No <main> element found. For https://www.fultonhogan.com/category/brisbane/
2024-03-12 17:20:37,475 - WARNING - No <main> element found. For https://www.fultonhogan.com/category/brooklyn/
2024-03-12 17:20:42,480 - WARNING - No <main> element found. For https://www.fultonhogan.com/category/bunbury/
2024-03-12 17:20:47,302 - WARNING - No <main> element found. For https://www.fultonhogan.com/category/burleigh/
2024-03-12 17:20:52,121 - WARNING - No <main> element found. For https://www.fultonhogan.com/category/canterbury/
2024-03-12 17:20:57,012 - WARNING - No <main> element found. For https://www.fultonhogan.com/category/civil-works/
2024-03-12 17:21:01,644 - WARNING - No <main> element found. For https://www.fultonhogan.com/category/news-media/community/
2024-03-12 17:21:06,970 - WARNING - No <main> element found. For https://www.fultonhogan.com/category/news-media/construction/
2024-03-12 17:21:12,620 - WARNING - No <main> element found. For https://www.fultonhogan.com/category/dandenong/
2024-03-12 17:21:58,380 - WARNING - No <main> element found. For https://www.fultonhogan.com/category/darwin/
2024-03-12 17:22:17,957 - WARNING - No <main> element found. For https://www.fultonhogan.com/category/defence/
2024-03-12 17:22:47,042 - WARNING - No <main> element found. For https://www.fultonhogan.com/category/doyalson/
2024-03-12 17:23:16,951 - WARNING - No <main> element found. For https://www.fultonhogan.com/category/drouin/
2024-03-12 17:24:03,694 - WARNING - No <main> element found. For https://www.fultonhogan.com/category/dry-creek/
2024-03-12 17:24:40,019 - WARNING - No <main> element found. For https://www.fultonhogan.com/category/dubbo/
2024-03-12 17:24:54,697 - WARNING - No <main> element found. For https://www.fultonhogan.com/category/dunedin/
2024-03-12 17:25:00,475 - WARNING - No <main> element found. For https://www.fultonhogan.com/category/eastern-creek/
2024-03-12 17:25:06,075 - WARNING - No <main> element found. For https://www.fultonhogan.com/category/emerald/
2024-03-12 17:25:11,199 - WARNING - No <main> element found. For https://www.fultonhogan.com/category/energy/
2024-03-12 17:25:16,627 - WARNING - No <main> element found. For https://www.fultonhogan.com/category/energy-and-mining/
2024-03-12 17:25:22,362 - WARNING - No <main> element found. For https://www.fultonhogan.com/category/feature-banner/
2024-03-12 17:25:27,277 - WARNING - No <main> element found. For https://www.fultonhogan.com/category/locations/fiji-locations/
2024-03-12 17:25:32,396 - WARNING - No <main> element found. For https://www.fultonhogan.com/category/geebung/
2024-03-12 17:25:37,536 - WARNING - No <main> element found. For https://www.fultonhogan.com/category/geelong/
2024-03-12 17:25:42,944 - WARNING - No <main> element found. For https://www.fultonhogan.com/category/gladstone/
2024-03-12 17:25:48,336 - WARNING - No <main> element found. For https://www.fultonhogan.com/category/gold-coast/
2024-03-12 17:25:53,542 - WARNING - No <main> element found. For https://www.fultonhogan.com/category/hazelmere/
2024-03-12 17:25:59,353 - WARNING - No <main> element found. For https://www.fultonhogan.com/category/news-media/health-and-safety/
2024-03-12 17:26:04,429 - WARNING - No <main> element found. For https://www.fultonhogan.com/category/heavy-haulage/
2024-03-12 17:26:09,438 - WARNING - No <main> element found. For https://www.fultonhogan.com/category/homepage-slider/
2024-03-12 17:26:14,340 - WARNING - No <main> element found. For https://www.fultonhogan.com/category/news-media/industry/
2024-03-12 17:26:19,225 - WARNING - No <main> element found. For https://www.fultonhogan.com/category/news-media/infrastructure/
2024-03-12 17:26:24,227 - WARNING - No <main> element found. For https://www.fultonhogan.com/category/news-media/innovation/
2024-03-12 17:26:29,201 - WARNING - No <main> element found. For https://www.fultonhogan.com/category/kembla-grange/
2024-03-12 17:26:33,958 - WARNING - No <main> element found. For https://www.fultonhogan.com/category/langwarrin/
2024-03-12 17:26:38,662 - WARNING - No <main> element found. For https://www.fultonhogan.com/category/laverton/
2024-03-12 17:26:44,199 - WARNING - No <main> element found. For https://www.fultonhogan.com/category/locations/
2024-03-12 17:26:49,324 - WARNING - No <main> element found. For https://www.fultonhogan.com/category/longreach/
2024-03-12 17:26:54,312 - WARNING - No <main> element found. For https://www.fultonhogan.com/category/mackay/
2024-03-12 17:26:59,751 - WARNING - No <main> element found. For https://www.fultonhogan.com/category/mcgraths-hill/
2024-03-12 17:27:04,563 - WARNING - No <main> element found. For https://www.fultonhogan.com/category/melbourne/
2024-03-12 17:27:09,672 - WARNING - No <main> element found. For https://www.fultonhogan.com/category/mildura/
2024-03-12 17:27:14,573 - WARNING - No <main> element found. For https://www.fultonhogan.com/category/mile-end/
2024-03-12 17:27:19,625 - WARNING - No <main> element found. For https://www.fultonhogan.com/category/news-media/
2024-03-12 17:27:25,670 - WARNING - No <main> element found. For https://www.fultonhogan.com/category/nsw/
2024-03-12 17:27:30,987 - WARNING - No <main> element found. For https://www.fultonhogan.com/category/nt/
2024-03-12 17:27:36,440 - WARNING - No <main> element found. For https://www.fultonhogan.com/category/nz/
2024-03-12 17:27:41,609 - WARNING - No <main> element found. For https://www.fultonhogan.com/category/ormeau/
2024-03-12 17:27:46,530 - WARNING - No <main> element found. For https://www.fultonhogan.com/category/our-community/
2024-03-12 17:27:51,308 - WARNING - No <main> element found. For https://www.fultonhogan.com/category/news-media/people/
2024-03-12 17:27:56,498 - WARNING - No <main> element found. For https://www.fultonhogan.com/category/perth/
2024-03-12 17:28:01,491 - WARNING - No <main> element found. For https://www.fultonhogan.com/category/ports/
2024-03-12 17:28:06,807 - WARNING - No <main> element found. For https://www.fultonhogan.com/category/news-media/projects/
2024-03-12 17:28:13,488 - WARNING - No <main> element found. For https://www.fultonhogan.com/category/pullout-banner/
2024-03-12 17:28:19,210 - WARNING - No <main> element found. For https://www.fultonhogan.com/category/qld/
2024-03-12 17:28:24,417 - WARNING - No <main> element found. For https://www.fultonhogan.com/category/quarries/
2024-03-12 17:28:30,905 - WARNING - No <main> element found. For https://www.fultonhogan.com/category/rail/
2024-03-12 17:28:35,843 - WARNING - No <main> element found. For https://www.fultonhogan.com/category/road-and-bridges/
2024-03-12 17:28:41,483 - WARNING - No <main> element found. For https://www.fultonhogan.com/category/rosebery/
2024-03-12 17:28:46,961 - WARNING - No <main> element found. For https://www.fultonhogan.com/category/rutherford/
2024-03-12 17:28:52,017 - WARNING - No <main> element found. For https://www.fultonhogan.com/category/sa/
2024-03-12 17:28:57,833 - WARNING - No <main> element found. For https://www.fultonhogan.com/category/specialty-products-and-services/
2024-03-12 17:29:02,814 - WARNING - No <main> element found. For https://www.fultonhogan.com/category/stapylton/
2024-03-12 17:29:07,690 - WARNING - No <main> element found. For https://www.fultonhogan.com/category/stonemaster/
2024-03-12 17:29:12,554 - WARNING - No <main> element found. For https://www.fultonhogan.com/category/surfacing/
2024-03-12 17:29:17,585 - WARNING - No <main> element found. For https://www.fultonhogan.com/category/sustainability/
2024-03-12 17:29:22,317 - WARNING - No <main> element found. For https://www.fultonhogan.com/category/news-media/sustainability-and-environment/
2024-03-12 17:29:27,508 - WARNING - No <main> element found. For https://www.fultonhogan.com/category/sydney/
2024-03-12 17:29:32,732 - WARNING - No <main> element found. For https://www.fultonhogan.com/category/tamworth/
2024-03-12 17:29:37,944 - WARNING - No <main> element found. For https://www.fultonhogan.com/category/taranaki/
2024-03-12 17:29:43,205 - WARNING - No <main> element found. For https://www.fultonhogan.com/category/tas/
2024-03-12 17:29:47,976 - WARNING - No <main> element found. For https://www.fultonhogan.com/category/tasmania/
2024-03-12 17:29:53,730 - WARNING - No <main> element found. For https://www.fultonhogan.com/category/telecommunications-and-services/
2024-03-12 17:29:58,873 - WARNING - No <main> element found. For https://www.fultonhogan.com/category/toowoomba/
2024-03-12 17:30:05,686 - WARNING - No <main> element found. For https://www.fultonhogan.com/category/townsville/
2024-03-12 17:30:10,441 - WARNING - No <main> element found. For https://www.fultonhogan.com/category/townsville-bohle/
2024-03-12 17:30:16,648 - WARNING - No <main> element found. For https://www.fultonhogan.com/category/tylden/
2024-03-12 17:30:21,402 - WARNING - No <main> element found. For https://www.fultonhogan.com/category/tynong/
2024-03-12 17:30:26,735 - WARNING - No <main> element found. For https://www.fultonhogan.com/category/uncategorized/
2024-03-12 17:30:32,417 - WARNING - No <main> element found. For https://www.fultonhogan.com/category/vic/
2024-03-12 17:30:37,237 - WARNING - No <main> element found. For https://www.fultonhogan.com/category/wa/
2024-03-12 17:30:42,416 - WARNING - No <main> element found. For https://www.fultonhogan.com/category/wagga-wagga/
2024-03-12 17:30:48,679 - WARNING - No <main> element found. For https://www.fultonhogan.com/category/waikato/
2024-03-12 17:30:53,749 - WARNING - No <main> element found. For https://www.fultonhogan.com/category/warrnambool/
2024-03-12 17:30:58,742 - WARNING - No <main> element found. For https://www.fultonhogan.com/category/water-and-wastewater/
2024-03-12 17:31:03,709 - WARNING - No <main> element found. For https://www.fultonhogan.com/category/westall/
2024-03-12 17:31:03,712 - INFO - Scraping post_tag-sitemap...
2024-03-12 17:31:08,668 - WARNING - No <main> element found. For https://www.fultonhogan.com/tag/awakino/
2024-03-12 17:31:14,008 - WARNING - No <main> element found. For https://www.fultonhogan.com/tag/bypass/
2024-03-12 17:31:18,819 - WARNING - No <main> element found. For https://www.fultonhogan.com/tag/civil-north/
2024-03-12 17:31:24,042 - WARNING - No <main> element found. For https://www.fultonhogan.com/tag/community/
2024-03-12 17:31:28,918 - WARNING - No <main> element found. For https://www.fultonhogan.com/tag/frankton-marina/
2024-03-12 17:31:33,807 - WARNING - No <main> element found. For https://www.fultonhogan.com/tag/graeme-johnson/
2024-03-12 17:31:38,531 - WARNING - No <main> element found. For https://www.fultonhogan.com/tag/new-zealand/
2024-03-12 17:31:44,317 - WARNING - No <main> element found. For https://www.fultonhogan.com/tag/snake-creek/
2024-03-12 17:31:49,336 - WARNING - No <main> element found. For https://www.fultonhogan.com/tag/waimea-dam/
2024-03-12 17:31:54,457 - WARNING - No <main> element found. For https://www.fultonhogan.com/tag/wairere-drive/
2024-03-12 17:31:54,462 - INFO - Scraping kp_category-sitemap...
2024-03-12 17:31:57,426 - WARNING - No <main> element found. For https://www.fultonhogan.com/key-projects/airports/
2024-03-12 17:32:00,293 - WARNING - No <main> element found. For https://www.fultonhogan.com/key-projects/asset-management/
2024-03-12 17:32:03,462 - WARNING - No <main> element found. For https://www.fultonhogan.com/key-projects/communications/
2024-03-12 17:32:06,879 - WARNING - No <main> element found. For https://www.fultonhogan.com/key-projects/construction/
2024-03-12 17:32:09,591 - WARNING - No <main> element found. For https://www.fultonhogan.com/key-projects/defence/
2024-03-12 17:32:12,374 - WARNING - No <main> element found. For https://www.fultonhogan.com/key-projects/energy/
2024-03-12 17:32:15,022 - WARNING - No <main> element found. For https://www.fultonhogan.com/key-projects/feature-banner/
2024-03-12 17:32:17,915 - WARNING - No <main> element found. For https://www.fultonhogan.com/key-projects/ports/
2024-03-12 17:32:20,668 - WARNING - No <main> element found. For https://www.fultonhogan.com/key-projects/rail/
2024-03-12 17:32:23,236 - WARNING - No <main> element found. For https://www.fultonhogan.com/key-projects/resources/
2024-03-12 17:32:26,213 - WARNING - No <main> element found. For https://www.fultonhogan.com/key-projects/roads-and-bridges/
2024-03-12 17:32:28,967 - WARNING - No <main> element found. For https://www.fultonhogan.com/key-projects/surfacing/
2024-03-12 17:32:31,509 - WARNING - No <main> element found. For https://www.fultonhogan.com/key-projects/water/
2024-03-12 17:32:31,517 - INFO - Scraping author-sitemap...
2024-03-12 17:32:34,090 - WARNING - No <main> element found. For https://www.fultonhogan.com/author/dadev/
2024-03-12 17:32:36,680 - WARNING - No <main> element found. For https://www.fultonhogan.com/author/simon/
2024-03-12 17:32:39,207 - WARNING - No <main> element found. For https://www.fultonhogan.com/author/andrew/
2024-03-12 17:32:41,771 - WARNING - No <main> element found. For https://www.fultonhogan.com/author/kelly/
2024-03-12 17:32:44,323 - WARNING - No <main> element found. For https://www.fultonhogan.com/author/fh_admin/
2024-03-12 17:32:44,330 - INFO - Finish Scrapping in: 2901.39586520195 seconds.
