2024-03-13 03:47:05,524 - INFO - Scraping sitemap...
2024-03-13 03:47:07,192 - WARNING - No <main> element found. For https://sig.com/
2024-03-13 03:47:09,032 - WARNING - No <main> element found. For https://sig.com/about/susquehanna-financial-group-institutional-broker/
2024-03-13 03:47:10,462 - WARNING - No <main> element found. For https://sig.com/quantitative-trading/products/
2024-03-13 03:47:12,413 - WARNING - No <main> element found. For https://sig.com/about/etf/
2024-03-13 03:47:14,351 - WARNING - No <main> element found. For https://sig.com/about/culture/news-events/
2024-03-13 03:47:16,299 - WARNING - No <main> element found. For https://sig.com/technology/technology/
2024-03-13 03:47:18,076 - WARNING - No <main> element found. For https://sig.com/about/beyond-work-benefits/
2024-03-13 03:47:19,630 - WARNING - No <main> element found. For https://sig.com/quantitative-research/
2024-03-13 03:47:21,051 - WARNING - No <main> element found. For https://sig.com/campus-programs/co-op/
2024-03-13 03:47:22,846 - WARNING - No <main> element found. For https://sig.com/about/news-events/archive/6/
2024-03-13 03:47:24,563 - WARNING - No <main> element found. For https://sig.com/about/global-private-equity/
2024-03-13 03:47:26,559 - WARNING - No <main> element found. For https://sig.com/about/culture/women-at-sig/
2024-03-13 03:47:28,300 - WARNING - No <main> element found. For https://sig.com/about/news-events/archive/7/
2024-03-13 03:47:30,009 - WARNING - No <main> element found. For https://sig.com/team/meet-tax-accountant/
2024-03-13 03:47:32,051 - WARNING - No <main> element found. For https://sig.com/team/meet-financial-accountant/
2024-03-13 03:47:33,920 - WARNING - No <main> element found. For https://sig.com/team/meet-software-developer/
2024-03-13 03:47:35,665 - WARNING - No <main> element found. For https://sig.com/team/meet-quant/
2024-03-13 03:47:37,512 - WARNING - No <main> element found. For https://sig.com/team/meet-c-software-developer/
2024-03-13 03:47:39,133 - WARNING - No <main> element found. For https://sig.com/team/meet-windows-systems-engineer/
2024-03-13 03:47:41,004 - WARNING - No <main> element found. For https://sig.com/team/meet-network-administrator/
2024-03-13 03:47:42,633 - WARNING - No <main> element found. For https://sig.com/team/meet-security-engineer/
2024-03-13 03:47:44,055 - WARNING - No <main> element found. For https://sig.com/about/
2024-03-13 03:47:45,703 - WARNING - No <main> element found. For https://sig.com/team/meet-network-engineer/
2024-03-13 03:47:47,759 - WARNING - No <main> element found. For https://sig.com/campus-programmes/
2024-03-13 03:47:49,597 - WARNING - No <main> element found. For https://sig.com/about/news-events/archive/0/
2024-03-13 03:47:51,836 - WARNING - No <main> element found. For https://sig.com/team/meet-sydney-trader/
2024-03-13 03:47:53,892 - WARNING - No <main> element found. For https://sig.com/about/culture/speaker-series/
2024-03-13 03:47:55,660 - WARNING - No <main> element found. For https://sig.com/speaker-series/john-urschel/
2024-03-13 03:47:57,372 - WARNING - No <main> element found. For https://sig.com/speaker-series/sam-hinkie/
2024-03-13 03:47:59,249 - WARNING - No <main> element found. For https://sig.com/about/news-events/archive/1/
2024-03-13 03:48:00,947 - WARNING - No <main> element found. For https://sig.com/quantitative-trading/game-theory/
2024-03-13 03:48:03,414 - WARNING - No <main> element found. For https://sig.com/team/meet-private-placements-analyst/
2024-03-13 03:48:04,982 - WARNING - No <main> element found. For https://sig.com/speaker-series/prisoners-dilemma/
2024-03-13 03:48:06,714 - WARNING - No <main> element found. For https://sig.com/team/meet-data-engineer/
2024-03-13 03:48:08,745 - WARNING - No <main> element found. For https://sig.com/team/meet-sell-side-research-associate/
2024-03-13 03:48:10,959 - WARNING - No <main> element found. For https://sig.com/team/meet-technology-associate/
2024-03-13 03:48:13,166 - WARNING - No <main> element found. For https://sig.com/team/meet-tax-specialist/
2024-03-13 03:48:14,972 - WARNING - No <main> element found. For https://sig.com/team/meet-head-of-technology/
2024-03-13 03:48:17,415 - WARNING - No <main> element found. For https://sig.com/team/meet-information-security-expert/
2024-03-13 03:48:19,738 - WARNING - No <main> element found. For https://sig.com/campus-programs/quants/
2024-03-13 03:48:21,646 - WARNING - No <main> element found. For https://sig.com/team/meet-operations-analyst-program/
2024-03-13 03:48:23,375 - WARNING - No <main> element found. For https://sig.com/quantitative-trading/
2024-03-13 03:48:25,121 - WARNING - No <main> element found. For https://sig.com/campus-programs/technology/
2024-03-13 03:48:27,338 - WARNING - No <main> element found. For https://sig.com/about/about/
2024-03-13 03:48:29,747 - WARNING - No <main> element found. For https://sig.com/speaker-series/sam-robertson/
2024-03-13 03:48:32,338 - WARNING - No <main> element found. For https://sig.com/team/meet-data-center-team/
2024-03-13 03:48:33,910 - WARNING - No <main> element found. For https://sig.com/about/news-events/archive/2/
2024-03-13 03:48:36,116 - WARNING - No <main> element found. For https://sig.com/about/news-events/archive/3/
2024-03-13 03:48:40,421 - WARNING - No <main> element found. For https://sig.com/sfg-events/
2024-03-13 03:48:43,043 - WARNING - No <main> element found. For https://sig.com/sfg-events/housing-financials-2016/
2024-03-13 03:48:45,295 - WARNING - No <main> element found. For https://sig.com/speaker-series/ian-robertson/
2024-03-13 03:48:48,432 - WARNING - No <main> element found. For https://sig.com/about/culture/traders/
2024-03-13 03:48:51,097 - WARNING - No <main> element found. For https://sig.com/campus-programs/ops/
2024-03-13 03:48:54,007 - WARNING - No <main> element found. For https://sig.com/team/meet-operations-intern/
2024-03-13 03:48:56,102 - WARNING - No <main> element found. For https://sig.com/sfg-events/energy-forum-nyc-2016/
2024-03-13 03:48:58,635 - WARNING - No <main> element found. For https://sig.com/about/culture/quants/
2024-03-13 03:49:00,758 - WARNING - No <main> element found. For https://sig.com/about/news-events/archive/5/
2024-03-13 03:49:02,756 - WARNING - No <main> element found. For https://sig.com/speaker-series/don-boudreaux/
2024-03-13 03:49:04,675 - WARNING - No <main> element found. For https://sig.com/speaker-series/raising-for-effective-giving/
2024-03-13 03:49:07,206 - WARNING - No <main> element found. For https://sig.com/team/meet-operations-team-lead/
2024-03-13 03:49:09,717 - WARNING - No <main> element found. For https://sig.com/team/meet-algo-trader/
2024-03-13 03:49:12,446 - WARNING - No <main> element found. For https://sig.com/quantitative-research/quantitative-research/
2024-03-13 03:49:14,308 - WARNING - No <main> element found. For https://sig.com/speaker-series/gary-johnson/
2024-03-13 03:49:16,469 - WARNING - No <main> element found. For https://sig.com/team/meet-quant-analyst/
2024-03-13 03:49:18,452 - WARNING - No <main> element found. For https://sig.com/speaker-series/mario-moussa/
2024-03-13 03:49:20,372 - WARNING - No <main> element found. For https://sig.com/about/news-events/archive/4/
2024-03-13 03:49:22,240 - WARNING - No <main> element found. For https://sig.com/about/approach/
2024-03-13 03:49:24,938 - WARNING - No <main> element found. For https://sig.com/sitemap/
2024-03-13 03:49:26,987 - WARNING - No <main> element found. For https://sig.com/team/meet-associate-systems-engineer/
2024-03-13 03:49:29,439 - WARNING - No <main> element found. For https://sig.com/team/meet-sydney-software-developer/
2024-03-13 03:49:31,632 - WARNING - No <main> element found. For https://sig.com/team/meet-quantitative-researcher/
2024-03-13 03:49:33,791 - WARNING - No <main> element found. For https://sig.com/speaker-series/travis-oliphant/
2024-03-13 03:49:35,886 - WARNING - No <main> element found. For https://sig.com/team/meet-brokerage-operations-analyst/
2024-03-13 03:49:37,330 - WARNING - No <main> element found. For https://sig.com/team/meet-accountant/
2024-03-13 03:49:39,062 - WARNING - No <main> element found. For https://sig.com/speaker-series/martin-thompson/
2024-03-13 03:49:40,599 - WARNING - No <main> element found. For https://sig.com/team/meet-security-intern/
2024-03-13 03:49:42,132 - WARNING - No <main> element found. For https://sig.com/team/meet-c-sharp-software-developer/
2024-03-13 03:49:44,073 - WARNING - No <main> element found. For https://sig.com/about/culture/team/
2024-03-13 03:49:45,891 - WARNING - No <main> element found. For https://sig.com/campus-programs/trading/
2024-03-13 03:49:47,765 - WARNING - No <main> element found. For https://sig.com/team/meet-software-development-team-lead/
2024-03-13 03:49:49,582 - WARNING - No <main> element found. For https://sig.com/team/meet-derivatives-trader/
2024-03-13 03:49:51,096 - WARNING - No <main> element found. For https://sig.com/sfg-events/chemical-conference-boston-2016/
2024-03-13 03:49:52,941 - WARNING - No <main> element found. For https://sig.com/about/news-events/archives/
2024-03-13 03:49:54,610 - WARNING - No <main> element found. For https://sig.com/team/meet-linux-systems-engineer/
2024-03-13 03:49:56,257 - WARNING - No <main> element found. For https://sig.com/speaker-series/cyber-security-trends-threats/
2024-03-13 03:49:57,786 - WARNING - No <main> element found. For https://sig.com/about/locations/
2024-03-13 03:49:59,415 - WARNING - No <main> element found. For https://sig.com/speaker-series/jennifer-shahade/
2024-03-13 03:50:01,056 - WARNING - No <main> element found. For https://sig.com/team/meet-technical-support-analyst/
2024-03-13 03:50:02,651 - WARNING - No <main> element found. For https://sig.com/team/meet-trading-intern/
2024-03-13 03:50:04,332 - WARNING - No <main> element found. For https://sig.com/quantitative-trading/decision-making/
2024-03-13 03:50:05,794 - WARNING - No <main> element found. For https://sig.com/technology/
2024-03-13 03:50:07,375 - WARNING - No <main> element found. For https://sig.com/speaker-series/howie-roseman/
2024-03-13 03:50:10,246 - WARNING - No <main> element found. For https://sig.com/team/meet-sydney-commodities-trader/
2024-03-13 03:50:12,218 - WARNING - No <main> element found. For https://sig.com/team/meet-business-co-op/
2024-03-13 03:50:13,698 - WARNING - No <main> element found. For https://sig.com/team/meet-technology-co-op/
2024-03-13 03:50:15,304 - WARNING - No <main> element found. For https://sig.com/speaker-series/weather-winter-2013-2014/
2024-03-13 03:50:16,891 - WARNING - No <main> element found. For https://sig.com/speaker-series/scott-meyers/
2024-03-13 03:50:19,200 - WARNING - No <main> element found. For https://sig.com/campus-programs/research/
2024-03-13 03:50:21,147 - WARNING - No <main> element found. For https://sig.com/quantitative-trading/trading/
2024-03-13 03:50:22,552 - WARNING - No <main> element found. For https://sig.com/about/news-events/
2024-03-13 03:50:25,434 - WARNING - No <main> element found. For https://sig.com/team/meet-quantitative-intern/
2024-03-13 03:50:27,618 - WARNING - No <main> element found. For https://sig.com/campus-programs/campus-recruiting/
2024-03-13 03:50:30,268 - WARNING - No <main> element found. For https://sig.com/speaker-series/cameron-tyler-winklevoss/
2024-03-13 03:50:31,948 - WARNING - No <main> element found. For https://sig.com/speaker-series/todd-sampson/
2024-03-13 03:50:33,533 - WARNING - No <main> element found. For https://sig.com/speaker-series/phil-tetlock/
2024-03-13 03:50:34,991 - WARNING - No <main> element found. For https://sig.com/quantitative-research/day-of-a-quantitative-researcher/
2024-03-13 03:50:36,575 - WARNING - No <main> element found. For https://sig.com/about/information-and-waiver/
2024-03-13 03:50:38,143 - WARNING - No <main> element found. For https://sig.com/speaker-series/jordan-ellenberg/
2024-03-13 03:50:40,005 - WARNING - No <main> element found. For https://sig.com/team/meet-senior-accountant/
2024-03-13 03:50:42,027 - WARNING - No <main> element found. For https://sig.com/team/meet-software-development-intern/
2024-03-13 03:50:43,786 - WARNING - No <main> element found. For https://sig.com/team/meet-assistant-trader/
2024-03-13 03:50:45,691 - WARNING - No <main> element found. For https://sig.com/team/meet-research-analyst/
2024-03-13 03:50:47,363 - WARNING - No <main> element found. For https://sig.com/about/culture/
2024-03-13 03:50:48,900 - WARNING - No <main> element found. For https://sig.com/team/meet-fpga-engineer/
2024-03-13 03:50:50,847 - WARNING - No <main> element found. For https://sig.com/team/meet-colocation-administrator/
2024-03-13 03:50:52,787 - WARNING - No <main> element found. For https://sig.com/team/meet-researcher/
2024-03-13 03:50:54,431 - WARNING - No <main> element found. For https://sig.com/speaker-series/annie-duke/
2024-03-13 03:50:56,334 - WARNING - No <main> element found. For https://sig.com/team/meet-operations-analyst/
2024-03-13 03:50:58,026 - WARNING - No <main> element found. For https://sig.com/campus-programs/
2024-03-13 03:50:59,416 - WARNING - No <main> element found. For https://sig.com/speaker-series/bruce-schneier/
2024-03-13 03:51:01,240 - WARNING - No <main> element found. For https://sig.com/technology/day-of-a-developer/
2024-03-13 03:51:02,965 - WARNING - No <main> element found. For https://sig.com/speaker-series/nate-silver/
2024-03-13 03:51:20,084 - WARNING - Some characters could not be decoded, and were replaced with REPLACEMENT CHARACTER.
2024-03-13 03:51:20,111 - WARNING - No <main> element found. For https://sig.com/Documents/morethanjob.pdf
2024-03-13 03:51:20,114 - INFO - Finish Scrapping in: 257.9532380104065 seconds.
