2024-03-12 17:59:47,043 - ERROR - Request error: 404 Client Error: Not Found for url: https://www.gpaeng.com.au/post-archive-sitemap.xml
2024-03-12 17:59:47,962 - INFO - Scraping post-sitemap...
2024-03-12 17:59:49,062 - WARNING - No <main> element found. For https://www.gpaeng.com.au/news/
2024-03-12 17:59:50,296 - WARNING - No <main> element found. For https://www.gpaeng.com.au/news/gpa-and-yes-group-recognised-at-the-2023-energy-mining-premiers-awards/
2024-03-12 17:59:51,427 - WARNING - No <main> element found. For https://www.gpaeng.com.au/news/celebrating-leading-australias-green-energy-transition/
2024-03-12 17:59:52,532 - WARNING - No <main> element found. For https://www.gpaeng.com.au/news/pushing-the-edge-for-mental-health-awareness-and-support/
2024-03-12 17:59:53,779 - WARNING - No <main> element found. For https://www.gpaeng.com.au/news/gpa-cycling-tdu-challenge-tour-2023/
2024-03-12 17:59:54,998 - WARNING - No <main> element found. For https://www.gpaeng.com.au/news/utilising-recycled-plastics/
2024-03-12 17:59:56,219 - WARNING - No <main> element found. For https://www.gpaeng.com.au/news/gpa-vacation-students-sustainable-design/
2024-03-12 17:59:57,460 - WARNING - No <main> element found. For https://www.gpaeng.com.au/news/lihir-gold-mine-asset-condition-assessment-audit/
2024-03-12 17:59:58,687 - WARNING - No <main> element found. For https://www.gpaeng.com.au/news/supporting-industry-and-university-collaboration/
2024-03-12 17:59:59,788 - WARNING - No <main> element found. For https://www.gpaeng.com.au/news/hyp-sa-commended-at-the-sa-premiers-awards-for-energy-and-mining/
2024-03-12 18:00:00,887 - WARNING - No <main> element found. For https://www.gpaeng.com.au/news/gpas-emerging-leader-program-named-aitd-excellence-award-finalist/
2024-03-12 18:00:02,001 - WARNING - No <main> element found. For https://www.gpaeng.com.au/uncategorised/its-a-wrap-2020-apga-virtual-convention-and-exhibition/
2024-03-12 18:00:03,090 - WARNING - No <main> element found. For https://www.gpaeng.com.au/news/providing-support-services-to-the-australian-space-agency/
2024-03-12 18:00:04,216 - WARNING - No <main> element found. For https://www.gpaeng.com.au/news/australian-engineering-excellence-awards/
2024-03-12 18:00:05,345 - WARNING - No <main> element found. For https://www.gpaeng.com.au/news/australias-national-hydrogen-strategy/
2024-03-12 18:00:06,471 - WARNING - No <main> element found. For https://www.gpaeng.com.au/news/developing-emerging-technologies-in-australias-pipeline-and-gas-industry/
2024-03-12 18:00:07,547 - WARNING - No <main> element found. For https://www.gpaeng.com.au/news/gpa-judges-speak-out-for-engineering-competition/
2024-03-12 18:00:08,706 - WARNING - No <main> element found. For https://www.gpaeng.com.au/news/segula-technologies-and-gpa-engineering-join-forces/
2024-03-12 18:00:09,848 - WARNING - No <main> element found. For https://www.gpaeng.com.au/news/the-world-engineers-convention-wec/
2024-03-12 18:00:10,983 - WARNING - No <main> element found. For https://www.gpaeng.com.au/news/west-beach-surf-life-saving-club-pink-and-blue-walk-swim/
2024-03-12 18:00:12,202 - WARNING - No <main> element found. For https://www.gpaeng.com.au/news/remote-factory-acceptance-testing-fat/
2024-03-12 18:00:13,333 - WARNING - No <main> element found. For https://www.gpaeng.com.au/developing-australias-hydrogen-industry/
2024-03-12 18:00:13,337 - INFO - Scraping page-sitemap...
2024-03-12 18:00:14,464 - WARNING - No <main> element found. For https://www.gpaeng.com.au/
2024-03-12 18:00:15,587 - WARNING - No <main> element found. For https://www.gpaeng.com.au/about-us/graduate-undergraduate-program/
2024-03-12 18:00:16,707 - WARNING - No <main> element found. For https://www.gpaeng.com.au/about-us/qhse-is/
2024-03-12 18:00:17,834 - WARNING - No <main> element found. For https://www.gpaeng.com.au/capstat
2024-03-12 18:00:18,975 - WARNING - No <main> element found. For https://www.gpaeng.com.au/about-us/careers/
2024-03-12 18:00:20,083 - WARNING - No <main> element found. For https://www.gpaeng.com.au/careersportal
2024-03-12 18:00:21,179 - WARNING - No <main> element found. For https://www.gpaeng.com.au/test/
2024-03-12 18:00:22,250 - WARNING - No <main> element found. For https://www.gpaeng.com.au/publications/
2024-03-12 18:00:23,473 - WARNING - No <main> element found. For https://www.gpaeng.com.au/about-us/key-staff/
2024-03-12 18:00:24,567 - WARNING - No <main> element found. For https://www.gpaeng.com.au/about-us/andrew-ursini-charitable-fund/
2024-03-12 18:00:25,727 - WARNING - No <main> element found. For https://www.gpaeng.com.au/contact-us/
2024-03-12 18:00:26,847 - WARNING - No <main> element found. For https://www.gpaeng.com.au/about-us/community/
2024-03-12 18:00:27,970 - WARNING - No <main> element found. For https://www.gpaeng.com.au/about-us/why-work-with-us/
2024-03-12 18:00:29,095 - WARNING - No <main> element found. For https://www.gpaeng.com.au/about-us/
2024-03-12 18:00:30,169 - WARNING - No <main> element found. For https://www.gpaeng.com.au/projects/
2024-03-12 18:00:31,265 - WARNING - No <main> element found. For https://www.gpaeng.com.au/about-us/our-people/
2024-03-12 18:00:32,385 - WARNING - No <main> element found. For https://www.gpaeng.com.au/services/
2024-03-12 18:00:33,447 - WARNING - No <main> element found. For https://www.gpaeng.com.au/industries/
2024-03-12 18:00:33,449 - INFO - Scraping team-sitemap...
2024-03-12 18:00:34,502 - WARNING - No <main> element found. For https://www.gpaeng.com.au/team-members/amilcar-guerra/
2024-03-12 18:00:35,617 - WARNING - No <main> element found. For https://www.gpaeng.com.au/team-members/briony-oshea/
2024-03-12 18:00:36,673 - WARNING - No <main> element found. For https://www.gpaeng.com.au/team-members/rob-lake-2/
2024-03-12 18:00:37,750 - WARNING - No <main> element found. For https://www.gpaeng.com.au/team-members/sean-flaherty-2/
2024-03-12 18:00:38,880 - WARNING - No <main> element found. For https://www.gpaeng.com.au/team-members/john-elliott-2/
2024-03-12 18:00:39,918 - WARNING - No <main> element found. For https://www.gpaeng.com.au/team-members/rob-lake-3/
2024-03-12 18:00:40,974 - WARNING - No <main> element found. For https://www.gpaeng.com.au/team-members/amilcar-guerra-2/
2024-03-12 18:00:42,024 - WARNING - No <main> element found. For https://www.gpaeng.com.au/team-members/sean-flaherty/
2024-03-12 18:00:43,417 - WARNING - No <main> element found. For https://www.gpaeng.com.au/team-members/david-johnston/
2024-03-12 18:00:44,526 - WARNING - No <main> element found. For https://www.gpaeng.com.au/team-members/donny-pascale/
2024-03-12 18:00:45,597 - WARNING - No <main> element found. For https://www.gpaeng.com.au/team-members/lisa-hein/
2024-03-12 18:00:46,651 - WARNING - No <main> element found. For https://www.gpaeng.com.au/team-members/david-peacock/
2024-03-12 18:00:47,731 - WARNING - No <main> element found. For https://www.gpaeng.com.au/team-members/francois-lambrechts/
2024-03-12 18:00:48,832 - WARNING - No <main> element found. For https://www.gpaeng.com.au/team-members/luke-jureidini/
2024-03-12 18:00:49,959 - WARNING - No <main> element found. For https://www.gpaeng.com.au/team-members/tane-bowels/
2024-03-12 18:00:51,004 - WARNING - No <main> element found. For https://www.gpaeng.com.au/team-members/josh-wickham/
2024-03-12 18:00:52,098 - WARNING - No <main> element found. For https://www.gpaeng.com.au/team-members/nigel-hough/
2024-03-12 18:00:53,146 - WARNING - No <main> element found. For https://www.gpaeng.com.au/team-members/rob-lake/
2024-03-12 18:00:54,177 - WARNING - No <main> element found. For https://www.gpaeng.com.au/team-members/john-elliott/
2024-03-12 18:00:54,178 - INFO - Scraping project-sitemap...
2024-03-12 18:00:55,316 - WARNING - No <main> element found. For https://www.gpaeng.com.au/project/torrens-island-bms-upgrade/
2024-03-12 18:00:56,442 - WARNING - No <main> element found. For https://www.gpaeng.com.au/project/risk-assessments-and-safety-studies/
2024-03-12 18:00:57,567 - WARNING - No <main> element found. For https://www.gpaeng.com.au/project/uranquinty-power-station-upgrade/
2024-03-12 18:00:58,644 - WARNING - No <main> element found. For https://www.gpaeng.com.au/project/power-station-bms-control-system-upgrades/
2024-03-12 18:00:59,745 - WARNING - No <main> element found. For https://www.gpaeng.com.au/project/rmge-projects/
2024-03-12 18:01:00,830 - WARNING - No <main> element found. For https://www.gpaeng.com.au/project/pwc-microgrid-futures-study/
2024-03-12 18:01:01,918 - WARNING - No <main> element found. For https://www.gpaeng.com.au/project/tips-bess/
2024-03-12 18:01:03,108 - WARNING - No <main> element found. For https://www.gpaeng.com.au/project/robotic-cathode-stripping-machine-systems-integration/
2024-03-12 18:01:04,256 - WARNING - No <main> element found. For https://www.gpaeng.com.au/project/olympic-dam-evaporation-pond-design/
2024-03-12 18:01:05,393 - WARNING - No <main> element found. For https://www.gpaeng.com.au/project/malabar-biomethane-project/
2024-03-12 18:01:06,486 - WARNING - No <main> element found. For https://www.gpaeng.com.au/project/viterra-decarbonisation-advisory-and-energy-transformation/
2024-03-12 18:01:07,563 - WARNING - No <main> element found. For https://www.gpaeng.com.au/project/oz-minerals-132kv-substation-upgrade/
2024-03-12 18:01:08,675 - WARNING - No <main> element found. For https://www.gpaeng.com.au/project/eneos-direct-mch-demonstration-plant/
2024-03-12 18:01:09,762 - WARNING - No <main> element found. For https://www.gpaeng.com.au/project/dnm-moranbah-hydrogen-storage-and-supply-concept-study/
2024-03-12 18:01:10,919 - WARNING - No <main> element found. For https://www.gpaeng.com.au/project/charo-oil-field-microgrid-solar-bess/
2024-03-12 18:01:12,123 - WARNING - No <main> element found. For https://www.gpaeng.com.au/project/technical-and-regulatory-reviews-on-the-impact-of-the-introduction-of-hydrogen-to-australian-markets/
2024-03-12 18:01:13,228 - WARNING - No <main> element found. For https://www.gpaeng.com.au/project/western-sydney-green-gas-project/
2024-03-12 18:01:14,272 - WARNING - No <main> element found. For https://www.gpaeng.com.au/project/dbngp-hydrogen-embrittlement-feasibility-study/
2024-03-12 18:01:15,398 - WARNING - No <main> element found. For https://www.gpaeng.com.au/project/carrapateena-underground-works-control-system/
2024-03-12 18:01:16,434 - WARNING - No <main> element found. For https://www.gpaeng.com.au/project/hyp-sa-hydrogen-production-and-injection-facility/
2024-03-12 18:01:17,538 - WARNING - No <main> element found. For https://www.gpaeng.com.au/project/atlas-compressor-station-acs/
2024-03-12 18:01:18,667 - WARNING - No <main> element found. For https://www.gpaeng.com.au/project/tag-management-system-tms-custom-software-development/
2024-03-12 18:01:19,769 - WARNING - No <main> element found. For https://www.gpaeng.com.au/project/roma-north-compression-facility/
2024-03-12 18:01:20,933 - WARNING - No <main> element found. For https://www.gpaeng.com.au/project/goulburn-bioenergy-project/
2024-03-12 18:01:22,153 - WARNING - No <main> element found. For https://www.gpaeng.com.au/project/smelter-hv-upgrade/
2024-03-12 18:01:23,227 - WARNING - No <main> element found. For https://www.gpaeng.com.au/project/structural-condition-assessment-and-jetty-repair-works/
2024-03-12 18:01:24,321 - WARNING - No <main> element found. For https://www.gpaeng.com.au/project/condition-and-useful-life-assessments-of-bulk-loading-plant/
2024-03-12 18:01:25,435 - WARNING - No <main> element found. For https://www.gpaeng.com.au/project/shiploader-structural-assessment-and-demolition-support/
2024-03-12 18:01:26,650 - WARNING - No <main> element found. For https://www.gpaeng.com.au/project/haselgrove-3-gas-wellhead-connection/
2024-03-12 18:01:27,787 - WARNING - No <main> element found. For https://www.gpaeng.com.au/project/member-of-scada-panel/
2024-03-12 18:01:28,916 - WARNING - No <main> element found. For https://www.gpaeng.com.au/project/arc-flash-hazard-analysis/
2024-03-12 18:01:30,033 - WARNING - No <main> element found. For https://www.gpaeng.com.au/project/dingo-gas-field-development-and-gas-processing-facility/
2024-03-12 18:01:31,154 - WARNING - No <main> element found. For https://www.gpaeng.com.au/project/port-pirie-smelter-process-control-system-upgrade/
2024-03-12 18:01:32,297 - WARNING - No <main> element found. For https://www.gpaeng.com.au/project/port-pirie-lead-smelter-works/
2024-03-12 18:01:33,514 - WARNING - No <main> element found. For https://www.gpaeng.com.au/project/port-lincoln-export-terminal-conversion-of-rail-sheds/
2024-03-12 18:01:34,637 - WARNING - No <main> element found. For https://www.gpaeng.com.au/project/sludge-treatment-plant/
2024-03-12 18:01:35,769 - WARNING - No <main> element found. For https://www.gpaeng.com.au/project/bulwer-island-power-station-electric-driven-inlet-gas-boost-compression/
2024-03-12 18:01:37,302 - WARNING - No <main> element found. For https://www.gpaeng.com.au/project/roma-north-wellsite-metering-and-control-infrastructure-design/
2024-03-12 18:01:38,383 - WARNING - No <main> element found. For https://www.gpaeng.com.au/project/mortlake-power-station-pipeline-otway-inlet-station/
2024-03-12 18:01:39,556 - WARNING - No <main> element found. For https://www.gpaeng.com.au/project/torrens-island-co2-removal/
2024-03-12 18:01:40,676 - WARNING - No <main> element found. For https://www.gpaeng.com.au/project/middleton-gas-development/
2024-03-12 18:01:41,791 - WARNING - No <main> element found. For https://www.gpaeng.com.au/project/solvents-plant/
2024-03-12 18:01:42,932 - WARNING - No <main> element found. For https://www.gpaeng.com.au/project/qgp-stage-2-expansion-detailed-design/
2024-03-12 18:01:44,065 - WARNING - No <main> element found. For https://www.gpaeng.com.au/project/tarbat-oil-field-power-upgrade/
2024-03-12 18:01:45,202 - WARNING - No <main> element found. For https://www.gpaeng.com.au/project/ranger-uranium-mine/
2024-03-12 18:01:46,427 - WARNING - No <main> element found. For https://www.gpaeng.com.au/project/cullerin-wind-farm/
2024-03-12 18:01:47,534 - WARNING - No <main> element found. For https://www.gpaeng.com.au/project/christies-beach-water-treatment-ei-upgrade/
2024-03-12 18:01:48,676 - WARNING - No <main> element found. For https://www.gpaeng.com.au/project/bolivar-glenelg-waste-water-treatment-plant-upgrades/
2024-03-12 18:01:49,804 - WARNING - No <main> element found. For https://www.gpaeng.com.au/project/11kv-network-upgrade/
2024-03-12 18:01:50,945 - WARNING - No <main> element found. For https://www.gpaeng.com.au/project/northern-gas-pipeline-design/
2024-03-12 18:01:52,065 - WARNING - No <main> element found. For https://www.gpaeng.com.au/project/supplementary-water-supply/
2024-03-12 18:01:53,193 - WARNING - No <main> element found. For https://www.gpaeng.com.au/project/substations/
2024-03-12 18:01:54,281 - WARNING - No <main> element found. For https://www.gpaeng.com.au/project/solar-farms/
2024-03-12 18:01:54,283 - INFO - Scraping industry-sitemap...
2024-03-12 18:01:55,425 - WARNING - No <main> element found. For https://www.gpaeng.com.au/industry/power/
2024-03-12 18:01:56,667 - WARNING - No <main> element found. For https://www.gpaeng.com.au/industry/ports-materials-handling/
2024-03-12 18:01:59,020 - WARNING - No <main> element found. For https://www.gpaeng.com.au/industry/mining-minerals/
2024-03-12 18:02:00,116 - WARNING - No <main> element found. For https://www.gpaeng.com.au/industry/water-wastewater/
2024-03-12 18:02:01,222 - WARNING - No <main> element found. For https://www.gpaeng.com.au/industry/renewable-microgrid/
2024-03-12 18:02:03,195 - WARNING - No <main> element found. For https://www.gpaeng.com.au/industry/pipelines/
2024-03-12 18:02:04,343 - WARNING - No <main> element found. For https://www.gpaeng.com.au/industry/oil-gas/
2024-03-12 18:02:05,469 - WARNING - No <main> element found. For https://www.gpaeng.com.au/industry/hydrogen/
2024-03-12 18:02:06,462 - WARNING - No <main> element found. For https://www.gpaeng.com.au/industry/defence/
2024-03-12 18:02:06,465 - INFO - Scraping service-sitemap...
2024-03-12 18:02:07,530 - WARNING - No <main> element found. For https://www.gpaeng.com.au/service/process-engineering/
2024-03-12 18:02:08,654 - WARNING - No <main> element found. For https://www.gpaeng.com.au/service/advisory/
2024-03-12 18:02:09,788 - WARNING - No <main> element found. For https://www.gpaeng.com.au/service/mechanical-engineering/
2024-03-12 18:02:10,854 - WARNING - No <main> element found. For https://www.gpaeng.com.au/service/hv-power-engineering/
2024-03-12 18:02:12,032 - WARNING - No <main> element found. For https://www.gpaeng.com.au/service/construction-management/
2024-03-12 18:02:13,244 - WARNING - No <main> element found. For https://www.gpaeng.com.au/service/concept-feasibility-studies/
2024-03-12 18:02:14,422 - WARNING - No <main> element found. For https://www.gpaeng.com.au/service/commission-ops-support/
2024-03-12 18:02:15,539 - WARNING - No <main> element found. For https://www.gpaeng.com.au/service/automation-scada/
2024-03-12 18:02:16,639 - WARNING - No <main> element found. For https://www.gpaeng.com.au/service/audit-inspection/
2024-03-12 18:02:17,703 - WARNING - No <main> element found. For https://www.gpaeng.com.au/service/asset-management/
2024-03-12 18:02:18,771 - WARNING - No <main> element found. For https://www.gpaeng.com.au/service/software-engineering/
2024-03-12 18:02:19,921 - WARNING - No <main> element found. For https://www.gpaeng.com.au/service/risk-compliance/
2024-03-12 18:02:21,147 - WARNING - No <main> element found. For https://www.gpaeng.com.au/service/project-management/
2024-03-12 18:02:22,270 - WARNING - No <main> element found. For https://www.gpaeng.com.au/service/instrumentation-controls/
2024-03-12 18:02:23,366 - WARNING - No <main> element found. For https://www.gpaeng.com.au/service/hazardous-area/
2024-03-12 18:02:24,633 - WARNING - No <main> element found. For https://www.gpaeng.com.au/service/electrical-design/
2024-03-12 18:02:25,884 - WARNING - No <main> element found. For https://www.gpaeng.com.au/service/detail-design-drafting/
2024-03-12 18:02:27,090 - WARNING - No <main> element found. For https://www.gpaeng.com.au/service/civil-structural-engineering/
2024-03-12 18:02:27,094 - INFO - Scraping category-sitemap...
2024-03-12 18:02:28,194 - WARNING - No <main> element found. For https://www.gpaeng.com.au/category/uncategorised/
2024-03-12 18:02:29,321 - WARNING - No <main> element found. For https://www.gpaeng.com.au/category/news/
2024-03-12 18:02:29,325 - INFO - Finish Scrapping in: 171.0204119682312 seconds.
