2024-03-12 16:27:51,330 - INFO - Scraping post-sitemap...
2024-03-12 16:27:51,461 - WARNING - No <main> element found. For https://www.flindersportholdings.com.au/blog/2021/08/23/outer-harbor-whale/
2024-03-12 16:27:51,580 - WARNING - No <main> element found. For https://www.flindersportholdings.com.au/blog/2020/09/15/press-release-temporary-fishing-closures-in-port-pirie/
2024-03-12 16:27:51,717 - WARNING - No <main> element found. For https://www.flindersportholdings.com.au/blog/2019/11/19/80-million-outer-harbor-channel-widening-completed-2/
2024-03-12 16:27:51,889 - WARNING - No <main> element found. For https://www.flindersportholdings.com.au/blog/2019/11/27/flinders-ports-launches-annual-safety-campaign/
2024-03-12 16:27:52,074 - WARNING - No <main> element found. For https://www.flindersportholdings.com.au/blog/2019/06/27/restoration-works-start-on-thevenard-jetty/
2024-03-12 16:27:52,220 - WARNING - No <main> element found. For https://www.flindersportholdings.com.au/blog/2019/03/13/epa-licence-clears-way-outer-harbor-channel-widening/
2024-03-12 16:27:52,378 - WARNING - No <main> element found. For https://www.flindersportholdings.com.au/blog/2018/10/24/sa-cruise-industry-buoyant-sailing-growth/
2024-03-12 16:27:52,502 - WARNING - No <main> element found. For https://www.flindersportholdings.com.au/blog/2018/06/25/new-additions-flinders-ports-pilot-boat-fleet/
2024-03-12 16:27:52,626 - WARNING - No <main> element found. For https://www.flindersportholdings.com.au/blog/2018/05/30/2561-2/
2024-03-12 16:27:52,785 - WARNING - No <main> element found. For https://www.flindersportholdings.com.au/blog/2018/04/19/flinders-port-holdings-farewells-mr-chris-langford-welcomes-new-director-ms-christine-miller/
2024-03-12 16:27:52,922 - WARNING - No <main> element found. For https://www.flindersportholdings.com.au/blog/2018/02/08/cruise-ship-passengers-welcomed-adelaide-upgraded-passenger-terminal/
2024-03-12 16:27:53,051 - WARNING - No <main> element found. For https://www.flindersportholdings.com.au/blog/2018/02/06/ovation-seas-visits-port-adelaide/
2024-03-12 16:27:53,208 - WARNING - No <main> element found. For https://www.flindersportholdings.com.au/blog/2018/01/19/outer-harbor-channel-widening-project-essential-to-safeguarding-our-economy/
2024-03-12 16:27:53,335 - WARNING - No <main> element found. For https://www.flindersportholdings.com.au/blog/2017/12/07/boaties-urged-to-stay-safe-on-the-water-this-summer/
2024-03-12 16:27:53,472 - WARNING - No <main> element found. For https://www.flindersportholdings.com.au/blog/2017/06/21/flinders-ports-leading-the-way-for-port-operations/
2024-03-12 16:27:53,594 - WARNING - No <main> element found. For https://www.flindersportholdings.com.au/blog/2016/01/20/tugboats-strike-delays-ships-entering-and-leaving-port-adelaide-as-part-of-nationwide-action/
2024-03-12 16:27:53,778 - WARNING - No <main> element found. For https://www.flindersportholdings.com.au/blog/2018/02/07/john-pirie-secondary-schools-jacob-tilley-awarded-scholarship/
2024-03-12 16:27:53,914 - WARNING - No <main> element found. For https://www.flindersportholdings.com.au/blog/2014/03/14/efficiency-gains-on-the-horizon/
2024-03-12 16:27:54,120 - WARNING - No <main> element found. For https://www.flindersportholdings.com.au/blog/2016/04/19/flinders-logistics-finalist-at-new-mining-awards/
2024-03-12 16:27:54,274 - WARNING - No <main> element found. For https://www.flindersportholdings.com.au/blog/2016/04/19/awards-for-business-excellence/
2024-03-12 16:27:54,461 - WARNING - No <main> element found. For https://www.flindersportholdings.com.au/blog/2015/09/07/flinders-logistics-in-back-to-work-scheme-for-north-west-suburban-job-seekers/
2024-03-12 16:27:54,587 - WARNING - No <main> element found. For https://www.flindersportholdings.com.au/blog/2015/03/04/flinders-mulls-dust-management-spin-off/
2024-03-12 16:27:54,713 - WARNING - No <main> element found. For https://www.flindersportholdings.com.au/blog/2014/06/22/new-terex-gottwald-crane-sa-mines-energy-journal/
2024-03-12 16:27:54,842 - WARNING - No <main> element found. For https://www.flindersportholdings.com.au/blog/2014/04/24/lloyds-list-featuring-flinders-logistics/
2024-03-12 16:27:54,965 - WARNING - No <main> element found. For https://www.flindersportholdings.com.au/blog/2014/04/07/flinders-logistics-new-terex-gottwald-crane/
2024-03-12 16:27:55,155 - WARNING - No <main> element found. For https://www.flindersportholdings.com.au/blog/2014/04/02/new-crane-supports-a-billion-dollar-impact/
2024-03-12 16:27:55,295 - WARNING - No <main> element found. For https://www.flindersportholdings.com.au/blog/2014/03/21/containerised-bulk-logistics/
2024-03-12 16:27:55,425 - WARNING - No <main> element found. For https://www.flindersportholdings.com.au/blog/2014/03/13/flinders-logistics-makes-bulk-cargo-safe/
2024-03-12 16:27:55,553 - WARNING - No <main> element found. For https://www.flindersportholdings.com.au/blog/2014/02/14/safety-portside-sa-mines-energy-journal/
2024-03-12 16:27:55,700 - WARNING - No <main> element found. For https://www.flindersportholdings.com.au/blog/2014/01/22/container-tippling-forges-on-at-port-adelaide/
2024-03-12 16:27:55,830 - WARNING - No <main> element found. For https://www.flindersportholdings.com.au/blog/2013/12/22/flinders-logistics-environmental-transport-award-2013/
2024-03-12 16:27:55,964 - WARNING - No <main> element found. For https://www.flindersportholdings.com.au/blog/2013/12/21/flinders-logistics-safework-sa-award/
2024-03-12 16:27:56,114 - WARNING - No <main> element found. For https://www.flindersportholdings.com.au/blog/2013/12/01/a-clean-sweep-for-logistics-company/
2024-03-12 16:27:56,269 - WARNING - No <main> element found. For https://www.flindersportholdings.com.au/blog/2013/11/27/clean-sweep-with-environmental-transport-award/
2024-03-12 16:27:56,398 - WARNING - No <main> element found. For https://www.flindersportholdings.com.au/blog/2013/11/21/australian-port-news-dec-2013/
2024-03-12 16:27:56,532 - WARNING - No <main> element found. For https://www.flindersportholdings.com.au/blog/2013/11/05/flinders-logistics-makes-the-cut-to-win-safety-award/
2024-03-12 16:27:56,667 - WARNING - No <main> element found. For https://www.flindersportholdings.com.au/blog/2013/07/05/flinders-logistics-tippling-mineral-sands/
2024-03-12 16:27:56,795 - WARNING - No <main> element found. For https://www.flindersportholdings.com.au/blog/2013/07/02/flinders-logistics-tips-its-containers-to-mineral-sands/
2024-03-12 16:27:56,926 - WARNING - No <main> element found. For https://www.flindersportholdings.com.au/blog/2013/07/01/long-term-deal-with-cristal-mining/
2024-03-12 16:27:57,062 - WARNING - No <main> element found. For https://www.flindersportholdings.com.au/blog/2013/06/05/recognition-for-port-dust/
2024-03-12 16:27:57,194 - WARNING - No <main> element found. For https://www.flindersportholdings.com.au/blog/2013/05/27/flinders-logistics-cleans-up-another-award/
2024-03-12 16:27:57,347 - WARNING - No <main> element found. For https://www.flindersportholdings.com.au/blog/2013/05/02/resources-industry-community-awards-winners/
2024-03-12 16:27:57,467 - WARNING - No <main> element found. For https://www.flindersportholdings.com.au/blog/2013/05/01/tippling-building-for-flinders-logistics/
2024-03-12 16:27:57,591 - WARNING - No <main> element found. For https://www.flindersportholdings.com.au/blog/2013/05/01/mineral-and-energy-companies-recognised-for-excellence/
2024-03-12 16:27:57,717 - WARNING - No <main> element found. For https://www.flindersportholdings.com.au/blog/2013/04/21/flinders-logistics-busts-environmental-dust-problem/
2024-03-12 16:27:57,869 - WARNING - No <main> element found. For https://www.flindersportholdings.com.au/blog/2013/01/29/its-a-hat-trick-for-flinders-logistics/
2024-03-12 16:27:57,990 - WARNING - No <main> element found. For https://www.flindersportholdings.com.au/blog/2015/06/21/hydrosurvey-australia-celebrates-world-hydrography-day/
2024-03-12 16:27:58,115 - WARNING - No <main> element found. For https://www.flindersportholdings.com.au/blog/2015/04/10/hydrosurvey-australia-ships-out-to-outer-harbor/
2024-03-12 16:27:58,226 - WARNING - No <main> element found. For https://www.flindersportholdings.com.au/blog/2015/04/10/hydrosurvey-is-mapping-south-australia-and-interstate-waters/
2024-03-12 16:27:58,362 - WARNING - No <main> element found. For https://www.flindersportholdings.com.au/blog/2014/11/14/australia-port-news-featuring-flinders-hydro-survey/
2024-03-12 16:27:58,512 - WARNING - No <main> element found. For https://www.flindersportholdings.com.au/blog/2016/12/11/flinders-ports-hosts-cruise-ship-ovation-seas-port-adelaide/
2024-03-12 16:27:58,652 - WARNING - No <main> element found. For https://www.flindersportholdings.com.au/blog/2016/11/29/boaties-urged-to-keep-clear-of-danger-this-summer/
2024-03-12 16:27:58,806 - WARNING - No <main> element found. For https://www.flindersportholdings.com.au/blog/2016/09/28/flinders-ports-battens-ports-storm-hits-sa/
2024-03-12 16:27:58,945 - WARNING - No <main> element found. For https://www.flindersportholdings.com.au/blog/2016/07/11/bp-and-flinders-ports-bring-8-million-infrastructure-boost-to-port-adelaide/
2024-03-12 16:27:59,084 - WARNING - No <main> element found. For https://www.flindersportholdings.com.au/blog/2016/03/22/flinders-ports-boosts-youth-travel-grant-scheme/
2024-03-12 16:27:59,215 - WARNING - No <main> element found. For https://www.flindersportholdings.com.au/blog/2016/03/09/1834-2/
2024-03-12 16:27:59,337 - WARNING - No <main> element found. For https://www.flindersportholdings.com.au/blog/2016/03/08/top-port-pirie-student-wins-flinders-ports-award/
2024-03-12 16:27:59,452 - WARNING - No <main> element found. For https://www.flindersportholdings.com.au/blog/2016/01/18/ship-delays-hit-south-australia-as-strike-action-continues/
2024-03-12 16:27:59,589 - WARNING - No <main> element found. For https://www.flindersportholdings.com.au/blog/2016/01/15/flinders-ports-calls-for-urgent-action-as-strikes-threaten-south-australia/
2024-03-12 16:27:59,731 - WARNING - No <main> element found. For https://www.flindersportholdings.com.au/blog/2015/04/17/steve-cox-joins-flinders-adelaide-container-terminal/
2024-03-12 16:27:59,864 - WARNING - No <main> element found. For https://www.flindersportholdings.com.au/blog/2015/03/20/port-piries-easter-motocross-spectacular-sponsor/
2024-03-12 16:28:00,020 - WARNING - No <main> element found. For https://www.flindersportholdings.com.au/blog/2015/01/29/new-cranes-to-boost-efficiency/
2024-03-12 16:28:00,169 - WARNING - No <main> element found. For https://www.flindersportholdings.com.au/blog/2014/12/08/national-award-for-bulk-handling-excellence/
2024-03-12 16:28:00,306 - WARNING - No <main> element found. For https://www.flindersportholdings.com.au/blog/2014/11/10/commendation-for-safety-coordinator/
2024-03-12 16:28:00,447 - WARNING - No <main> element found. For https://www.flindersportholdings.com.au/blog/2021/11/18/winner-deloitte-best-managed-companies/
2024-03-12 16:28:00,582 - WARNING - No <main> element found. For https://www.flindersportholdings.com.au/blog/2021/10/18/2021-gresb-score/
2024-03-12 16:28:00,741 - WARNING - No <main> element found. For https://www.flindersportholdings.com.au/blog/2021/09/17/daily-cargo-news-biosecurity-one-stop-shop/
2024-03-12 16:28:00,881 - WARNING - No <main> element found. For https://www.flindersportholdings.com.au/blog/2021/06/10/mhd-supply-chain-solutions-fwd-a-complete-port-based-logistics-provider/
2024-03-12 16:28:01,029 - WARNING - No <main> element found. For https://www.flindersportholdings.com.au/blog/2021/06/10/ai-to-power-sas-largest-port/
2024-03-12 16:28:01,176 - WARNING - No <main> element found. For https://www.flindersportholdings.com.au/blog/2021/04/22/national-resource-review-a-gateway-to-the-mining-sectors-commodity-markets/
2024-03-12 16:28:01,314 - WARNING - No <main> element found. For https://www.flindersportholdings.com.au/blog/2020/10/23/national-resource-review-magazine-delivering-for-the-resources-sector/
2024-03-12 16:28:01,447 - WARNING - No <main> element found. For https://www.flindersportholdings.com.au/blog/2020/10/19/1870-2/
2024-03-12 16:28:01,571 - WARNING - No <main> element found. For https://www.flindersportholdings.com.au/blog/2020/10/19/epa-confirms-successful-fph-seagrass-management/
2024-03-12 16:28:01,721 - WARNING - No <main> element found. For https://www.flindersportholdings.com.au/blog/2020/07/22/flinders-warehousing-and-distribution-now-biosecurity-approved/
2024-03-12 16:28:01,852 - WARNING - No <main> element found. For https://www.flindersportholdings.com.au/blog/2020/01/15/flinders-ports-to-sponsor-young-cadets-to-learn-maritime-skills-on-the-one-all-tall-ship/
2024-03-12 16:28:02,002 - WARNING - No <main> element found. For https://www.flindersportholdings.com.au/blog/2020/01/10/flinders-ports-holdings-supporting-local-aquaculture-research/
2024-03-12 16:28:02,138 - WARNING - No <main> element found. For https://www.flindersportholdings.com.au/blog/2019/10/18/flinders-port-holdings-launches-major-new-warehousing-and-distribution-business/
2024-03-12 16:28:02,262 - WARNING - No <main> element found. For https://www.flindersportholdings.com.au/blog/2019/05/06/flinders-ports-re-commits-heart-port-adelaide/
2024-03-12 16:28:02,398 - WARNING - No <main> element found. For https://www.flindersportholdings.com.au/blog/2019/01/10/announcement-kangaroo-island-plantation-timbers/
2024-03-12 16:28:02,533 - WARNING - No <main> element found. For https://www.flindersportholdings.com.au/blog/2018/01/25/business-sa-export-ready-program-helping-to-grow-sa-exports/
2024-03-12 16:28:02,647 - WARNING - No <main> element found. For https://www.flindersportholdings.com.au/blog/2017/12/18/prominent-sa-artist-revisits-40-year-old-mural/
2024-03-12 16:28:02,766 - WARNING - No <main> element found. For https://www.flindersportholdings.com.au/blog/2017/12/14/stewart-lammin-to-take-the-helm-at-flinders-port-holdings/
2024-03-12 16:28:02,895 - WARNING - No <main> element found. For https://www.flindersportholdings.com.au/blog/2017/06/22/1090-2/
2024-03-12 16:28:03,028 - WARNING - No <main> element found. For https://www.flindersportholdings.com.au/blog/2017/04/20/1070-2/
2024-03-12 16:28:03,166 - WARNING - No <main> element found. For https://www.flindersportholdings.com.au/blog/2016/04/28/port-pirie-is-flinders-port-holdings-mid-north-hub/
2024-03-12 16:28:03,302 - WARNING - No <main> element found. For https://www.flindersportholdings.com.au/blog/2015/05/01/flinders-ports-launches-the-first-of-two-new-pilot-boats-2/
2024-03-12 16:28:03,443 - WARNING - No <main> element found. For https://www.flindersportholdings.com.au/blog/2015/04/23/dust-up-over-levels-of-metals-in-the-air-at-port-of-townville/
2024-03-12 16:28:03,567 - WARNING - No <main> element found. For https://www.flindersportholdings.com.au/blog/2014/04/02/flinders-port-holdings-70-million-plus-investment-backs-south-australia-trade/
2024-03-12 16:28:03,683 - WARNING - No <main> element found. For https://www.flindersportholdings.com.au/blog/2013/10/04/port-bonython-project-predicted-to-add-10-2-billion-to-states-economy-2/
2024-03-12 16:28:03,815 - WARNING - No <main> element found. For https://www.flindersportholdings.com.au/blog/2013/05/01/deep-water-port-consortium-connects-with-stakeholders-2/
2024-03-12 16:28:03,969 - WARNING - No <main> element found. For https://www.flindersportholdings.com.au/blog/2013/01/31/restructure-at-flinders-ports/
2024-03-12 16:28:04,109 - WARNING - No <main> element found. For https://www.flindersportholdings.com.au/blog/2013/01/30/flinders-ports-restructures/
2024-03-12 16:28:04,248 - WARNING - No <main> element found. For https://www.flindersportholdings.com.au/blog/2020/03/30/announcing-our-new-sustainability-plan/
2024-03-12 16:28:04,388 - WARNING - No <main> element found. For https://www.flindersportholdings.com.au/blog/2018/05/31/changes-charges-flinders-adelaide-container-terminal/
2024-03-12 16:28:04,530 - WARNING - No <main> element found. For https://www.flindersportholdings.com.au/blog/2018/03/08/new-general-manager-flinders-adelaide-container-terminal/
2024-03-12 16:28:04,674 - WARNING - No <main> element found. For https://www.flindersportholdings.com.au/blog/2017/06/22/cu-river-iron-ore-exports-exceeding-expectations/
2024-03-12 16:28:04,826 - WARNING - No <main> element found. For https://www.flindersportholdings.com.au/blog/2016/11/25/flinders-adelaide-container-terminal-and-cu-river-mining-win-national-award/
2024-03-12 16:28:04,964 - WARNING - No <main> element found. For https://www.flindersportholdings.com.au/blog/2016/11/01/adelaide-terminal-shortlisted-at-australian-bulk-handling-awards/
2024-03-12 16:28:05,097 - WARNING - No <main> element found. For https://www.flindersportholdings.com.au/blog/2016/03/04/new-solas-regulations-weigh-in-from-1-july/
2024-03-12 16:28:05,239 - WARNING - No <main> element found. For https://www.flindersportholdings.com.au/blog/2015/10/12/flinders-ports-launches-its-second-new-pilot-boat/
2024-03-12 16:28:05,395 - WARNING - No <main> element found. For https://www.flindersportholdings.com.au/blog/2015/09/28/flinders-ports-environment-award-winners-achievements-continue-as-2016-nominations-launch/
2024-03-12 16:28:05,527 - WARNING - No <main> element found. For https://www.flindersportholdings.com.au/blog/2015/09/21/flinders-adelaide-container-terminals-new-ship-to-shore-cranes-acknowledged-at-south-australian-awards/
2024-03-12 16:28:05,645 - WARNING - No <main> element found. For https://www.flindersportholdings.com.au/blog/2015/09/17/flindersports-wins-tech-award/
2024-03-12 16:28:05,782 - WARNING - No <main> element found. For https://www.flindersportholdings.com.au/blog/2015/09/15/flinders-ports-and-esri-scoop-technical-excellence-award/
2024-03-12 16:28:05,913 - WARNING - No <main> element found. For https://www.flindersportholdings.com.au/blog/2015/07/02/adelaide-gains-two-new-cranes/
2024-03-12 16:28:06,047 - WARNING - No <main> element found. For https://www.flindersportholdings.com.au/blog/2015/06/29/new-24m-ship-to-shore-box-cranes-for-adelaide/
2024-03-12 16:28:06,201 - WARNING - No <main> element found. For https://www.flindersportholdings.com.au/blog/2015/06/25/new-24-million-cranes-at-container-terminal-give-shipping-lines-a-boost/
2024-03-12 16:28:06,358 - WARNING - No <main> element found. For https://www.flindersportholdings.com.au/blog/2015/05/15/flinders-ports-launches-the-first-of-two-new-pilot-boats/
2024-03-12 16:28:06,496 - WARNING - No <main> element found. For https://www.flindersportholdings.com.au/blog/2015/05/07/flinders-ports-fuels-future-sa-energy-needs-with-additional-berth-facilities/
2024-03-12 16:28:06,631 - WARNING - No <main> element found. For https://www.flindersportholdings.com.au/blog/2015/05/04/flinders-ports-has-a-new-pilot-boat-named-for-proud-history/
2024-03-12 16:28:06,761 - WARNING - No <main> element found. For https://www.flindersportholdings.com.au/blog/2015/05/01/teen-green-thumb-is-a-young-achiever/
2024-03-12 16:28:06,908 - WARNING - No <main> element found. For https://www.flindersportholdings.com.au/blog/2015/05/01/flinders-ports-launches-first-of-two-new-pilot-boats/
2024-03-12 16:28:07,051 - WARNING - No <main> element found. For https://www.flindersportholdings.com.au/blog/2014/12/02/flinders-ports-chooses-esri-software-to-cover-all-bases/
2024-03-12 16:28:07,191 - WARNING - No <main> element found. For https://www.flindersportholdings.com.au/blog/2014/12/01/small-boats-should-steer-clear-of-big-ships/
2024-03-12 16:28:07,334 - WARNING - No <main> element found. For https://www.flindersportholdings.com.au/blog/2014/08/21/west-coast-sentinel-seafarers-centre-opened/
2024-03-12 16:28:07,471 - WARNING - No <main> element found. For https://www.flindersportholdings.com.au/blog/2014/06/18/flinders-ports-backs-local-students-through-museums-schools-program/
2024-03-12 16:28:07,601 - WARNING - No <main> element found. For https://www.flindersportholdings.com.au/blog/2014/06/01/a-three-step-approach-to-safe-boating/
2024-03-12 16:28:07,718 - WARNING - No <main> element found. For https://www.flindersportholdings.com.au/blog/2014/05/15/flinders-ports-recognised-internationally-for-safety/
2024-03-12 16:28:07,839 - WARNING - No <main> element found. For https://www.flindersportholdings.com.au/blog/2014/05/15/regional-ports-young-researcher-wins-flinders-ports-award/
2024-03-12 16:28:07,964 - WARNING - No <main> element found. For https://www.flindersportholdings.com.au/blog/2014/05/15/international-recognition-for-flinders-ports-on-safety/
2024-03-12 16:28:08,086 - WARNING - No <main> element found. For https://www.flindersportholdings.com.au/blog/2014/04/17/young-researcher-sarah-catalano-wins-flinders-ports-environment-award/
2024-03-12 16:28:08,220 - WARNING - No <main> element found. For https://www.flindersportholdings.com.au/blog/2014/04/03/htwp-contentuploadssa-nt-feature-state-election-delays-port-bonython-approval-pdf/
2024-03-12 16:28:08,350 - WARNING - No <main> element found. For https://www.flindersportholdings.com.au/blog/2014/01/07/beware-ships-in-the-night-on-port-river/
2024-03-12 16:28:08,480 - WARNING - No <main> element found. For https://www.flindersportholdings.com.au/blog/2013/12/13/mayor-tells-council-of-accelerated-interest-in-port/
2024-03-12 16:28:08,607 - WARNING - No <main> element found. For https://www.flindersportholdings.com.au/blog/2013/12/01/ports-in-a-storm/
2024-03-12 16:28:08,734 - WARNING - No <main> element found. For https://www.flindersportholdings.com.au/blog/2014/01/07/increasing-ship-numbers-behind-new-port-river-safety-campaign/
2024-03-12 16:28:08,866 - WARNING - No <main> element found. For https://www.flindersportholdings.com.au/blog/2013/10/04/environmental-impact-statement-for-port-bonython-project/
2024-03-12 16:28:08,996 - WARNING - No <main> element found. For https://www.flindersportholdings.com.au/blog/2013/10/04/port-bonython-project-predicted-to-add-10-2-billion-to-states-economy/
2024-03-12 16:28:09,143 - WARNING - No <main> element found. For https://www.flindersportholdings.com.au/blog/2013/08/08/flinders-ports-group-charts-course-to-support-local-community/
2024-03-12 16:28:09,289 - WARNING - No <main> element found. For https://www.flindersportholdings.com.au/blog/2013/05/08/800k-committed-to-research-into-vessel-management/
2024-03-12 16:28:09,422 - WARNING - No <main> element found. For https://www.flindersportholdings.com.au/blog/2013/05/01/deep-water-port-consortium-connects-with-stakeholders/
2024-03-12 16:28:09,547 - WARNING - No <main> element found. For https://www.flindersportholdings.com.au/blog/2013/01/29/fiinders-ports-restructures-for-a-shipshape-2013/
2024-03-12 16:28:09,678 - WARNING - No <main> element found. For https://www.flindersportholdings.com.au/blog/2012/08/09/crucial-south-australian-project-reaches-another-major-milestone/
2024-03-12 16:28:09,807 - WARNING - No <main> element found. For https://www.flindersportholdings.com.au/blog/2012/07/02/flinders-ports-acquires-sole-ownership-of-the-adelaide-container-terminal/
2024-03-12 16:28:09,930 - WARNING - No <main> element found. For https://www.flindersportholdings.com.au/blog/2012/03/01/major-south-australian-government-approval-for-crucial-state-infrastructure-project/
2024-03-12 16:28:10,075 - WARNING - No <main> element found. For https://www.flindersportholdings.com.au/blog/2011/08/23/global-firm-chosen-for-major-environmental-report-into-crucial-sa-infrastructure-project/
2024-03-12 16:28:10,217 - WARNING - No <main> element found. For https://www.flindersportholdings.com.au/blog/2011/05/16/crucial-new-state-infrastructure-project-takes-significant-step-forward/
2024-03-12 16:28:10,349 - WARNING - No <main> element found. For https://www.flindersportholdings.com.au/blog/2009/11/05/500-000-redevelopment-of-outer-harbor-passenger-terminal-completed/
2024-03-12 16:28:10,478 - WARNING - No <main> element found. For https://www.flindersportholdings.com.au/blog/2009/06/13/outer-harbor-passenger-terminal-to-receive-500000-facelift/
2024-03-12 16:28:10,603 - WARNING - No <main> element found. For https://www.flindersportholdings.com.au/blog/2009/04/27/major-export-boost-for-sa-as-first-stage-of-proposed-50-million-port-facility-unveiled/
2024-03-12 16:28:10,734 - WARNING - No <main> element found. For https://www.flindersportholdings.com.au/blog/2008/10/24/475-2/
2024-03-12 16:28:10,860 - WARNING - No <main> element found. For https://www.flindersportholdings.com.au/blog/2007/06/21/vital-us-shipping-service-for-states-main-sea-port/
2024-03-12 16:28:10,996 - WARNING - No <main> element found. For https://www.flindersportholdings.com.au/blog/2007/03/02/470-2/
2024-03-12 16:28:11,127 - WARNING - No <main> element found. For https://www.flindersportholdings.com.au/blog/2006/08/08/464-2/
2024-03-12 16:28:11,266 - WARNING - No <main> element found. For https://www.flindersportholdings.com.au/blog/2006/02/14/45-million-deepening-of-states-main-port-delivers-new-economic-opportunities-for-sa/
2024-03-12 16:28:11,398 - WARNING - No <main> element found. For https://www.flindersportholdings.com.au/blog/2005/11/30/462-2/
2024-03-12 16:28:11,528 - WARNING - No <main> element found. For https://www.flindersportholdings.com.au/blog/2005/11/22/adelaide-wins-national-best-port-title/
2024-03-12 16:28:11,675 - WARNING - No <main> element found. For https://www.flindersportholdings.com.au/blog/2005/09/08/ports-plan-a-critical-step-towards-regions-growth/
2024-03-12 16:28:11,795 - WARNING - No <main> element found. For https://www.flindersportholdings.com.au/blog/2005/03/11/new-economic-era-dawns-sa-commits-channel-deepening/
2024-03-12 16:28:11,919 - WARNING - No <main> element found. For https://www.flindersportholdings.com.au/blog/2005/01/31/454-2/
2024-03-12 16:28:12,040 - WARNING - No <main> element found. For https://www.flindersportholdings.com.au/blog/2005/01/14/new-victorian-threat-beat-south-australia-channel-dredging/
2024-03-12 16:28:12,176 - WARNING - No <main> element found. For https://www.flindersportholdings.com.au/blog/2005/01/07/443-2/
2024-03-12 16:28:12,313 - WARNING - No <main> element found. For https://www.flindersportholdings.com.au/blog/2003/05/09/port-competition/
2024-03-12 16:28:12,469 - WARNING - No <main> element found. For https://www.flindersportholdings.com.au/blog/2003/04/30/investigator-science-centres-port-education-program/
2024-03-12 16:28:12,610 - WARNING - No <main> element found. For https://www.flindersportholdings.com.au/blog/2003/04/28/dredging-would-bring-sa-800m/
2024-03-12 16:28:12,766 - WARNING - No <main> element found. For https://www.flindersportholdings.com.au/blog/2003/04/16/direct-us-liner-service-boost-for-sa/
2024-03-12 16:28:12,901 - WARNING - No <main> element found. For https://www.flindersportholdings.com.au/blog/2003/02/17/432-2/
2024-03-12 16:28:13,040 - WARNING - No <main> element found. For https://www.flindersportholdings.com.au/blog/2003/01/30/record-year-of-trade-activity-through-south-australian-ports/
2024-03-12 16:28:13,176 - WARNING - No <main> element found. For https://www.flindersportholdings.com.au/blog/2003/01/21/sa-port-starts-strongly/
2024-03-12 16:28:13,315 - WARNING - No <main> element found. For https://www.flindersportholdings.com.au/blog/2002/09/27/adelaide-wins-pasminco-metal-loading-business/
2024-03-12 16:28:13,474 - WARNING - No <main> element found. For https://www.flindersportholdings.com.au/blog/2002/09/27/400-million-plan-to-redevelop-outer-harbor/
2024-03-12 16:28:13,632 - WARNING - No <main> element found. For https://www.flindersportholdings.com.au/blog/2022/05/03/national-resource-review/
2024-03-12 16:28:13,794 - WARNING - No <main> element found. For https://www.flindersportholdings.com.au/blog/2022/05/24/safe-to-work-magazine/
2024-03-12 16:28:13,930 - WARNING - No <main> element found. For https://www.flindersportholdings.com.au/blog/2022/06/30/50-year-masterplan-overview/
2024-03-12 16:28:14,072 - WARNING - No <main> element found. For https://www.flindersportholdings.com.au/blog/2022/10/12/resources-review-feature/
2024-03-12 16:28:14,228 - WARNING - No <main> element found. For https://www.flindersportholdings.com.au/blog/2022/11/18/green-review-feature/
2024-03-12 16:28:14,373 - WARNING - No <main> element found. For https://www.flindersportholdings.com.au/blog/2023/03/10/synergy-iq-podcast-with-stewart-lammin/
2024-03-12 16:28:14,526 - WARNING - No <main> element found. For https://www.flindersportholdings.com.au/blog/2023/03/16/flinders-youth-travel-grants-scheme-for-2023/
2024-03-12 16:28:14,691 - WARNING - No <main> element found. For https://www.flindersportholdings.com.au/blog/2023/04/19/fta-across-boarders-magazine-2/
2024-03-12 16:28:14,826 - WARNING - No <main> element found. For https://www.flindersportholdings.com.au/blog/2023/04/18/fta-across-boarders-magazine/
2024-03-12 16:28:14,950 - WARNING - No <main> element found. For https://www.flindersportholdings.com.au/blog/2023/05/15/green-review-magazine/
2024-03-12 16:28:15,169 - WARNING - No <main> element found. For https://www.flindersportholdings.com.au/blog/2023/06/01/the-early-days-of-shipping/
2024-03-12 16:28:15,308 - WARNING - No <main> element found. For https://www.flindersportholdings.com.au/blog/2023/06/30/national-resource-review-magazine/
2024-03-12 16:28:15,481 - WARNING - No <main> element found. For https://www.flindersportholdings.com.au/blog/2023/09/21/flinders-ports-to-upgrade-its-pilot-vessel-fleet/
2024-03-12 16:28:15,628 - WARNING - No <main> element found. For https://www.flindersportholdings.com.au/blog/2023/10/13/it-wasnt-even-the-13th/
2024-03-12 16:28:15,816 - WARNING - No <main> element found. For https://www.flindersportholdings.com.au/blog/2024/02/08/fph-welcomes-pv-spirit-to-its-fleet/
2024-03-12 16:28:15,931 - WARNING - No <main> element found. For https://www.flindersportholdings.com.au/blog/2024/02/15/flinders-ports-announcement/
2024-03-12 16:28:15,933 - INFO - Scraping page-sitemap...
2024-03-12 16:28:16,125 - WARNING - No <main> element found. For https://www.flindersportholdings.com.au/
2024-03-12 16:28:16,427 - WARNING - Some characters could not be decoded, and were replaced with REPLACEMENT CHARACTER.
2024-03-12 16:28:16,440 - WARNING - No <main> element found. For https://www.flindersportholdings.com.au/privacy-policy/
2024-03-12 16:28:16,575 - WARNING - No <main> element found. For https://www.flindersportholdings.com.au/news-adelaide-container-terminal/
2024-03-12 16:28:16,763 - WARNING - No <main> element found. For https://www.flindersportholdings.com.au/news-warehousing-distribution/
2024-03-12 16:28:16,921 - WARNING - No <main> element found. For https://www.flindersportholdings.com.au/australia-asia-alliance-aaa2/
2024-03-12 16:28:17,053 - WARNING - No <main> element found. For https://www.flindersportholdings.com.au/australia-south-asia-lane-asal/
2024-03-12 16:28:17,209 - WARNING - No <main> element found. For https://www.flindersportholdings.com.au/australia-asia-express-aax2/
2024-03-12 16:28:17,399 - WARNING - No <main> element found. For https://www.flindersportholdings.com.au/news-logistics/
2024-03-12 16:28:17,560 - WARNING - No <main> element found. For https://www.flindersportholdings.com.au/news-hydro-survey/
2024-03-12 16:28:17,767 - WARNING - No <main> element found. For https://www.flindersportholdings.com.au/news/
2024-03-12 16:28:17,941 - WARNING - No <main> element found. For https://www.flindersportholdings.com.au/flinders-logistics/
2024-03-12 16:28:18,103 - WARNING - No <main> element found. For https://www.flindersportholdings.com.au/logistics-services/
2024-03-12 16:28:18,277 - WARNING - No <main> element found. For https://www.flindersportholdings.com.au/flinders-hydrosurvey/
2024-03-12 16:28:18,473 - WARNING - No <main> element found. For https://www.flindersportholdings.com.au/news-flinders-ports/
2024-03-12 16:28:18,625 - WARNING - No <main> element found. For https://www.flindersportholdings.com.au/projects/
2024-03-12 16:28:18,806 - WARNING - No <main> element found. For https://www.flindersportholdings.com.au/port-service-providers/
2024-03-12 16:28:18,971 - WARNING - No <main> element found. For https://www.flindersportholdings.com.au/flinders-warehousing-distribution/
2024-03-12 16:28:19,141 - WARNING - No <main> element found. For https://www.flindersportholdings.com.au/hydrosurvey-services/
2024-03-12 16:28:19,290 - WARNING - No <main> element found. For https://www.flindersportholdings.com.au/adelaide-container-terminal-services/
2024-03-12 16:28:19,464 - WARNING - No <main> element found. For https://www.flindersportholdings.com.au/community/
2024-03-12 16:28:19,593 - WARNING - No <main> element found. For https://www.flindersportholdings.com.au/msc-capricorn-service/
2024-03-12 16:28:19,736 - WARNING - No <main> element found. For https://www.flindersportholdings.com.au/msc-aex-cma-newmo-northbound/
2024-03-12 16:28:19,868 - WARNING - No <main> element found. For https://www.flindersportholdings.com.au/msc-aex-cma-newmo-southbound/
2024-03-12 16:28:20,034 - WARNING - No <main> element found. For https://www.flindersportholdings.com.au/oceania-vsa-seattle-papeete-loop/
2024-03-12 16:28:20,170 - WARNING - No <main> element found. For https://www.flindersportholdings.com.au/oceania-vsa-adelaide-vancouver-loop/
2024-03-12 16:28:20,320 - WARNING - No <main> element found. For https://www.flindersportholdings.com.au/australia-asia-express-south-aax-s/
2024-03-12 16:28:20,451 - WARNING - No <main> element found. For https://www.flindersportholdings.com.au/contact/
2024-03-12 16:28:20,598 - WARNING - No <main> element found. For https://www.flindersportholdings.com.au/port-adelaide/
2024-03-12 16:28:20,728 - WARNING - No <main> element found. For https://www.flindersportholdings.com.au/port-giles/
2024-03-12 16:28:20,865 - WARNING - No <main> element found. For https://www.flindersportholdings.com.au/covid-19/
2024-03-12 16:28:21,007 - WARNING - No <main> element found. For https://www.flindersportholdings.com.au/passenger-information/
2024-03-12 16:28:21,169 - WARNING - No <main> element found. For https://www.flindersportholdings.com.au/ports-community/
2024-03-12 16:28:21,321 - WARNING - No <main> element found. For https://www.flindersportholdings.com.au/ports-security/
2024-03-12 16:28:21,488 - WARNING - No <main> element found. For https://www.flindersportholdings.com.au/flinders-ports-info-hub/
2024-03-12 16:28:21,674 - WARNING - No <main> element found. For https://www.flindersportholdings.com.au/about/
2024-03-12 16:28:21,815 - WARNING - No <main> element found. For https://www.flindersportholdings.com.au/flinders-adelaide-container-terminal/
2024-03-12 16:28:21,977 - WARNING - No <main> element found. For https://www.flindersportholdings.com.au/warehousing-and-distribution-services/
2024-03-12 16:28:22,135 - WARNING - No <main> element found. For https://www.flindersportholdings.com.au/flinders-ports/
2024-03-12 16:28:22,305 - WARNING - No <main> element found. For https://www.flindersportholdings.com.au/thevenard/
2024-03-12 16:28:22,453 - WARNING - No <main> element found. For https://www.flindersportholdings.com.au/klein-point/
2024-03-12 16:28:22,594 - WARNING - No <main> element found. For https://www.flindersportholdings.com.au/wallaroo/
2024-03-12 16:28:22,737 - WARNING - No <main> element found. For https://www.flindersportholdings.com.au/port-lincoln/
2024-03-12 16:28:22,899 - WARNING - No <main> element found. For https://www.flindersportholdings.com.au/port-pirie/
2024-03-12 16:28:23,054 - WARNING - No <main> element found. For https://www.flindersportholdings.com.au/ports-services/
2024-03-12 16:28:23,219 - WARNING - No <main> element found. For https://www.flindersportholdings.com.au/port-statistics/
2024-03-12 16:28:23,370 - WARNING - No <main> element found. For https://www.flindersportholdings.com.au/graduate-program/
2024-03-12 16:28:23,520 - WARNING - No <main> element found. For https://www.flindersportholdings.com.au/sustainability/
2024-03-12 16:28:23,664 - WARNING - No <main> element found. For https://www.flindersportholdings.com.au/adelaide-vts/
2024-03-12 16:28:23,842 - WARNING - No <main> element found. For https://www.flindersportholdings.com.au/pilot-information/
2024-03-12 16:28:23,851 - INFO - Scraping portfolio-sitemap...
2024-03-12 16:28:24,000 - WARNING - No <main> element found. For https://www.flindersportholdings.com.au/portfolio/outer-harbor-channel-widening-project/
2024-03-12 16:28:24,132 - WARNING - No <main> element found. For https://www.flindersportholdings.com.au/portfolio/port-lincoln-automated-gate-installation/
2024-03-12 16:28:24,268 - WARNING - No <main> element found. For https://www.flindersportholdings.com.au/portfolio/port-pirie-improvement-works/
2024-03-12 16:28:24,275 - INFO - Scraping category-sitemap...
2024-03-12 16:28:24,397 - WARNING - No <main> element found. For https://www.flindersportholdings.com.au/blog/category/awards/
2024-03-12 16:28:24,528 - WARNING - No <main> element found. For https://www.flindersportholdings.com.au/blog/category/flinders-adelaide-container-terminal/
2024-03-12 16:28:24,656 - WARNING - No <main> element found. For https://www.flindersportholdings.com.au/blog/category/flinders-logistics/
2024-03-12 16:28:24,780 - WARNING - No <main> element found. For https://www.flindersportholdings.com.au/blog/category/flinders-port-holdings/
2024-03-12 16:28:24,919 - WARNING - No <main> element found. For https://www.flindersportholdings.com.au/blog/category/flinders-ports/
2024-03-12 16:28:25,040 - WARNING - No <main> element found. For https://www.flindersportholdings.com.au/blog/category/hydrosurvey/
2024-03-12 16:28:25,193 - WARNING - No <main> element found. For https://www.flindersportholdings.com.au/blog/category/in-the-news/
2024-03-12 16:28:25,345 - WARNING - No <main> element found. For https://www.flindersportholdings.com.au/blog/category/media-releases/
2024-03-12 16:28:25,477 - WARNING - No <main> element found. For https://www.flindersportholdings.com.au/blog/category/flinders-news/
2024-03-12 16:28:25,606 - WARNING - No <main> element found. For https://www.flindersportholdings.com.au/blog/category/news/
2024-03-12 16:28:25,610 - INFO - Scraping project-type-sitemap...
2024-03-12 16:28:25,735 - WARNING - No <main> element found. For https://www.flindersportholdings.com.au/blog/project-type/projects/
2024-03-12 16:28:25,740 - INFO - Scraping author-sitemap...
2024-03-12 16:28:25,878 - WARNING - No <main> element found. For https://www.flindersportholdings.com.au/blog/author/d7caf2b88bd1bf46/
2024-03-12 16:28:26,062 - WARNING - No <main> element found. For https://www.flindersportholdings.com.au/blog/author/20095fbfbac57e58/
2024-03-12 16:28:26,191 - WARNING - No <main> element found. For https://www.flindersportholdings.com.au/blog/author/149b27c009aa91c0/
2024-03-12 16:28:26,194 - INFO - Finish Scrapping in: 35.597902059555054 seconds.
